2018-11-30 19:19:13.750166: I tensorflow/core/platform/cpu_feature_guard.cc:141] Your CPU supports instructions that this TensorFlow binary was not compiled to use: AVX2 FMA
300
Pre-trained: 26838 (92.18%)
(?, 100, 128)
[epoch 0, batch 10]Loss:0.12679916620254517
[epoch 0, batch 20]Loss:0.2563803195953369
[epoch 0, batch 30]Loss:0.14567109942436218
[epoch 0, batch 40]Loss:0.1677083969116211
[epoch 0, batch 50]Loss:0.31029611825942993
[epoch 0, batch 60]Loss:0.24352005124092102
[epoch 0, batch 70]Loss:0.2837463319301605
[epoch 0, batch 80]Loss:0.14503443241119385
[epoch 0, batch 90]Loss:0.16514819860458374
[epoch 0, batch 100]Loss:0.21387675404548645
[epoch 0, batch 110]Loss:0.1681303232908249
[epoch 0, batch 120]Loss:0.14340566098690033
[epoch 0, batch 130]Loss:0.14746704697608948
[epoch 0, batch 140]Loss:0.08570505678653717
[epoch 0, batch 150]Loss:0.230930894613266
[epoch 0, batch 160]Loss:0.44488200545310974
[train] MAP:0.607650818457862, MRR:0.6124034478852116
[eval] MAP:0.6727891156462585, MRR:0.6750377928949357
[epoch 1, batch 10]Loss:0.23836234211921692
[epoch 1, batch 20]Loss:0.2332158088684082
[epoch 1, batch 30]Loss:0.24086721241474152
[epoch 1, batch 40]Loss:0.100872702896595
[epoch 1, batch 50]Loss:0.1210600882768631
[epoch 1, batch 60]Loss:0.15809550881385803
[epoch 1, batch 70]Loss:0.2238481640815735
[epoch 1, batch 80]Loss:0.18358522653579712
[epoch 1, batch 90]Loss:0.2958378493785858
[epoch 1, batch 100]Loss:0.17070330679416656
[epoch 1, batch 110]Loss:0.17649856209754944
[epoch 1, batch 120]Loss:0.25205206871032715
[epoch 1, batch 130]Loss:0.2947631776332855
[epoch 1, batch 140]Loss:0.21466180682182312
[epoch 1, batch 150]Loss:0.2653502821922302
[epoch 1, batch 160]Loss:0.07046397030353546
[train] MAP:0.607650818457862, MRR:0.6124034478852116
[eval] MAP:0.6727891156462585, MRR:0.6750377928949357
[epoch 2, batch 10]Loss:0.19455067813396454
[epoch 2, batch 20]Loss:0.1847183108329773
[epoch 2, batch 30]Loss:0.19546078145503998
[epoch 2, batch 40]Loss:0.29781514406204224
[epoch 2, batch 50]Loss:0.17735964059829712
[epoch 2, batch 60]Loss:0.21946293115615845
[epoch 2, batch 70]Loss:0.35396987199783325
[epoch 2, batch 80]Loss:0.1306762397289276
[epoch 2, batch 90]Loss:0.1440516859292984
[epoch 2, batch 100]Loss:0.29621732234954834
[epoch 2, batch 110]Loss:0.12123885750770569
[epoch 2, batch 120]Loss:0.1903192549943924
[epoch 2, batch 130]Loss:0.1599806547164917
[epoch 2, batch 140]Loss:0.24080422520637512
[epoch 2, batch 150]Loss:0.13182304799556732
[epoch 2, batch 160]Loss:0.6976653933525085
[train] MAP:0.607650818457862, MRR:0.6124034478852116
[eval] MAP:0.6727891156462585, MRR:0.6750377928949357
[epoch 3, batch 10]Loss:0.2391946017742157
[epoch 3, batch 20]Loss:0.17839056253433228
[epoch 3, batch 30]Loss:0.23531313240528107
[epoch 3, batch 40]Loss:0.21873041987419128
[epoch 3, batch 50]Loss:0.20866620540618896
[epoch 3, batch 60]Loss:0.2766392230987549
[epoch 3, batch 70]Loss:0.17843875288963318
[epoch 3, batch 80]Loss:0.17958128452301025
[epoch 3, batch 90]Loss:0.19327324628829956
[epoch 3, batch 100]Loss:0.213219553232193
[epoch 3, batch 110]Loss:0.18305405974388123
[epoch 3, batch 120]Loss:0.2637117803096771
[epoch 3, batch 130]Loss:0.13640351593494415
[epoch 3, batch 140]Loss:0.11873184889554977
[epoch 3, batch 150]Loss:0.14100606739521027
[epoch 3, batch 160]Loss:0.374682754278183
[train] MAP:0.607650818457862, MRR:0.6124034478852116
[eval] MAP:0.6727891156462585, MRR:0.6750377928949357
[epoch 4, batch 10]Loss:0.09852239489555359
[epoch 4, batch 20]Loss:0.23911836743354797
[epoch 4, batch 30]Loss:0.19171692430973053
[epoch 4, batch 40]Loss:0.11347971111536026
[epoch 4, batch 50]Loss:0.21422791481018066
[epoch 4, batch 60]Loss:0.16330382227897644
[epoch 4, batch 70]Loss:0.1479170024394989
[epoch 4, batch 80]Loss:0.22543446719646454
[epoch 4, batch 90]Loss:0.11563729494810104
[epoch 4, batch 100]Loss:0.23661227524280548
[epoch 4, batch 110]Loss:0.23599940538406372
[epoch 4, batch 120]Loss:0.2061951756477356
[epoch 4, batch 130]Loss:0.20214608311653137
[epoch 4, batch 140]Loss:0.1856589913368225
[epoch 4, batch 150]Loss:0.2000923901796341
[epoch 4, batch 160]Loss:0.0856955349445343
[train] MAP:0.607650818457862, MRR:0.6124034478852116
[eval] MAP:0.6727891156462585, MRR:0.6750377928949357
[epoch 5, batch 10]Loss:0.19748333096504211
[epoch 5, batch 20]Loss:0.13746020197868347
[epoch 5, batch 30]Loss:0.20301148295402527
[epoch 5, batch 40]Loss:0.1817156821489334
[epoch 5, batch 50]Loss:0.18071100115776062
[epoch 5, batch 60]Loss:0.2175338864326477
[epoch 5, batch 70]Loss:0.16728246212005615
[epoch 5, batch 80]Loss:0.22954627871513367
[epoch 5, batch 90]Loss:0.17355000972747803
[epoch 5, batch 100]Loss:0.1499357521533966
[epoch 5, batch 110]Loss:0.13014337420463562
[epoch 5, batch 120]Loss:0.08677969872951508
[epoch 5, batch 130]Loss:0.12739913165569305
[epoch 5, batch 140]Loss:0.1932578831911087
[epoch 5, batch 150]Loss:0.14967341721057892
[epoch 5, batch 160]Loss:0.6511319279670715
[train] MAP:0.6080137451667222, MRR:0.6124034478852116
[eval] MAP:0.6727891156462585, MRR:0.6750377928949357
[epoch 6, batch 10]Loss:0.086257204413414
[epoch 6, batch 20]Loss:0.17708560824394226
[epoch 6, batch 30]Loss:0.1863768994808197
[epoch 6, batch 40]Loss:0.20687532424926758
[epoch 6, batch 50]Loss:0.23165294528007507
[epoch 6, batch 60]Loss:0.17726150155067444
[epoch 6, batch 70]Loss:0.08958425372838974
[epoch 6, batch 80]Loss:0.22028173506259918
[epoch 6, batch 90]Loss:0.2701776623725891
[epoch 6, batch 100]Loss:0.19879944622516632
[epoch 6, batch 110]Loss:0.14041508734226227
[epoch 6, batch 120]Loss:0.15129032731056213
[epoch 6, batch 130]Loss:0.2290554940700531
[epoch 6, batch 140]Loss:0.20661959052085876
[epoch 6, batch 150]Loss:0.20458278059959412
[epoch 6, batch 160]Loss:0.04835086315870285
[train] MAP:0.607650818457862, MRR:0.6124034478852116
[eval] MAP:0.6727891156462585, MRR:0.6750377928949357
[epoch 7, batch 10]Loss:0.10841327905654907
[epoch 7, batch 20]Loss:0.2448905110359192
[epoch 7, batch 30]Loss:0.09737497568130493
[epoch 7, batch 40]Loss:0.16633522510528564
[epoch 7, batch 50]Loss:0.30004024505615234
[epoch 7, batch 60]Loss:0.16554023325443268
[epoch 7, batch 70]Loss:0.21397429704666138
[epoch 7, batch 80]Loss:0.16594862937927246
[epoch 7, batch 90]Loss:0.15256503224372864
[epoch 7, batch 100]Loss:0.22015038132667542
[epoch 7, batch 110]Loss:0.14955726265907288
[epoch 7, batch 120]Loss:0.1461912989616394
[epoch 7, batch 130]Loss:0.1665809601545334
[epoch 7, batch 140]Loss:0.1459643691778183
[epoch 7, batch 150]Loss:0.15035872161388397
[epoch 7, batch 160]Loss:0.031239300966262817
[train] MAP:0.6082235561440017, MRR:0.6129761855713514
[eval] MAP:0.6727891156462585, MRR:0.6750377928949357
[epoch 8, batch 10]Loss:0.17784495651721954
[epoch 8, batch 20]Loss:0.13561734557151794
[epoch 8, batch 30]Loss:0.18692678213119507
[epoch 8, batch 40]Loss:0.10395633429288864
[epoch 8, batch 50]Loss:0.10687947273254395
[epoch 8, batch 60]Loss:0.14308646321296692
[epoch 8, batch 70]Loss:0.1939300000667572
[epoch 8, batch 80]Loss:0.16041511297225952
[epoch 8, batch 90]Loss:0.20018430054187775
[epoch 8, batch 100]Loss:0.1621805727481842
[epoch 8, batch 110]Loss:0.12567026913166046
[epoch 8, batch 120]Loss:0.2964894473552704
[epoch 8, batch 130]Loss:0.1277810037136078
[epoch 8, batch 140]Loss:0.22698113322257996
[epoch 8, batch 150]Loss:0.3579988479614258
[epoch 8, batch 160]Loss:0.0952836126089096
[train] MAP:0.6082235561440017, MRR:0.6129761855713514
[eval] MAP:0.6727891156462585, MRR:0.6750377928949357
[epoch 9, batch 10]Loss:0.15845420956611633
[epoch 9, batch 20]Loss:0.20991678535938263
[epoch 9, batch 30]Loss:0.14419785141944885
[epoch 9, batch 40]Loss:0.14821726083755493
[epoch 9, batch 50]Loss:0.13873542845249176
[epoch 9, batch 60]Loss:0.08340655267238617
[epoch 9, batch 70]Loss:0.10279937833547592
[epoch 9, batch 80]Loss:0.16467991471290588
[epoch 9, batch 90]Loss:0.2507869005203247
[epoch 9, batch 100]Loss:0.12554726004600525
[epoch 9, batch 110]Loss:0.21182569861412048
[epoch 9, batch 120]Loss:0.10769502818584442
[epoch 9, batch 130]Loss:0.18324647843837738
[epoch 9, batch 140]Loss:0.15515339374542236
[epoch 9, batch 150]Loss:0.1460796445608139
[epoch 9, batch 160]Loss:0.1964285522699356
[train] MAP:0.6168947458003005, MRR:0.6227244747010839
[eval] MAP:0.6767573696145125, MRR:0.6790060468631897
[epoch 10, batch 10]Loss:0.1462312489748001
[epoch 10, batch 20]Loss:0.10757003724575043
[epoch 10, batch 30]Loss:0.16190160810947418
[epoch 10, batch 40]Loss:0.14056652784347534
[epoch 10, batch 50]Loss:0.12528641521930695
[epoch 10, batch 60]Loss:0.1848718672990799
[epoch 10, batch 70]Loss:0.11990804970264435
[epoch 10, batch 80]Loss:0.0980253741145134
[epoch 10, batch 90]Loss:0.10932266712188721
[epoch 10, batch 100]Loss:0.20220017433166504
[epoch 10, batch 110]Loss:0.1852089762687683
[epoch 10, batch 120]Loss:0.17163054645061493
[epoch 10, batch 130]Loss:0.05204201117157936
[epoch 10, batch 140]Loss:0.12989038228988647
[epoch 10, batch 150]Loss:0.23588526248931885
[epoch 10, batch 160]Loss:0.05975551903247833
[train] MAP:0.6122327199469799, MRR:0.6169853493743297
[eval] MAP:0.6727891156462585, MRR:0.6750377928949357
[epoch 11, batch 10]Loss:0.24582132697105408
[epoch 11, batch 20]Loss:0.2047480195760727
[epoch 11, batch 30]Loss:0.18574176728725433
[epoch 11, batch 40]Loss:0.12370644509792328
[epoch 11, batch 50]Loss:0.1068352535367012
[epoch 11, batch 60]Loss:0.11273813247680664
[epoch 11, batch 70]Loss:0.16372713446617126
[epoch 11, batch 80]Loss:0.10643895715475082
[epoch 11, batch 90]Loss:0.08828108012676239
[epoch 11, batch 100]Loss:0.22969365119934082
[epoch 11, batch 110]Loss:0.16123050451278687
[epoch 11, batch 120]Loss:0.19421957433223724
[epoch 11, batch 130]Loss:0.16065022349357605
[epoch 11, batch 140]Loss:0.3346834182739258
[epoch 11, batch 150]Loss:0.07000599801540375
[epoch 11, batch 160]Loss:0.3903157413005829
[train] MAP:0.6544771440683478, MRR:0.659383847528842
[eval] MAP:0.6758440413202318, MRR:0.676108591584782
[epoch 12, batch 10]Loss:0.2753969728946686
[epoch 12, batch 20]Loss:0.1140897274017334
[epoch 12, batch 30]Loss:0.10188209265470505
[epoch 12, batch 40]Loss:0.16925489902496338
[epoch 12, batch 50]Loss:0.11835478991270065
[epoch 12, batch 60]Loss:0.10163608193397522
[epoch 12, batch 70]Loss:0.19252917170524597
[epoch 12, batch 80]Loss:0.15763086080551147
[epoch 12, batch 90]Loss:0.13117744028568268
[epoch 12, batch 100]Loss:0.20550264418125153
[epoch 12, batch 110]Loss:0.16013742983341217
[epoch 12, batch 120]Loss:0.11741659045219421
[epoch 12, batch 130]Loss:0.21821805834770203
[epoch 12, batch 140]Loss:0.15709875524044037
[epoch 12, batch 150]Loss:0.17531195282936096
[epoch 12, batch 160]Loss:0.039399974048137665
[train] MAP:0.6200794476963425, MRR:0.6259751282094695
[eval] MAP:0.6820483749055178, MRR:0.684297052154195
[epoch 13, batch 10]Loss:0.09318472445011139
[epoch 13, batch 20]Loss:0.1325969099998474
[epoch 13, batch 30]Loss:0.3498491644859314
[epoch 13, batch 40]Loss:0.19938994944095612
[epoch 13, batch 50]Loss:0.1792963743209839
[epoch 13, batch 60]Loss:0.2466886341571808
[epoch 13, batch 70]Loss:0.18078729510307312
[epoch 13, batch 80]Loss:0.18912507593631744
[epoch 13, batch 90]Loss:0.1713283658027649
[epoch 13, batch 100]Loss:0.13984954357147217
[epoch 13, batch 110]Loss:0.2316875159740448
[epoch 13, batch 120]Loss:0.20510920882225037
[epoch 13, batch 130]Loss:0.05812911316752434
[epoch 13, batch 140]Loss:0.07408367097377777
[epoch 13, batch 150]Loss:0.11167921125888824
[epoch 13, batch 160]Loss:0.05462118238210678
[train] MAP:0.6382320504709387, MRR:0.6447131961743421
[eval] MAP:0.6727891156462585, MRR:0.6750377928949357
[epoch 14, batch 10]Loss:0.1630186140537262
[epoch 14, batch 20]Loss:0.1799546182155609
[epoch 14, batch 30]Loss:0.1415816992521286
[epoch 14, batch 40]Loss:0.13740167021751404
[epoch 14, batch 50]Loss:0.12838028371334076
[epoch 14, batch 60]Loss:0.21946564316749573
[epoch 14, batch 70]Loss:0.09858190268278122
[epoch 14, batch 80]Loss:0.18155987560749054
[epoch 14, batch 90]Loss:0.11955007910728455
[epoch 14, batch 100]Loss:0.17371246218681335
[epoch 14, batch 110]Loss:0.23154541850090027
[epoch 14, batch 120]Loss:0.2027857005596161
[epoch 14, batch 130]Loss:0.10085933655500412
[epoch 14, batch 140]Loss:0.15054956078529358
[epoch 14, batch 150]Loss:0.14274054765701294
[epoch 14, batch 160]Loss:0.048483707010746
[train] MAP:0.6495548104518561, MRR:0.6565211381369231
[eval] MAP:0.6780801209372639, MRR:0.680328798185941
[epoch 15, batch 10]Loss:0.1298408806324005
[epoch 15, batch 20]Loss:0.15118512511253357
[epoch 15, batch 30]Loss:0.2422766536474228
[epoch 15, batch 40]Loss:0.11150297522544861
[epoch 15, batch 50]Loss:0.20467031002044678
[epoch 15, batch 60]Loss:0.13387741148471832
[epoch 15, batch 70]Loss:0.14731812477111816
[epoch 15, batch 80]Loss:0.15510717034339905
[epoch 15, batch 90]Loss:0.17080983519554138
[epoch 15, batch 100]Loss:0.20030364394187927
[epoch 15, batch 110]Loss:0.09043258428573608
[epoch 15, batch 120]Loss:0.20657944679260254
[epoch 15, batch 130]Loss:0.10623659193515778
[epoch 15, batch 140]Loss:0.06886124610900879
[epoch 15, batch 150]Loss:0.12624679505825043
[epoch 15, batch 160]Loss:0.011568746529519558
[train] MAP:0.6376327971511814, MRR:0.6441118216038952
[eval] MAP:0.6688208616780046, MRR:0.6710695389266819
[epoch 16, batch 10]Loss:0.13453173637390137
[epoch 16, batch 20]Loss:0.2509440779685974
[epoch 16, batch 30]Loss:0.2039501667022705
[epoch 16, batch 40]Loss:0.09803555905818939
[epoch 16, batch 50]Loss:0.11315903067588806
[epoch 16, batch 60]Loss:0.08779054880142212
[epoch 16, batch 70]Loss:0.23033367097377777
[epoch 16, batch 80]Loss:0.1670212745666504
[epoch 16, batch 90]Loss:0.2922077178955078
[epoch 16, batch 100]Loss:0.05291692167520523
[epoch 16, batch 110]Loss:0.12778283655643463
[epoch 16, batch 120]Loss:0.1244928389787674
[epoch 16, batch 130]Loss:0.14076034724712372
[epoch 16, batch 140]Loss:0.07069367170333862
[epoch 16, batch 150]Loss:0.12364883720874786
[epoch 16, batch 160]Loss:0.05095307528972626
[train] MAP:0.6448518461555356, MRR:0.6539424548881368
[eval] MAP:0.6741118669690097, MRR:0.6763605442176871
[epoch 17, batch 10]Loss:0.1642860472202301
[epoch 17, batch 20]Loss:0.1765340119600296
[epoch 17, batch 30]Loss:0.10597451031208038
[epoch 17, batch 40]Loss:0.11607617139816284
[epoch 17, batch 50]Loss:0.18389233946800232
[epoch 17, batch 60]Loss:0.1298937350511551
[epoch 17, batch 70]Loss:0.1344967931509018
[epoch 17, batch 80]Loss:0.21705171465873718
[epoch 17, batch 90]Loss:0.1323021501302719
[epoch 17, batch 100]Loss:0.16865336894989014
[epoch 17, batch 110]Loss:0.2524825930595398
[epoch 17, batch 120]Loss:0.11240603774785995
[epoch 17, batch 130]Loss:0.07911114394664764
[epoch 17, batch 140]Loss:0.19041708111763
[epoch 17, batch 150]Loss:0.1401863992214203
[epoch 17, batch 160]Loss:0.038731649518013
[train] MAP:0.6447898270458974, MRR:0.6540188199129552
[eval] MAP:0.6780801209372639, MRR:0.680328798185941
[epoch 18, batch 10]Loss:0.08397270739078522
[epoch 18, batch 20]Loss:0.08846402168273926
[epoch 18, batch 30]Loss:0.10384279489517212
[epoch 18, batch 40]Loss:0.12822771072387695
[epoch 18, batch 50]Loss:0.09580239653587341
[epoch 18, batch 60]Loss:0.07774326205253601
[epoch 18, batch 70]Loss:0.1951773315668106
[epoch 18, batch 80]Loss:0.12861669063568115
[epoch 18, batch 90]Loss:0.11323666572570801
[epoch 18, batch 100]Loss:0.15046018362045288
[epoch 18, batch 110]Loss:0.14705811440944672
[epoch 18, batch 120]Loss:0.14998193085193634
[epoch 18, batch 130]Loss:0.11059153079986572
[epoch 18, batch 140]Loss:0.12954220175743103
[epoch 18, batch 150]Loss:0.19262941181659698
[epoch 18, batch 160]Loss:0.3678903877735138
[train] MAP:0.6695285481906896, MRR:0.6794881466279864
[eval] MAP:0.6741118669690097, MRR:0.6763605442176871
[epoch 19, batch 10]Loss:0.2046702802181244
[epoch 19, batch 20]Loss:0.0757330134510994
[epoch 19, batch 30]Loss:0.06686441600322723
[epoch 19, batch 40]Loss:0.17349030077457428
[epoch 19, batch 50]Loss:0.13010747730731964
[epoch 19, batch 60]Loss:0.21276386082172394
[epoch 19, batch 70]Loss:0.0956299901008606
[epoch 19, batch 80]Loss:0.14932116866111755
[epoch 19, batch 90]Loss:0.08834320306777954
[epoch 19, batch 100]Loss:0.08241643011569977
[epoch 19, batch 110]Loss:0.14988651871681213
[epoch 19, batch 120]Loss:0.12382939457893372
[epoch 19, batch 130]Loss:0.0437997430562973
[epoch 19, batch 140]Loss:0.1442352831363678
[epoch 19, batch 150]Loss:0.10250638425350189
[epoch 19, batch 160]Loss:0.07960359007120132
[train] MAP:0.6722960227508331, MRR:0.6828577533481085
[eval] MAP:0.6741118669690097, MRR:0.6763605442176871
[epoch 20, batch 10]Loss:0.11635881662368774
[epoch 20, batch 20]Loss:0.1109161227941513
[epoch 20, batch 30]Loss:0.17427009344100952
[epoch 20, batch 40]Loss:0.09905320405960083
[epoch 20, batch 50]Loss:0.13937941193580627
[epoch 20, batch 60]Loss:0.10871633887290955
[epoch 20, batch 70]Loss:0.1840483546257019
[epoch 20, batch 80]Loss:0.2604949474334717
[epoch 20, batch 90]Loss:0.01776067540049553
[epoch 20, batch 100]Loss:0.07796096056699753
[epoch 20, batch 110]Loss:0.0927155613899231
[epoch 20, batch 120]Loss:0.07691723853349686
[epoch 20, batch 130]Loss:0.09309107810258865
[epoch 20, batch 140]Loss:0.1354813277721405
[epoch 20, batch 150]Loss:0.14063844084739685
[epoch 20, batch 160]Loss:0.0069020334631204605
[train] MAP:0.6951798420836788, MRR:0.7056600560473185
[eval] MAP:0.6741118669690097, MRR:0.6763605442176871
[epoch 21, batch 10]Loss:0.21783509850502014
[epoch 21, batch 20]Loss:0.09239446371793747
[epoch 21, batch 30]Loss:0.11286875605583191
[epoch 21, batch 40]Loss:0.1596997082233429
[epoch 21, batch 50]Loss:0.1411277949810028
[epoch 21, batch 60]Loss:0.09407424181699753
[epoch 21, batch 70]Loss:0.18080005049705505
[epoch 21, batch 80]Loss:0.15497398376464844
[epoch 21, batch 90]Loss:0.1879810094833374
[epoch 21, batch 100]Loss:0.059588588774204254
[epoch 21, batch 110]Loss:0.11743801832199097
[epoch 21, batch 120]Loss:0.08463256806135178
[epoch 21, batch 130]Loss:0.05663207173347473
[epoch 21, batch 140]Loss:0.12111768126487732
[epoch 21, batch 150]Loss:0.12434960901737213
[epoch 21, batch 160]Loss:0.050806038081645966
[train] MAP:0.702087685535733, MRR:0.7131022872059436
[eval] MAP:0.6850245653817083, MRR:0.6872732426303855
[epoch 22, batch 10]Loss:0.14409729838371277
[epoch 22, batch 20]Loss:0.042857397347688675
[epoch 22, batch 30]Loss:0.04912301152944565
[epoch 22, batch 40]Loss:0.18881458044052124
[epoch 22, batch 50]Loss:0.1651802659034729
[epoch 22, batch 60]Loss:0.08252610266208649
[epoch 22, batch 70]Loss:0.23053845763206482
[epoch 22, batch 80]Loss:0.16677984595298767
[epoch 22, batch 90]Loss:0.1072155311703682
[epoch 22, batch 100]Loss:0.0619550496339798
[epoch 22, batch 110]Loss:0.1799251288175583
[epoch 22, batch 120]Loss:0.10888376086950302
[epoch 22, batch 130]Loss:0.15701091289520264
[epoch 22, batch 140]Loss:0.12663263082504272
[epoch 22, batch 150]Loss:0.24726372957229614
[epoch 22, batch 160]Loss:0.07432915270328522
[train] MAP:0.7591012132313165, MRR:0.7693607926053425
[eval] MAP:0.6831727135298564, MRR:0.6854213907785337
[epoch 23, batch 10]Loss:0.0904325395822525
[epoch 23, batch 20]Loss:0.0952078253030777
[epoch 23, batch 30]Loss:0.09116274118423462
[epoch 23, batch 40]Loss:0.057768017053604126
[epoch 23, batch 50]Loss:0.0710195004940033
[epoch 23, batch 60]Loss:0.12350603938102722
[epoch 23, batch 70]Loss:0.057812683284282684
[epoch 23, batch 80]Loss:0.19542114436626434
[epoch 23, batch 90]Loss:0.07044382393360138
[epoch 23, batch 100]Loss:0.12927497923374176
[epoch 23, batch 110]Loss:0.052284255623817444
[epoch 23, batch 120]Loss:0.11955907195806503
[epoch 23, batch 130]Loss:0.12914949655532837
[epoch 23, batch 140]Loss:0.08973412960767746
[epoch 23, batch 150]Loss:0.07684385776519775
[epoch 23, batch 160]Loss:0.008270868100225925
[train] MAP:0.6726942903088198, MRR:0.6824591796677478
[eval] MAP:0.679733560090703, MRR:0.6819822373393802
[epoch 24, batch 10]Loss:0.12690222263336182
[epoch 24, batch 20]Loss:0.1236601173877716
[epoch 24, batch 30]Loss:0.06931555271148682
[epoch 24, batch 40]Loss:0.08595272153615952
[epoch 24, batch 50]Loss:0.10913001745939255
[epoch 24, batch 60]Loss:0.09849552810192108
[epoch 24, batch 70]Loss:0.1800556182861328
[epoch 24, batch 80]Loss:0.1642390638589859
[epoch 24, batch 90]Loss:0.09148967266082764
[epoch 24, batch 100]Loss:0.0501655749976635
[epoch 24, batch 110]Loss:0.050361111760139465
[epoch 24, batch 120]Loss:0.12990529835224152
[epoch 24, batch 130]Loss:0.101652130484581
[epoch 24, batch 140]Loss:0.14148259162902832
[epoch 24, batch 150]Loss:0.08690336346626282
[epoch 24, batch 160]Loss:0.5287941098213196
[train] MAP:0.8270952991075005, MRR:0.8392953731069333
[eval] MAP:0.6833988410178886, MRR:0.684337994457042
[epoch 25, batch 10]Loss:0.0709918737411499
[epoch 25, batch 20]Loss:0.11392490565776825
[epoch 25, batch 30]Loss:0.09868684411048889
[epoch 25, batch 40]Loss:0.07902559638023376
[epoch 25, batch 50]Loss:0.10004273802042007
[epoch 25, batch 60]Loss:0.10240499675273895
[epoch 25, batch 70]Loss:0.09648635983467102
[epoch 25, batch 80]Loss:0.08186860382556915
[epoch 25, batch 90]Loss:0.10534892231225967
[epoch 25, batch 100]Loss:0.11151470243930817
[epoch 25, batch 110]Loss:0.11064378917217255
[epoch 25, batch 120]Loss:0.12647807598114014
[epoch 25, batch 130]Loss:0.05037110298871994
[epoch 25, batch 140]Loss:0.09781533479690552
[epoch 25, batch 150]Loss:0.07226911187171936
[epoch 25, batch 160]Loss:0.021848823875188828
[train] MAP:0.8548715236241736, MRR:0.8670311836656666
[eval] MAP:0.6755857898715041, MRR:0.6765117157974301
[epoch 26, batch 10]Loss:0.123267263174057
[epoch 26, batch 20]Loss:0.027640119194984436
[epoch 26, batch 30]Loss:0.05170879513025284
[epoch 26, batch 40]Loss:0.09210088849067688
[epoch 26, batch 50]Loss:0.09610579162836075
[epoch 26, batch 60]Loss:0.1474991887807846
[epoch 26, batch 70]Loss:0.11713112145662308
[epoch 26, batch 80]Loss:0.15059331059455872
[epoch 26, batch 90]Loss:0.06377124786376953
[epoch 26, batch 100]Loss:0.1362907886505127
[epoch 26, batch 110]Loss:0.04704183340072632
[epoch 26, batch 120]Loss:0.08428250998258591
[epoch 26, batch 130]Loss:0.03600750491023064
[epoch 26, batch 140]Loss:0.05134626105427742
[epoch 26, batch 150]Loss:0.05847997963428497
[epoch 26, batch 160]Loss:0.019949235022068024
[train] MAP:0.8965481809365697, MRR:0.906103629610965
[eval] MAP:0.6926492819349962, MRR:0.6955593348450492
[epoch 27, batch 10]Loss:0.0717981681227684
[epoch 27, batch 20]Loss:0.09144356101751328
[epoch 27, batch 30]Loss:0.11009370535612106
[epoch 27, batch 40]Loss:0.10417108237743378
[epoch 27, batch 50]Loss:0.1279044896364212
[epoch 27, batch 60]Loss:0.1408202201128006
[epoch 27, batch 70]Loss:0.09055234491825104
[epoch 27, batch 80]Loss:0.10349375009536743
[epoch 27, batch 90]Loss:0.07439093291759491
[epoch 27, batch 100]Loss:0.05517490208148956
[epoch 27, batch 110]Loss:0.10342147946357727
[epoch 27, batch 120]Loss:0.04718500375747681
[epoch 27, batch 130]Loss:0.02842024713754654
[epoch 27, batch 140]Loss:0.12239626049995422
[epoch 27, batch 150]Loss:0.05052009969949722
[epoch 27, batch 160]Loss:0.010000614449381828
[train] MAP:0.8706586606312418, MRR:0.8826082437444448
[eval] MAP:0.6839285714285716, MRR:0.6848544973544974
[epoch 28, batch 10]Loss:0.09484551846981049
[epoch 28, batch 20]Loss:0.03823627531528473
[epoch 28, batch 30]Loss:0.027553439140319824
[epoch 28, batch 40]Loss:0.050852496176958084
[epoch 28, batch 50]Loss:0.07379971444606781
[epoch 28, batch 60]Loss:0.10105028748512268
[epoch 28, batch 70]Loss:0.07137812674045563
[epoch 28, batch 80]Loss:0.08236064016819
[epoch 28, batch 90]Loss:0.0740426778793335
[epoch 28, batch 100]Loss:0.14444951713085175
[epoch 28, batch 110]Loss:0.026931848376989365
[epoch 28, batch 120]Loss:0.08256996423006058
[epoch 28, batch 130]Loss:0.023890433833003044
[epoch 28, batch 140]Loss:0.09988419711589813
[epoch 28, batch 150]Loss:0.10059866309165955
[epoch 28, batch 160]Loss:0.002094426192343235
[train] MAP:0.8936696734188871, MRR:0.9035918770133016
[eval] MAP:0.6848450491307633, MRR:0.6870937263794406
[epoch 29, batch 10]Loss:0.03148159012198448
[epoch 29, batch 20]Loss:0.043045565485954285
[epoch 29, batch 30]Loss:0.06890805810689926
[epoch 29, batch 40]Loss:0.03735516592860222
[epoch 29, batch 50]Loss:0.0364910364151001
[epoch 29, batch 60]Loss:0.053799696266651154
[epoch 29, batch 70]Loss:0.058371882885694504
[epoch 29, batch 80]Loss:0.11504564434289932
[epoch 29, batch 90]Loss:0.07154116034507751
[epoch 29, batch 100]Loss:0.04698184132575989
[epoch 29, batch 110]Loss:0.14377178251743317
[epoch 29, batch 120]Loss:0.04936058074235916
[epoch 29, batch 130]Loss:0.07400879263877869
[epoch 29, batch 140]Loss:0.08208421617746353
[epoch 29, batch 150]Loss:0.04268424212932587
[epoch 29, batch 160]Loss:0.17293551564216614
[train] MAP:0.8965675487394428, MRR:0.9051173179717322
[eval] MAP:0.6784958427815571, MRR:0.6807445200302343
[epoch 30, batch 10]Loss:0.05592817813158035
[epoch 30, batch 20]Loss:0.07715655863285065
[epoch 30, batch 30]Loss:0.061091937124729156
[epoch 30, batch 40]Loss:0.03851521387696266
[epoch 30, batch 50]Loss:0.10787571221590042
[epoch 30, batch 60]Loss:0.0620034895837307
[epoch 30, batch 70]Loss:0.011227197013795376
[epoch 30, batch 80]Loss:0.04157952964305878
[epoch 30, batch 90]Loss:0.02084215171635151
[epoch 30, batch 100]Loss:0.026541320607066154
[epoch 30, batch 110]Loss:0.044129617512226105
[epoch 30, batch 120]Loss:0.06424079835414886
[epoch 30, batch 130]Loss:0.07481365650892258
[epoch 30, batch 140]Loss:0.07752187550067902
[epoch 30, batch 150]Loss:0.0731639415025711
[epoch 30, batch 160]Loss:0.011140607297420502
[train] MAP:0.9389147506523269, MRR:0.943185696074475
[eval] MAP:0.68047052154195, MRR:0.683380574452003
[epoch 31, batch 10]Loss:0.038949329406023026
[epoch 31, batch 20]Loss:0.07513169944286346
[epoch 31, batch 30]Loss:0.09465131908655167
[epoch 31, batch 40]Loss:0.06614777445793152
[epoch 31, batch 50]Loss:0.05064329132437706
[epoch 31, batch 60]Loss:0.06547224521636963
[epoch 31, batch 70]Loss:0.15161803364753723
[epoch 31, batch 80]Loss:0.06719397753477097
[epoch 31, batch 90]Loss:0.09304345399141312
[epoch 31, batch 100]Loss:0.04405518248677254
[epoch 31, batch 110]Loss:0.05102783069014549
[epoch 31, batch 120]Loss:0.05874950438737869
[epoch 31, batch 130]Loss:0.026194844394922256
[epoch 31, batch 140]Loss:0.04853066802024841
[epoch 31, batch 150]Loss:0.042033106088638306
[epoch 31, batch 160]Loss:0.11074665933847427
[train] MAP:0.95388460960844, MRR:0.9574086819469452
[eval] MAP:0.6819349962207105, MRR:0.6828609221466364
[epoch 32, batch 10]Loss:0.06812560558319092
[epoch 32, batch 20]Loss:0.15228457748889923
[epoch 32, batch 30]Loss:0.018100623041391373
[epoch 32, batch 40]Loss:0.09384621679782867
[epoch 32, batch 50]Loss:0.11195409297943115
[epoch 32, batch 60]Loss:0.04042387008666992
[epoch 32, batch 70]Loss:0.04226381331682205
[epoch 32, batch 80]Loss:0.03804260492324829
[epoch 32, batch 90]Loss:0.05178891867399216
[epoch 32, batch 100]Loss:0.06825949996709824
[epoch 32, batch 110]Loss:0.0469331294298172
[epoch 32, batch 120]Loss:0.06033116579055786
[epoch 32, batch 130]Loss:0.027058452367782593
[epoch 32, batch 140]Loss:0.10871464014053345
[epoch 32, batch 150]Loss:0.11691310256719589
[epoch 32, batch 160]Loss:0.2070692479610443
[train] MAP:0.9726863999150235, MRR:0.974404117096658
[eval] MAP:0.6865646258503401, MRR:0.6874905517762661
[epoch 33, batch 10]Loss:0.02640540339052677
[epoch 33, batch 20]Loss:0.03207151219248772
[epoch 33, batch 30]Loss:0.049219004809856415
[epoch 33, batch 40]Loss:0.06013357266783714
[epoch 33, batch 50]Loss:0.08369005471467972
[epoch 33, batch 60]Loss:0.06217873841524124
[epoch 33, batch 70]Loss:0.019188273698091507
[epoch 33, batch 80]Loss:0.047215890139341354
[epoch 33, batch 90]Loss:0.117775559425354
[epoch 33, batch 100]Loss:0.0383804589509964
[epoch 33, batch 110]Loss:0.04438180476427078
[epoch 33, batch 120]Loss:0.07158660888671875
[epoch 33, batch 130]Loss:0.02975798211991787
[epoch 33, batch 140]Loss:0.09458309412002563
[epoch 33, batch 150]Loss:0.06515681743621826
[epoch 33, batch 160]Loss:0.0074662743136286736
[train] MAP:0.9656402970835961, MRR:0.9687039478276592
[eval] MAP:0.6773053665910808, MRR:0.6782312925170068
[epoch 34, batch 10]Loss:0.03855777531862259
[epoch 34, batch 20]Loss:0.07361017912626266
[epoch 34, batch 30]Loss:0.08215293288230896
[epoch 34, batch 40]Loss:0.037850454449653625
[epoch 34, batch 50]Loss:0.022989094257354736
[epoch 34, batch 60]Loss:0.03670119121670723
[epoch 34, batch 70]Loss:0.015430450439453125
[epoch 34, batch 80]Loss:0.06154118850827217
[epoch 34, batch 90]Loss:0.07282553613185883
[epoch 34, batch 100]Loss:0.06269760429859161
[epoch 34, batch 110]Loss:0.04073552042245865
[epoch 34, batch 120]Loss:0.015344636514782906
[epoch 34, batch 130]Loss:0.06404285132884979
[epoch 34, batch 140]Loss:0.01740429177880287
[epoch 34, batch 150]Loss:0.043720543384552
[epoch 34, batch 160]Loss:0.06204398721456528
[train] MAP:0.9662958291773736, MRR:0.9696631218058347
[eval] MAP:0.6859032501889645, MRR:0.6881519274376418
[epoch 35, batch 10]Loss:0.04354161024093628
[epoch 35, batch 20]Loss:0.026311883702874184
[epoch 35, batch 30]Loss:0.04881832003593445
[epoch 35, batch 40]Loss:0.025137491524219513
[epoch 35, batch 50]Loss:0.04021139442920685
[epoch 35, batch 60]Loss:0.03744933381676674
[epoch 35, batch 70]Loss:0.060015853494405746
[epoch 35, batch 80]Loss:0.03265511989593506
[epoch 35, batch 90]Loss:0.06328991800546646
[epoch 35, batch 100]Loss:0.07362981140613556
[epoch 35, batch 110]Loss:0.030223846435546875
[epoch 35, batch 120]Loss:0.015519355423748493
[epoch 35, batch 130]Loss:0.05653264373540878
[epoch 35, batch 140]Loss:0.03362766653299332
[epoch 35, batch 150]Loss:0.021802159026265144
[epoch 35, batch 160]Loss:0.011164648458361626
[train] MAP:0.9857260341796424, MRR:0.9866696877006155
[eval] MAP:0.6700302343159487, MRR:0.6709561602418744
[epoch 36, batch 10]Loss:0.021011099219322205
[epoch 36, batch 20]Loss:0.025230998173356056
[epoch 36, batch 30]Loss:0.02392803318798542
[epoch 36, batch 40]Loss:0.012944068759679794
[epoch 36, batch 50]Loss:0.014978877268731594
[epoch 36, batch 60]Loss:0.04541440308094025
[epoch 36, batch 70]Loss:0.035953570157289505
[epoch 36, batch 80]Loss:0.053960420191287994
[epoch 36, batch 90]Loss:0.03685009479522705
[epoch 36, batch 100]Loss:0.06245671957731247
[epoch 36, batch 110]Loss:0.03372529521584511
[epoch 36, batch 120]Loss:0.0340280681848526
[epoch 36, batch 130]Loss:0.07922729849815369
[epoch 36, batch 140]Loss:0.04339731112122536
[epoch 36, batch 150]Loss:0.025092847645282745
[epoch 36, batch 160]Loss:0.0008915829821489751
[train] MAP:0.9711036025418477, MRR:0.9735577380715849
[eval] MAP:0.6808767951625094, MRR:0.6831254724111866
[epoch 37, batch 10]Loss:0.025227826088666916
[epoch 37, batch 20]Loss:0.07609891891479492
[epoch 37, batch 30]Loss:0.02759033814072609
[epoch 37, batch 40]Loss:0.052182283252477646
[epoch 37, batch 50]Loss:0.037770144641399384
[epoch 37, batch 60]Loss:0.05935772508382797
[epoch 37, batch 70]Loss:0.08044052124023438
[epoch 37, batch 80]Loss:0.056355301290750504
[epoch 37, batch 90]Loss:0.03250143676996231
[epoch 37, batch 100]Loss:0.03920450061559677
[epoch 37, batch 110]Loss:0.04547838866710663
[epoch 37, batch 120]Loss:0.027814459055662155
[epoch 37, batch 130]Loss:0.07966063171625137
[epoch 37, batch 140]Loss:0.03888958692550659
[epoch 37, batch 150]Loss:0.16335424780845642
[epoch 37, batch 160]Loss:0.00028511357959359884
[train] MAP:0.8115427753177816, MRR:0.8211795435599335
[eval] MAP:0.685515873015873, MRR:0.6877645502645503
[epoch 38, batch 10]Loss:0.015117145143449306
[epoch 38, batch 20]Loss:0.052314046770334244
[epoch 38, batch 30]Loss:0.01656516268849373
[epoch 38, batch 40]Loss:0.01645815372467041
[epoch 38, batch 50]Loss:0.07023640722036362
[epoch 38, batch 60]Loss:0.03163721784949303
[epoch 38, batch 70]Loss:0.017778830602765083
[epoch 38, batch 80]Loss:0.012337597087025642
[epoch 38, batch 90]Loss:0.04760294035077095
[epoch 38, batch 100]Loss:0.06777186691761017
[epoch 38, batch 110]Loss:0.025534434244036674
[epoch 38, batch 120]Loss:0.04122526943683624
[epoch 38, batch 130]Loss:0.02798973023891449
[epoch 38, batch 140]Loss:0.08813221752643585
[epoch 38, batch 150]Loss:0.03372810781002045
[epoch 38, batch 160]Loss:0.008036931045353413
[train] MAP:0.9525573127484971, MRR:0.9570759486245215
[eval] MAP:0.6905423280423281, MRR:0.6927910052910052
[epoch 39, batch 10]Loss:0.04776840656995773
[epoch 39, batch 20]Loss:0.017001744359731674
[epoch 39, batch 30]Loss:0.011856183409690857
[epoch 39, batch 40]Loss:0.05856340005993843
[epoch 39, batch 50]Loss:0.02517925761640072
[epoch 39, batch 60]Loss:0.17739547789096832
[epoch 39, batch 70]Loss:0.006730534136295319
[epoch 39, batch 80]Loss:0.058596689254045486
[epoch 39, batch 90]Loss:0.013779926113784313
[epoch 39, batch 100]Loss:0.022777648642659187
[epoch 39, batch 110]Loss:0.09718924015760422
[epoch 39, batch 120]Loss:0.022318294271826744
[epoch 39, batch 130]Loss:0.051400840282440186
[epoch 39, batch 140]Loss:0.043493449687957764
[epoch 39, batch 150]Loss:0.011284776031970978
[epoch 39, batch 160]Loss:0.0007984339608810842
[train] MAP:0.9841215008740781, MRR:0.9852560669570978
[eval] MAP:0.6767857142857143, MRR:0.6790343915343916
[epoch 40, batch 10]Loss:0.06872289627790451
[epoch 40, batch 20]Loss:0.05894804745912552
[epoch 40, batch 30]Loss:0.036786410957574844
[epoch 40, batch 40]Loss:0.006070183124393225
[epoch 40, batch 50]Loss:0.05254998803138733
[epoch 40, batch 60]Loss:0.031457215547561646
[epoch 40, batch 70]Loss:0.04888835549354553
[epoch 40, batch 80]Loss:0.06217820942401886
[epoch 40, batch 90]Loss:0.06162464618682861
[epoch 40, batch 100]Loss:0.009245427325367928
[epoch 40, batch 110]Loss:0.0770396739244461
[epoch 40, batch 120]Loss:0.06510846316814423
[epoch 40, batch 130]Loss:0.04407767206430435
[epoch 40, batch 140]Loss:0.062424059957265854
[epoch 40, batch 150]Loss:0.040968600660562515
[epoch 40, batch 160]Loss:0.0007436521700583398
[train] MAP:0.9687530396293282, MRR:0.9716257778113447
[eval] MAP:0.6823412698412697, MRR:0.6845899470899471
[epoch 41, batch 10]Loss:0.01944481022655964
[epoch 41, batch 20]Loss:0.06713622808456421
[epoch 41, batch 30]Loss:0.035056136548519135
[epoch 41, batch 40]Loss:0.02500452846288681
[epoch 41, batch 50]Loss:0.023652613162994385
[epoch 41, batch 60]Loss:0.021025843918323517
[epoch 41, batch 70]Loss:0.020816676318645477
[epoch 41, batch 80]Loss:0.0282475296407938
[epoch 41, batch 90]Loss:0.01717260107398033
[epoch 41, batch 100]Loss:0.017054632306098938
[epoch 41, batch 110]Loss:0.03697586804628372
[epoch 41, batch 120]Loss:0.0024614243302494287
[epoch 41, batch 130]Loss:0.022597484290599823
[epoch 41, batch 140]Loss:0.00135188945569098
[epoch 41, batch 150]Loss:0.03749575465917587
[epoch 41, batch 160]Loss:0.0023978729732334614
[train] MAP:0.9543727082386877, MRR:0.9582954655119605
[eval] MAP:0.6852513227513227, MRR:0.6875
[epoch 42, batch 10]Loss:0.015475930646061897
[epoch 42, batch 20]Loss:0.032681904733181
[epoch 42, batch 30]Loss:0.025364752858877182
[epoch 42, batch 40]Loss:0.07229292392730713
[epoch 42, batch 50]Loss:0.007700242567807436
[epoch 42, batch 60]Loss:0.01650295779109001
[epoch 42, batch 70]Loss:0.024200500920414925
[epoch 42, batch 80]Loss:0.0385674387216568
[epoch 42, batch 90]Loss:0.03257288411259651
[epoch 42, batch 100]Loss:0.07667514681816101
[epoch 42, batch 110]Loss:0.04462083429098129
[epoch 42, batch 120]Loss:0.010151728056371212
[epoch 42, batch 130]Loss:0.03362637013196945
[epoch 42, batch 140]Loss:0.029230862855911255
[epoch 42, batch 150]Loss:0.01460164226591587
[epoch 42, batch 160]Loss:0.022629819810390472
[train] MAP:0.9778017991935517, MRR:0.9800354761694969
[eval] MAP:0.6839285714285714, MRR:0.6848544973544974
[epoch 43, batch 10]Loss:0.016227038577198982
[epoch 43, batch 20]Loss:0.03756877779960632
[epoch 43, batch 30]Loss:0.018259380012750626
[epoch 43, batch 40]Loss:0.05055681988596916
[epoch 43, batch 50]Loss:0.01551410835236311
[epoch 43, batch 60]Loss:0.010275935754179955
[epoch 43, batch 70]Loss:0.03480280935764313
[epoch 43, batch 80]Loss:0.010109828785061836
[epoch 43, batch 90]Loss:0.01262926310300827
[epoch 43, batch 100]Loss:0.020112264901399612
[epoch 43, batch 110]Loss:0.018212035298347473
[epoch 43, batch 120]Loss:0.010542873293161392
[epoch 43, batch 130]Loss:0.019394654780626297
[epoch 43, batch 140]Loss:0.021786395460367203
[epoch 43, batch 150]Loss:0.011712295934557915
[epoch 43, batch 160]Loss:0.0002958395052701235
[train] MAP:0.9900652039827298, MRR:0.9903515728257997
[eval] MAP:0.6738567649281935, MRR:0.6747826908541195
[epoch 44, batch 10]Loss:0.021324913948774338
[epoch 44, batch 20]Loss:0.004808324389159679
[epoch 44, batch 30]Loss:0.019528700038790703
[epoch 44, batch 40]Loss:0.05331403762102127
[epoch 44, batch 50]Loss:0.011606613174080849
[epoch 44, batch 60]Loss:0.06015591323375702
[epoch 44, batch 70]Loss:0.002515853149816394
[epoch 44, batch 80]Loss:0.01804395765066147
[epoch 44, batch 90]Loss:0.014635304920375347
[epoch 44, batch 100]Loss:0.0225226953625679
[epoch 44, batch 110]Loss:0.03602667897939682
[epoch 44, batch 120]Loss:0.06720642745494843
[epoch 44, batch 130]Loss:0.020957201719284058
[epoch 44, batch 140]Loss:0.021313317120075226
[epoch 44, batch 150]Loss:0.06097909435629845
[epoch 44, batch 160]Loss:0.07261332869529724
[train] MAP:0.989799290057022, MRR:0.9902083884042647
[eval] MAP:0.6751795162509447, MRR:0.6761054421768706
[epoch 45, batch 10]Loss:0.04532165080308914
[epoch 45, batch 20]Loss:0.007398255635052919
[epoch 45, batch 30]Loss:0.04315056651830673
[epoch 45, batch 40]Loss:0.00966720562428236
[epoch 45, batch 50]Loss:0.029098376631736755
[epoch 45, batch 60]Loss:0.006207298953086138
[epoch 45, batch 70]Loss:0.01849021017551422
[epoch 45, batch 80]Loss:0.05094461143016815
[epoch 45, batch 90]Loss:0.04990341514348984
[epoch 45, batch 100]Loss:0.04193360358476639
[epoch 45, batch 110]Loss:0.014157545752823353
[epoch 45, batch 120]Loss:0.03340562433004379
[epoch 45, batch 130]Loss:0.05772078409790993
[epoch 45, batch 140]Loss:0.10524167120456696
[epoch 45, batch 150]Loss:0.04959384724497795
[epoch 45, batch 160]Loss:0.1724432110786438
[train] MAP:0.9883306269904208, MRR:0.9883306269904208
[eval] MAP:0.6792894935752077, MRR:0.6802154195011337
[epoch 46, batch 10]Loss:0.03235882148146629
[epoch 46, batch 20]Loss:0.058638133108615875
[epoch 46, batch 30]Loss:0.025340240448713303
[epoch 46, batch 40]Loss:0.033856071531772614
[epoch 46, batch 50]Loss:0.008239904418587685
[epoch 46, batch 60]Loss:0.02061251923441887
[epoch 46, batch 70]Loss:0.023283852264285088
[epoch 46, batch 80]Loss:0.03450711816549301
[epoch 46, batch 90]Loss:0.011659622192382812
[epoch 46, batch 100]Loss:0.0219113826751709
[epoch 46, batch 110]Loss:0.01398874819278717
[epoch 46, batch 120]Loss:0.023311953991651535
[epoch 46, batch 130]Loss:0.017115477472543716
[epoch 46, batch 140]Loss:0.003752971300855279
[epoch 46, batch 150]Loss:0.03313064202666283
[epoch 46, batch 160]Loss:0.00030549673829227686
[train] MAP:0.9554753580255481, MRR:0.9599208520758531
[eval] MAP:0.6849867724867725, MRR:0.6872354497354496
[epoch 47, batch 10]Loss:0.08046135306358337
[epoch 47, batch 20]Loss:0.08799240738153458
[epoch 47, batch 30]Loss:0.029367009177803993
[epoch 47, batch 40]Loss:0.01728460006415844
[epoch 47, batch 50]Loss:0.015428907237946987
[epoch 47, batch 60]Loss:0.013447672128677368
[epoch 47, batch 70]Loss:0.03021840937435627
[epoch 47, batch 80]Loss:0.026513444259762764
[epoch 47, batch 90]Loss:0.014218240976333618
[epoch 47, batch 100]Loss:0.05172303318977356
[epoch 47, batch 110]Loss:0.029661938548088074
[epoch 47, batch 120]Loss:0.013538487255573273
[epoch 47, batch 130]Loss:0.013046761974692345
[epoch 47, batch 140]Loss:0.015542878769338131
[epoch 47, batch 150]Loss:0.011769924312829971
[epoch 47, batch 160]Loss:0.01423931960016489
[train] MAP:0.9870228759404017, MRR:0.9878056174447928
[eval] MAP:0.6849867724867725, MRR:0.6872354497354497
[epoch 48, batch 10]Loss:0.012449672445654869
[epoch 48, batch 20]Loss:0.01331991609185934
[epoch 48, batch 30]Loss:0.006479577161371708
[epoch 48, batch 40]Loss:0.02322893962264061
[epoch 48, batch 50]Loss:0.0023664759937673807
[epoch 48, batch 60]Loss:0.0309121273458004
[epoch 48, batch 70]Loss:0.02540583163499832
[epoch 48, batch 80]Loss:0.003105458337813616
[epoch 48, batch 90]Loss:0.032870229333639145
[epoch 48, batch 100]Loss:0.004196895286440849
[epoch 48, batch 110]Loss:0.03945848345756531
[epoch 48, batch 120]Loss:0.008156131021678448
[epoch 48, batch 130]Loss:0.009024301543831825
[epoch 48, batch 140]Loss:0.08816143125295639
[epoch 48, batch 150]Loss:0.037380605936050415
[epoch 48, batch 160]Loss:0.0005113149527460337
[train] MAP:0.9867555983535365, MRR:0.9867555983535365
[eval] MAP:0.6796957671957672, MRR:0.6819444444444445
[epoch 49, batch 10]Loss:0.007934542372822762
[epoch 49, batch 20]Loss:0.014101793989539146
[epoch 49, batch 30]Loss:0.00829416885972023
[epoch 49, batch 40]Loss:0.027024557814002037
[epoch 49, batch 50]Loss:0.09852240234613419
[epoch 49, batch 60]Loss:0.01192767359316349
[epoch 49, batch 70]Loss:0.058935537934303284
[epoch 49, batch 80]Loss:0.036737166345119476
[epoch 49, batch 90]Loss:0.01402847096323967
[epoch 49, batch 100]Loss:0.012119981460273266
[epoch 49, batch 110]Loss:0.005615083500742912
[epoch 49, batch 120]Loss:0.03318209573626518
[epoch 49, batch 130]Loss:0.030280662700533867
[epoch 49, batch 140]Loss:0.019369132816791534
[epoch 49, batch 150]Loss:0.010781800374388695
[epoch 49, batch 160]Loss:0.006360839121043682
[train] MAP:0.9898270877652321, MRR:0.9898270877652321
[eval] MAP:0.6777147896195514, MRR:0.6786407155454774
[epoch 50, batch 10]Loss:0.0032963778357952833
[epoch 50, batch 20]Loss:0.003650943050161004
[epoch 50, batch 30]Loss:0.009603891521692276
[epoch 50, batch 40]Loss:0.061525531113147736
[epoch 50, batch 50]Loss:0.025340700522065163
[epoch 50, batch 60]Loss:0.022317495197057724
[epoch 50, batch 70]Loss:0.014232659712433815
[epoch 50, batch 80]Loss:0.01872105896472931
[epoch 50, batch 90]Loss:0.01762673445045948
[epoch 50, batch 100]Loss:0.0048798262141644955
[epoch 50, batch 110]Loss:0.009214837104082108
[epoch 50, batch 120]Loss:0.009410420432686806
[epoch 50, batch 130]Loss:0.02755964919924736
[epoch 50, batch 140]Loss:0.09131015092134476
[epoch 50, batch 150]Loss:0.04773034527897835
[epoch 50, batch 160]Loss:0.000721577787771821
[train] MAP:0.9920225822287678, MRR:0.9923089510718377
[eval] MAP:0.6741213151927438, MRR:0.6750472411186696
[epoch 51, batch 10]Loss:0.051207803189754486
[epoch 51, batch 20]Loss:0.003573570866137743
[epoch 51, batch 30]Loss:0.018791424110531807
[epoch 51, batch 40]Loss:0.022509321570396423
[epoch 51, batch 50]Loss:0.1036355197429657
[epoch 51, batch 60]Loss:0.00362765253521502
[epoch 51, batch 70]Loss:0.04240035638213158
[epoch 51, batch 80]Loss:0.01976749859750271
[epoch 51, batch 90]Loss:0.04559648036956787
[epoch 51, batch 100]Loss:0.048638347536325455
[epoch 51, batch 110]Loss:0.0020930927712470293
[epoch 51, batch 120]Loss:0.030108531937003136
[epoch 51, batch 130]Loss:0.0015605447115376592
[epoch 51, batch 140]Loss:0.013125191442668438
[epoch 51, batch 150]Loss:0.018864857032895088
[epoch 51, batch 160]Loss:4.4045951653970405e-05
[train] MAP:0.9889957503359565, MRR:0.9899893634429716
[eval] MAP:0.688548752834467, MRR:0.6907974300831443
[epoch 52, batch 10]Loss:0.005894708912819624
[epoch 52, batch 20]Loss:0.016534514725208282
[epoch 52, batch 30]Loss:0.007539709098637104
[epoch 52, batch 40]Loss:0.0031509343534708023
[epoch 52, batch 50]Loss:0.027173621580004692
[epoch 52, batch 60]Loss:0.011150849983096123
[epoch 52, batch 70]Loss:0.007452256046235561
[epoch 52, batch 80]Loss:0.005893411114811897
[epoch 52, batch 90]Loss:0.02669561095535755
[epoch 52, batch 100]Loss:0.006686626933515072
[epoch 52, batch 110]Loss:0.036591626703739166
[epoch 52, batch 120]Loss:0.024075854569673538
[epoch 52, batch 130]Loss:0.007218912709504366
[epoch 52, batch 140]Loss:0.0038244700990617275
[epoch 52, batch 150]Loss:0.017298094928264618
[epoch 52, batch 160]Loss:0.004352841060608625
[train] MAP:0.9911943154211196, MRR:0.9911943154211196
[eval] MAP:0.6806122448979591, MRR:0.6828609221466364
[epoch 53, batch 10]Loss:0.01182046439498663
[epoch 53, batch 20]Loss:0.014460292644798756
[epoch 53, batch 30]Loss:0.10954755544662476
[epoch 53, batch 40]Loss:0.028658919036388397
[epoch 53, batch 50]Loss:0.02938622608780861
[epoch 53, batch 60]Loss:0.004451934248209
[epoch 53, batch 70]Loss:0.030560163781046867
[epoch 53, batch 80]Loss:0.013064081780612469
[epoch 53, batch 90]Loss:0.05204924941062927
[epoch 53, batch 100]Loss:0.00553880026564002
[epoch 53, batch 110]Loss:0.02413931116461754
[epoch 53, batch 120]Loss:0.0025183912366628647
[epoch 53, batch 130]Loss:0.028945934027433395
[epoch 53, batch 140]Loss:0.02152511477470398
[epoch 53, batch 150]Loss:0.01576869934797287
[epoch 53, batch 160]Loss:0.0032214364036917686
[train] MAP:0.981815549856787, MRR:0.9838837279558931
[eval] MAP:0.6890778533635677, MRR:0.6913265306122449
[epoch 54, batch 10]Loss:0.006905754096806049
[epoch 54, batch 20]Loss:0.026577135547995567
[epoch 54, batch 30]Loss:0.03028920292854309
[epoch 54, batch 40]Loss:0.0035175441298633814
[epoch 54, batch 50]Loss:0.034528281539678574
[epoch 54, batch 60]Loss:0.0258037019520998
[epoch 54, batch 70]Loss:0.07100163400173187
[epoch 54, batch 80]Loss:0.03234219551086426
[epoch 54, batch 90]Loss:0.04188879579305649
[epoch 54, batch 100]Loss:0.012992451898753643
[epoch 54, batch 110]Loss:0.002510650083422661
[epoch 54, batch 120]Loss:0.00416025472804904
[epoch 54, batch 130]Loss:0.08634202182292938
[epoch 54, batch 140]Loss:0.05193677544593811
[epoch 54, batch 150]Loss:0.006716496776789427
[epoch 54, batch 160]Loss:0.0008212178363464773
[train] MAP:0.9927379798513818, MRR:0.9927379798513818
[eval] MAP:0.6651486520534138, MRR:0.6660745779793397
[epoch 55, batch 10]Loss:0.009116534143686295
[epoch 55, batch 20]Loss:0.044219858944416046
[epoch 55, batch 30]Loss:0.0023886794224381447
[epoch 55, batch 40]Loss:0.014311512932181358
[epoch 55, batch 50]Loss:0.0033166659995913506
[epoch 55, batch 60]Loss:0.00801374576985836
[epoch 55, batch 70]Loss:0.004126455634832382
[epoch 55, batch 80]Loss:0.013235876336693764
[epoch 55, batch 90]Loss:0.0032019063364714384
[epoch 55, batch 100]Loss:0.0037262968253344297
[epoch 55, batch 110]Loss:0.06224365532398224
[epoch 55, batch 120]Loss:0.03284016624093056
[epoch 55, batch 130]Loss:0.06129241734743118
[epoch 55, batch 140]Loss:0.08679202198982239
[epoch 55, batch 150]Loss:0.03405339643359184
[epoch 55, batch 160]Loss:0.0003165344533044845
[train] MAP:0.9932826051382754, MRR:0.9932826051382754
[eval] MAP:0.6791792642983119, MRR:0.6814279415469893
[epoch 56, batch 10]Loss:0.00425354391336441
[epoch 56, batch 20]Loss:0.045808952301740646
[epoch 56, batch 30]Loss:0.01529361680150032
[epoch 56, batch 40]Loss:0.013452586717903614
[epoch 56, batch 50]Loss:0.005703059025108814
[epoch 56, batch 60]Loss:0.0020838661585003138
[epoch 56, batch 70]Loss:0.0024100271984934807
[epoch 56, batch 80]Loss:0.038447849452495575
[epoch 56, batch 90]Loss:0.03479970246553421
[epoch 56, batch 100]Loss:0.022792022675275803
[epoch 56, batch 110]Loss:0.009102487936615944
[epoch 56, batch 120]Loss:0.015841491520404816
[epoch 56, batch 130]Loss:0.04538780450820923
[epoch 56, batch 140]Loss:0.011325857602059841
[epoch 56, batch 150]Loss:0.0377005860209465
[epoch 56, batch 160]Loss:0.0007273777737282217
[train] MAP:0.9916857579228713, MRR:0.9916857579228713
[eval] MAP:0.6898715041572184, MRR:0.6921201814058957
[epoch 57, batch 10]Loss:0.03697236627340317
[epoch 57, batch 20]Loss:0.05289951339364052
[epoch 57, batch 30]Loss:0.04549374058842659
[epoch 57, batch 40]Loss:0.01790628768503666
[epoch 57, batch 50]Loss:0.024140160530805588
[epoch 57, batch 60]Loss:0.004663978703320026
[epoch 57, batch 70]Loss:0.0035072537139058113
[epoch 57, batch 80]Loss:0.023005034774541855
[epoch 57, batch 90]Loss:0.005839579738676548
[epoch 57, batch 100]Loss:0.016512995585799217
[epoch 57, batch 110]Loss:0.00648109707981348
[epoch 57, batch 120]Loss:0.02904754877090454
[epoch 57, batch 130]Loss:0.0226413756608963
[epoch 57, batch 140]Loss:0.027560077607631683
[epoch 57, batch 150]Loss:0.04594949632883072
[epoch 57, batch 160]Loss:0.0025112060829997063
[train] MAP:0.9920716454221609, MRR:0.9925402489835479
[eval] MAP:0.6739984882842026, MRR:0.6762471655328798
[epoch 58, batch 10]Loss:0.009220907464623451
[epoch 58, batch 20]Loss:0.005746045615524054
[epoch 58, batch 30]Loss:0.013706337660551071
[epoch 58, batch 40]Loss:0.0169927179813385
[epoch 58, batch 50]Loss:0.040729179978370667
[epoch 58, batch 60]Loss:0.03532175347208977
[epoch 58, batch 70]Loss:0.0065940809436142445
[epoch 58, batch 80]Loss:0.011636879295110703
[epoch 58, batch 90]Loss:0.008937238715589046
[epoch 58, batch 100]Loss:0.008634686470031738
[epoch 58, batch 110]Loss:0.004275985062122345
[epoch 58, batch 120]Loss:0.03979034721851349
[epoch 58, batch 130]Loss:0.04997163638472557
[epoch 58, batch 140]Loss:0.015588268637657166
[epoch 58, batch 150]Loss:0.0030665951780974865
[epoch 58, batch 160]Loss:0.0013747799675911665
[train] MAP:0.9909316533027873, MRR:0.9909316533027873
[eval] MAP:0.6769085411942555, MRR:0.6791572184429326
[epoch 59, batch 10]Loss:0.01913486421108246
[epoch 59, batch 20]Loss:0.03684071823954582
[epoch 59, batch 30]Loss:0.010513128712773323
[epoch 59, batch 40]Loss:0.006308133713901043
[epoch 59, batch 50]Loss:0.02543933130800724
[epoch 59, batch 60]Loss:0.02258882112801075
[epoch 59, batch 70]Loss:0.025110851973295212
[epoch 59, batch 80]Loss:0.027319088578224182
[epoch 59, batch 90]Loss:0.0035031940788030624
[epoch 59, batch 100]Loss:0.012750798836350441
[epoch 59, batch 110]Loss:0.04908297583460808
[epoch 59, batch 120]Loss:0.00851847417652607
[epoch 59, batch 130]Loss:0.03681182861328125
[epoch 59, batch 140]Loss:0.016886427998542786
[epoch 59, batch 150]Loss:0.003414782928302884
[epoch 59, batch 160]Loss:0.00011500563414301723
[train] MAP:0.9926212294768997, MRR:0.9933085147002674
[eval] MAP:0.6849867724867725, MRR:0.6872354497354496
[epoch 60, batch 10]Loss:0.02564048022031784
[epoch 60, batch 20]Loss:0.007013233378529549
[epoch 60, batch 30]Loss:0.049930259585380554
[epoch 60, batch 40]Loss:0.0022078214678913355
[epoch 60, batch 50]Loss:0.009218406863510609
[epoch 60, batch 60]Loss:0.016312526538968086
[epoch 60, batch 70]Loss:0.028770670294761658
[epoch 60, batch 80]Loss:0.007457592058926821
[epoch 60, batch 90]Loss:0.0046500591561198235
[epoch 60, batch 100]Loss:0.005646186880767345
[epoch 60, batch 110]Loss:0.011497542262077332
[epoch 60, batch 120]Loss:0.0032330541871488094
[epoch 60, batch 130]Loss:0.0043463027104735374
[epoch 60, batch 140]Loss:0.01684323325753212
[epoch 60, batch 150]Loss:0.006194231566041708
[epoch 60, batch 160]Loss:0.0005891937180422246
[train] MAP:0.9932534437689078, MRR:0.9932534437689078
[eval] MAP:0.679412320483749, MRR:0.6816609977324264
[epoch 61, batch 10]Loss:0.04394060745835304
[epoch 61, batch 20]Loss:0.022812508046627045
[epoch 61, batch 30]Loss:0.008528966456651688
[epoch 61, batch 40]Loss:0.020521845668554306
[epoch 61, batch 50]Loss:0.011710081249475479
[epoch 61, batch 60]Loss:0.03236525505781174
[epoch 61, batch 70]Loss:0.008264737203717232
[epoch 61, batch 80]Loss:0.003926584497094154
[epoch 61, batch 90]Loss:0.043504610657691956
[epoch 61, batch 100]Loss:0.028915435075759888
[epoch 61, batch 110]Loss:0.003783055115491152
[epoch 61, batch 120]Loss:0.020585831254720688
[epoch 61, batch 130]Loss:0.0027598259039223194
[epoch 61, batch 140]Loss:0.0032776896841824055
[epoch 61, batch 150]Loss:0.006070020608603954
[epoch 61, batch 160]Loss:0.0003802304563578218
[train] MAP:0.9929362352042764, MRR:0.9932226040473464
[eval] MAP:0.6725340136054421, MRR:0.6747826908541195
[epoch 62, batch 10]Loss:0.007150484714657068
[epoch 62, batch 20]Loss:0.004114601295441389
[epoch 62, batch 30]Loss:0.03775577247142792
[epoch 62, batch 40]Loss:0.06355950981378555
[epoch 62, batch 50]Loss:0.020702386274933815
[epoch 62, batch 60]Loss:0.0024690930731594563
[epoch 62, batch 70]Loss:0.008473062887787819
[epoch 62, batch 80]Loss:0.007316333241760731
[epoch 62, batch 90]Loss:0.09508343040943146
[epoch 62, batch 100]Loss:0.010179132223129272
[epoch 62, batch 110]Loss:0.003025425598025322
[epoch 62, batch 120]Loss:0.014773202128708363
[epoch 62, batch 130]Loss:0.02025016024708748
[epoch 62, batch 140]Loss:0.013083083555102348
[epoch 62, batch 150]Loss:0.03205089271068573
[epoch 62, batch 160]Loss:0.000128084808238782
[train] MAP:0.973491414551653, MRR:0.9745423014272822
[eval] MAP:0.6931878306878307, MRR:0.6954365079365079
[epoch 63, batch 10]Loss:0.0015489824581891298
[epoch 63, batch 20]Loss:0.018545135855674744
[epoch 63, batch 30]Loss:0.00926067866384983
[epoch 63, batch 40]Loss:0.0006269431323744357
[epoch 63, batch 50]Loss:0.02052370458841324
[epoch 63, batch 60]Loss:0.011553635820746422
[epoch 63, batch 70]Loss:0.005611236207187176
[epoch 63, batch 80]Loss:0.0034691004548221827
[epoch 63, batch 90]Loss:0.0030140019953250885
[epoch 63, batch 100]Loss:0.015464501455426216
[epoch 63, batch 110]Loss:0.008197294548153877
[epoch 63, batch 120]Loss:0.045207083225250244
[epoch 63, batch 130]Loss:0.013617907650768757
[epoch 63, batch 140]Loss:0.0011497162049636245
[epoch 63, batch 150]Loss:0.005578392185270786
[epoch 63, batch 160]Loss:0.003991217818111181
[train] MAP:0.9945589919816724, MRR:0.9945589919816724
[eval] MAP:0.6658100277147896, MRR:0.6680587049634668
[epoch 64, batch 10]Loss:0.011003533378243446
[epoch 64, batch 20]Loss:0.005834191106259823
[epoch 64, batch 30]Loss:0.03192271292209625
[epoch 64, batch 40]Loss:0.03954831510782242
[epoch 64, batch 50]Loss:0.0257465448230505
[epoch 64, batch 60]Loss:0.00315310200676322
[epoch 64, batch 70]Loss:0.016023114323616028
[epoch 64, batch 80]Loss:0.09970543533563614
[epoch 64, batch 90]Loss:0.04690111055970192
[epoch 64, batch 100]Loss:0.04515204578638077
[epoch 64, batch 110]Loss:0.19452300667762756
[epoch 64, batch 120]Loss:0.19433516263961792
[epoch 64, batch 130]Loss:0.002168135019019246
[epoch 64, batch 140]Loss:0.0020272338297218084
[epoch 64, batch 150]Loss:0.04523714631795883
[epoch 64, batch 160]Loss:0.03231947496533394
[train] MAP:0.995799923634975, MRR:0.995799923634975
[eval] MAP:0.6726883345930964, MRR:0.6749370118417738
[epoch 65, batch 10]Loss:0.013050275854766369
[epoch 65, batch 20]Loss:0.005661269649863243
[epoch 65, batch 30]Loss:0.03504813835024834
[epoch 65, batch 40]Loss:0.002786958357319236
[epoch 65, batch 50]Loss:0.00864850077778101
[epoch 65, batch 60]Loss:0.006671026349067688
[epoch 65, batch 70]Loss:0.011181037873029709
[epoch 65, batch 80]Loss:0.01587461493909359
[epoch 65, batch 90]Loss:0.02528255060315132
[epoch 65, batch 100]Loss:0.002279391512274742
[epoch 65, batch 110]Loss:0.0063829319551587105
[epoch 65, batch 120]Loss:0.003993375226855278
[epoch 65, batch 130]Loss:0.015461166389286518
[epoch 65, batch 140]Loss:0.012697689235210419
[epoch 65, batch 150]Loss:0.09274215996265411
[epoch 65, batch 160]Loss:0.3866886794567108
[train] MAP:0.9945780832378772, MRR:0.9945780832378772
[eval] MAP:0.6796957671957672, MRR:0.6819444444444445
[epoch 66, batch 10]Loss:0.005759291350841522
[epoch 66, batch 20]Loss:0.014009501785039902
[epoch 66, batch 30]Loss:0.023803729563951492
[epoch 66, batch 40]Loss:0.0017621933948248625
[epoch 66, batch 50]Loss:0.006899020168930292
[epoch 66, batch 60]Loss:0.01669354923069477
[epoch 66, batch 70]Loss:0.03396202623844147
[epoch 66, batch 80]Loss:0.050791800022125244
[epoch 66, batch 90]Loss:0.01508438028395176
[epoch 66, batch 100]Loss:0.019260279834270477
[epoch 66, batch 110]Loss:0.012266855686903
[epoch 66, batch 120]Loss:0.01698151044547558
[epoch 66, batch 130]Loss:0.0005239673773758113
[epoch 66, batch 140]Loss:0.004097133409231901
[epoch 66, batch 150]Loss:0.0024337759241461754
[epoch 66, batch 160]Loss:0.0003686024574562907
[train] MAP:0.991593028964163, MRR:0.9918316696667212
[eval] MAP:0.6876322751322751, MRR:0.6898809523809524
[epoch 67, batch 10]Loss:0.004551384598016739
[epoch 67, batch 20]Loss:0.018955010920763016
[epoch 67, batch 30]Loss:0.05404683202505112
[epoch 67, batch 40]Loss:0.003213300369679928
[epoch 67, batch 50]Loss:0.034394294023513794
[epoch 67, batch 60]Loss:0.01219995878636837
[epoch 67, batch 70]Loss:0.033991944044828415
[epoch 67, batch 80]Loss:0.0464167445898056
[epoch 67, batch 90]Loss:0.05819667875766754
[epoch 67, batch 100]Loss:0.009510187432169914
[epoch 67, batch 110]Loss:0.008569775149226189
[epoch 67, batch 120]Loss:0.02123347669839859
[epoch 67, batch 130]Loss:0.021106785163283348
[epoch 67, batch 140]Loss:0.005594887305051088
[epoch 67, batch 150]Loss:0.04850620776414871
[epoch 67, batch 160]Loss:0.0009707998251542449
[train] MAP:0.993740795287187, MRR:0.993740795287187
[eval] MAP:0.6941043083900226, MRR:0.6963529856386999
[epoch 68, batch 10]Loss:0.018294010311365128
[epoch 68, batch 20]Loss:0.04731505736708641
[epoch 68, batch 30]Loss:0.011086544953286648
[epoch 68, batch 40]Loss:0.0015744194388389587
[epoch 68, batch 50]Loss:0.013913647271692753
[epoch 68, batch 60]Loss:0.004993263632059097
[epoch 68, batch 70]Loss:0.013882556930184364
[epoch 68, batch 80]Loss:0.0017075770301744342
[epoch 68, batch 90]Loss:0.014296487905085087
[epoch 68, batch 100]Loss:0.011633588001132011
[epoch 68, batch 110]Loss:0.013106857426464558
[epoch 68, batch 120]Loss:0.0066529191099107265
[epoch 68, batch 130]Loss:0.025283414870500565
[epoch 68, batch 140]Loss:0.0043591102585196495
[epoch 68, batch 150]Loss:0.039132118225097656
[epoch 68, batch 160]Loss:0.00163680175319314
[train] MAP:0.9943039873452245, MRR:0.9945426280477827
[eval] MAP:0.6888133030990173, MRR:0.6910619803476946
[epoch 69, batch 10]Loss:0.07856743037700653
[epoch 69, batch 20]Loss:0.0014533840585500002
[epoch 69, batch 30]Loss:0.008786629885435104
[epoch 69, batch 40]Loss:0.0008022833499126136
[epoch 69, batch 50]Loss:0.03339134156703949
[epoch 69, batch 60]Loss:0.0036067641340196133
[epoch 69, batch 70]Loss:0.0029451274313032627
[epoch 69, batch 80]Loss:0.005811456125229597
[epoch 69, batch 90]Loss:0.01650874689221382
[epoch 69, batch 100]Loss:0.005345066078007221
[epoch 69, batch 110]Loss:0.002157262060791254
[epoch 69, batch 120]Loss:0.008183805271983147
[epoch 69, batch 130]Loss:0.0061496258713305
[epoch 69, batch 140]Loss:0.0009452338563278317
[epoch 69, batch 150]Loss:0.02893727645277977
[epoch 69, batch 160]Loss:9.889482316793874e-05
[train] MAP:0.9926403207331042, MRR:0.9931653302787324
[eval] MAP:0.6836640211640211, MRR:0.6859126984126984
[epoch 70, batch 10]Loss:0.008887450210750103
[epoch 70, batch 20]Loss:0.008346468210220337
[epoch 70, batch 30]Loss:0.06692652404308319
[epoch 70, batch 40]Loss:0.018822314217686653
[epoch 70, batch 50]Loss:0.012802399694919586
[epoch 70, batch 60]Loss:0.04142976552248001
[epoch 70, batch 70]Loss:0.02091393992304802
[epoch 70, batch 80]Loss:0.05511196330189705
[epoch 70, batch 90]Loss:0.00850661564618349
[epoch 70, batch 100]Loss:0.064729243516922
[epoch 70, batch 110]Loss:0.001399937435053289
[epoch 70, batch 120]Loss:0.07835225015878677
[epoch 70, batch 130]Loss:0.004757877439260483
[epoch 70, batch 140]Loss:0.00958342757076025
[epoch 70, batch 150]Loss:0.013474521227180958
[epoch 70, batch 160]Loss:2.6522731786826625e-05
[train] MAP:0.9899893634429716, MRR:0.9905716467572139
[eval] MAP:0.6889550264550265, MRR:0.6912037037037037
[epoch 71, batch 10]Loss:0.01080597098916769
[epoch 71, batch 20]Loss:0.02532518282532692
[epoch 71, batch 30]Loss:0.005787674803286791
[epoch 71, batch 40]Loss:0.005396172404289246
[epoch 71, batch 50]Loss:0.0045900167897343636
[epoch 71, batch 60]Loss:0.014237863942980766
[epoch 71, batch 70]Loss:0.001969145145267248
[epoch 71, batch 80]Loss:0.0015226860996335745
[epoch 71, batch 90]Loss:0.006835720036178827
[epoch 71, batch 100]Loss:0.002270275028422475
[epoch 71, batch 110]Loss:0.01651645451784134
[epoch 71, batch 120]Loss:0.0017854557372629642
[epoch 71, batch 130]Loss:0.003403815208002925
[epoch 71, batch 140]Loss:0.007239558733999729
[epoch 71, batch 150]Loss:0.002550133503973484
[epoch 71, batch 160]Loss:4.1108662117039785e-05
[train] MAP:0.982822799575377, MRR:0.9831664421870607
[eval] MAP:0.6902777777777778, MRR:0.6925264550264549
[epoch 72, batch 10]Loss:0.0034258272498846054
[epoch 72, batch 20]Loss:0.06195361539721489
[epoch 72, batch 30]Loss:0.007682752795517445
[epoch 72, batch 40]Loss:0.04185698181390762
[epoch 72, batch 50]Loss:0.10395335406064987
[epoch 72, batch 60]Loss:0.08496270328760147
[epoch 72, batch 70]Loss:0.02438437193632126
[epoch 72, batch 80]Loss:0.04079049080610275
[epoch 72, batch 90]Loss:0.0017103557474911213
[epoch 72, batch 100]Loss:0.010458004660904408
[epoch 72, batch 110]Loss:0.01880561001598835
[epoch 72, batch 120]Loss:0.0013310066424310207
[epoch 72, batch 130]Loss:0.001489486312493682
[epoch 72, batch 140]Loss:0.038641307502985
[epoch 72, batch 150]Loss:0.06186874955892563
[epoch 72, batch 160]Loss:0.004170828033238649
[train] MAP:0.9946953580974199, MRR:0.9946953580974199
[eval] MAP:0.6757306626354245, MRR:0.6779793398841018
[epoch 73, batch 10]Loss:0.0004649147158488631
[epoch 73, batch 20]Loss:0.06576059758663177
[epoch 73, batch 30]Loss:0.0011505289003252983
[epoch 73, batch 40]Loss:0.004071597009897232
[epoch 73, batch 50]Loss:0.003006607061251998
[epoch 73, batch 60]Loss:0.019218366593122482
[epoch 73, batch 70]Loss:0.023625148460268974
[epoch 73, batch 80]Loss:0.04127715155482292
[epoch 73, batch 90]Loss:0.003849748522043228
[epoch 73, batch 100]Loss:0.03219006955623627
[epoch 73, batch 110]Loss:0.011787793599069118
[epoch 73, batch 120]Loss:0.002070773160085082
[epoch 73, batch 130]Loss:0.004220091737806797
[epoch 73, batch 140]Loss:0.0038118958473205566
[epoch 73, batch 150]Loss:0.0036772550083696842
[epoch 73, batch 160]Loss:0.015934480354189873
[train] MAP:0.9962772050400917, MRR:0.9962772050400917
[eval] MAP:0.6847222222222222, MRR:0.6869708994708994
[epoch 74, batch 10]Loss:0.002747355028986931
[epoch 74, batch 20]Loss:0.009741799905896187
[epoch 74, batch 30]Loss:0.011906924657523632
[epoch 74, batch 40]Loss:0.01719735562801361
[epoch 74, batch 50]Loss:0.0071509405970573425
[epoch 74, batch 60]Loss:0.00636931462213397
[epoch 74, batch 70]Loss:0.0002409096050541848
[epoch 74, batch 80]Loss:0.05742921307682991
[epoch 74, batch 90]Loss:0.05019813030958176
[epoch 74, batch 100]Loss:0.06268955767154694
[epoch 74, batch 110]Loss:0.0006158271571621299
[epoch 74, batch 120]Loss:0.02161148004233837
[epoch 74, batch 130]Loss:0.004360778257250786
[epoch 74, batch 140]Loss:0.0027644895017147064
[epoch 74, batch 150]Loss:0.0031525949016213417
[epoch 74, batch 160]Loss:0.0108792157843709
[train] MAP:0.9962772050400917, MRR:0.9962772050400917
[eval] MAP:0.6646289997480472, MRR:0.6668776769967246
[epoch 75, batch 10]Loss:0.026897011324763298
[epoch 75, batch 20]Loss:0.022557934746146202
[epoch 75, batch 30]Loss:0.0024532368406653404
[epoch 75, batch 40]Loss:0.0007426922093145549
[epoch 75, batch 50]Loss:0.015411879867315292
[epoch 75, batch 60]Loss:0.03571911156177521
[epoch 75, batch 70]Loss:0.002073651645332575
[epoch 75, batch 80]Loss:0.003170144511386752
[epoch 75, batch 90]Loss:0.0045251986011862755
[epoch 75, batch 100]Loss:0.04513438418507576
[epoch 75, batch 110]Loss:0.007114562205970287
[epoch 75, batch 120]Loss:0.041696663945913315
[epoch 75, batch 130]Loss:0.08329112827777863
[epoch 75, batch 140]Loss:0.047028422355651855
[epoch 75, batch 150]Loss:0.004916060715913773
[epoch 75, batch 160]Loss:0.001280719181522727
[train] MAP:0.9952271859488353, MRR:0.9952271859488353
[eval] MAP:0.6640778533635675, MRR:0.6663265306122449
[epoch 76, batch 10]Loss:0.004870469681918621
[epoch 76, batch 20]Loss:0.0005325839156284928
[epoch 76, batch 30]Loss:0.01849169284105301
[epoch 76, batch 40]Loss:0.0009254146716557443
[epoch 76, batch 50]Loss:0.02201075479388237
[epoch 76, batch 60]Loss:0.03312523663043976
[epoch 76, batch 70]Loss:0.06634365022182465
[epoch 76, batch 80]Loss:0.015683043748140335
[epoch 76, batch 90]Loss:0.006294738966971636
[epoch 76, batch 100]Loss:0.01795113831758499
[epoch 76, batch 110]Loss:0.006945484317839146
[epoch 76, batch 120]Loss:0.0010460441699251533
[epoch 76, batch 130]Loss:0.013258732855319977
[epoch 76, batch 140]Loss:0.003056443063542247
[epoch 76, batch 150]Loss:0.06376919895410538
[epoch 76, batch 160]Loss:0.0007277624681591988
[train] MAP:0.9933971526755032, MRR:0.9933971526755032
[eval] MAP:0.6811413454270597, MRR:0.683390022675737
[epoch 77, batch 10]Loss:0.006154070142656565
[epoch 77, batch 20]Loss:0.00840659812092781
[epoch 77, batch 30]Loss:0.013836881145834923
[epoch 77, batch 40]Loss:0.03095569647848606
[epoch 77, batch 50]Loss:0.07910242676734924
[epoch 77, batch 60]Loss:0.018441734835505486
[epoch 77, batch 70]Loss:0.00493268808349967
[epoch 77, batch 80]Loss:0.0022255543153733015
[epoch 77, batch 90]Loss:0.003640938550233841
[epoch 77, batch 100]Loss:0.00725368969142437
[epoch 77, batch 110]Loss:0.006280558183789253
[epoch 77, batch 120]Loss:0.13913457095623016
[epoch 77, batch 130]Loss:0.0009857222903519869
[epoch 77, batch 140]Loss:0.0171299260109663
[epoch 77, batch 150]Loss:0.0010995266493409872
[epoch 77, batch 160]Loss:0.012099777348339558
[train] MAP:0.9906665785531765, MRR:0.9911629512144975
[eval] MAP:0.6878968253968254, MRR:0.6901455026455026
[epoch 78, batch 10]Loss:0.029116623103618622
[epoch 78, batch 20]Loss:0.001543010352179408
[epoch 78, batch 30]Loss:0.012583848088979721
[epoch 78, batch 40]Loss:0.01893717236816883
[epoch 78, batch 50]Loss:0.012722229585051537
[epoch 78, batch 60]Loss:0.06563463807106018
[epoch 78, batch 70]Loss:0.07060087472200394
[epoch 78, batch 80]Loss:0.005879584699869156
[epoch 78, batch 90]Loss:0.020622532814741135
[epoch 78, batch 100]Loss:0.002653192961588502
[epoch 78, batch 110]Loss:0.007892121560871601
[epoch 78, batch 120]Loss:0.004889477975666523
[epoch 78, batch 130]Loss:0.00690356083214283
[epoch 78, batch 140]Loss:0.008796636015176773
[epoch 78, batch 150]Loss:0.0027933400124311447
[epoch 78, batch 160]Loss:0.0005927987513132393
[train] MAP:0.9957044673539519, MRR:0.9957044673539519
[eval] MAP:0.6860575711766188, MRR:0.6883062484252961
[epoch 79, batch 10]Loss:0.0034933281131088734
[epoch 79, batch 20]Loss:0.003360260743647814
[epoch 79, batch 30]Loss:0.001035679248161614
[epoch 79, batch 40]Loss:0.0035758730955421925
[epoch 79, batch 50]Loss:0.006090891547501087
[epoch 79, batch 60]Loss:0.015268564224243164
[epoch 79, batch 70]Loss:0.0288992952555418
[epoch 79, batch 80]Loss:0.0013603400439023972
[epoch 79, batch 90]Loss:0.055007658898830414
[epoch 79, batch 100]Loss:0.006287606433033943
[epoch 79, batch 110]Loss:0.0005008121370337903
[epoch 79, batch 120]Loss:0.03569275513291359
[epoch 79, batch 130]Loss:0.012268620543181896
[epoch 79, batch 140]Loss:0.00761986942961812
[epoch 79, batch 150]Loss:0.029488150030374527
[epoch 79, batch 160]Loss:0.0005318124894984066
[train] MAP:0.9947144493536247, MRR:0.9947144493536247
[eval] MAP:0.6811413454270597, MRR:0.683390022675737
[epoch 80, batch 10]Loss:0.0061888257041573524
[epoch 80, batch 20]Loss:0.016266291961073875
[epoch 80, batch 30]Loss:0.013042978011071682
[epoch 80, batch 40]Loss:0.026647064834833145
[epoch 80, batch 50]Loss:0.012871412560343742
[epoch 80, batch 60]Loss:0.002353827003389597
[epoch 80, batch 70]Loss:0.016797473654150963
[epoch 80, batch 80]Loss:0.003396978136152029
[epoch 80, batch 90]Loss:0.010883253067731857
[epoch 80, batch 100]Loss:0.033856023102998734
[epoch 80, batch 110]Loss:0.0012729690643027425
[epoch 80, batch 120]Loss:0.010013972409069538
[epoch 80, batch 130]Loss:0.01509061735123396
[epoch 80, batch 140]Loss:0.0010343225440010428
[epoch 80, batch 150]Loss:0.005700543988496065
[epoch 80, batch 160]Loss:7.5696934800362214e-06
[train] MAP:0.9956499209076529, MRR:0.9956499209076529
[eval] MAP:0.6839285714285716, MRR:0.6861772486772486
[epoch 81, batch 10]Loss:0.003258944721892476
[epoch 81, batch 20]Loss:0.002242320217192173
[epoch 81, batch 30]Loss:0.004451095592230558
[epoch 81, batch 40]Loss:0.002307943068444729
[epoch 81, batch 50]Loss:0.0025174024049192667
[epoch 81, batch 60]Loss:0.00037387997144833207
[epoch 81, batch 70]Loss:0.017565445974469185
[epoch 81, batch 80]Loss:0.00039156171260401607
[epoch 81, batch 90]Loss:0.0065892282873392105
[epoch 81, batch 100]Loss:0.017501330003142357
[epoch 81, batch 110]Loss:0.02247762121260166
[epoch 81, batch 120]Loss:0.0029610591009259224
[epoch 81, batch 130]Loss:0.009140470065176487
[epoch 81, batch 140]Loss:0.012450643815100193
[epoch 81, batch 150]Loss:0.003137440187856555
[epoch 81, batch 160]Loss:0.005309877917170525
[train] MAP:0.9966972126765942, MRR:0.9966972126765942
[eval] MAP:0.6799603174603176, MRR:0.6822089947089947
[epoch 82, batch 10]Loss:0.0168948732316494
[epoch 82, batch 20]Loss:0.010546327568590641
[epoch 82, batch 30]Loss:0.0014065904542803764
[epoch 82, batch 40]Loss:0.011963197030127048
[epoch 82, batch 50]Loss:0.015230895951390266
[epoch 82, batch 60]Loss:0.0019553867168724537
[epoch 82, batch 70]Loss:0.021175188943743706
[epoch 82, batch 80]Loss:0.018322806805372238
[epoch 82, batch 90]Loss:0.03171054646372795
[epoch 82, batch 100]Loss:0.028164952993392944
[epoch 82, batch 110]Loss:0.008563663810491562
[epoch 82, batch 120]Loss:0.0192115381360054
[epoch 82, batch 130]Loss:0.010110992006957531
[epoch 82, batch 140]Loss:0.0018496213015168905
[epoch 82, batch 150]Loss:0.002371580107137561
[epoch 82, batch 160]Loss:0.012135202996432781
[train] MAP:0.9971772214040254, MRR:0.9971772214040254
[eval] MAP:0.6758503401360543, MRR:0.6780990173847317
[epoch 83, batch 10]Loss:0.009958182461559772
[epoch 83, batch 20]Loss:0.00041926332050934434
[epoch 83, batch 30]Loss:0.03285461291670799
[epoch 83, batch 40]Loss:0.0009555377764627337
[epoch 83, batch 50]Loss:0.016010235995054245
[epoch 83, batch 60]Loss:0.005629462189972401
[epoch 83, batch 70]Loss:0.01778765395283699
[epoch 83, batch 80]Loss:0.00020819214114453644
[epoch 83, batch 90]Loss:0.0013357310090214014
[epoch 83, batch 100]Loss:0.0087638134136796
[epoch 83, batch 110]Loss:0.0031647055875509977
[epoch 83, batch 120]Loss:0.0023616552352905273
[epoch 83, batch 130]Loss:0.003263378981500864
[epoch 83, batch 140]Loss:0.003421573434025049
[epoch 83, batch 150]Loss:0.006576215848326683
[epoch 83, batch 160]Loss:0.002681900281459093
[train] MAP:0.9947021764032073, MRR:0.9947021764032073
[eval] MAP:0.6798185941043084, MRR:0.6820672713529856
[epoch 84, batch 10]Loss:0.001605919562280178
[epoch 84, batch 20]Loss:0.007999800145626068
[epoch 84, batch 30]Loss:0.004907823167741299
[epoch 84, batch 40]Loss:0.07972678542137146
[epoch 84, batch 50]Loss:0.0005266124499030411
[epoch 84, batch 60]Loss:0.000895037199370563
[epoch 84, batch 70]Loss:0.0024528491776436567
[epoch 84, batch 80]Loss:0.006178783252835274
[epoch 84, batch 90]Loss:0.003188538132235408
[epoch 84, batch 100]Loss:0.0007280181744135916
[epoch 84, batch 110]Loss:0.04492088779807091
[epoch 84, batch 120]Loss:0.006071147043257952
[epoch 84, batch 130]Loss:0.028824973851442337
[epoch 84, batch 140]Loss:0.06334378570318222
[epoch 84, batch 150]Loss:0.0015322163235396147
[epoch 84, batch 160]Loss:0.06905262917280197
[train] MAP:0.9827018882860808, MRR:0.983376446005312
[eval] MAP:0.6892195767195768, MRR:0.691468253968254
[epoch 85, batch 10]Loss:0.019190341234207153
[epoch 85, batch 20]Loss:0.007149982266128063
[epoch 85, batch 30]Loss:0.006764605175703764
[epoch 85, batch 40]Loss:0.025069136172533035
[epoch 85, batch 50]Loss:0.003504030639305711
[epoch 85, batch 60]Loss:0.00045017944648861885
[epoch 85, batch 70]Loss:0.003780428785830736
[epoch 85, batch 80]Loss:0.006624164525419474
[epoch 85, batch 90]Loss:0.004851372912526131
[epoch 85, batch 100]Loss:0.0023428485728800297
[epoch 85, batch 110]Loss:0.003502034116536379
[epoch 85, batch 120]Loss:0.0024636131711304188
[epoch 85, batch 130]Loss:0.004258093424141407
[epoch 85, batch 140]Loss:0.02486567012965679
[epoch 85, batch 150]Loss:0.05476044490933418
[epoch 85, batch 160]Loss:6.137281161500141e-05
[train] MAP:0.9970408552882779, MRR:0.9970408552882779
[eval] MAP:0.6767857142857143, MRR:0.6790343915343915
[epoch 86, batch 10]Loss:0.009583217091858387
[epoch 86, batch 20]Loss:0.028529668226838112
[epoch 86, batch 30]Loss:0.00460700411349535
[epoch 86, batch 40]Loss:0.0059190429747104645
[epoch 86, batch 50]Loss:0.002816189546138048
[epoch 86, batch 60]Loss:0.01678188145160675
[epoch 86, batch 70]Loss:0.01590391807258129
[epoch 86, batch 80]Loss:0.0005610305815935135
[epoch 86, batch 90]Loss:0.005230832379311323
[epoch 86, batch 100]Loss:0.00022564909886568785
[epoch 86, batch 110]Loss:0.05978035181760788
[epoch 86, batch 120]Loss:0.0015060494188219309
[epoch 86, batch 130]Loss:0.004797801841050386
[epoch 86, batch 140]Loss:0.005552780814468861
[epoch 86, batch 150]Loss:0.01913324184715748
[epoch 86, batch 160]Loss:0.005829428788274527
[train] MAP:0.9900725467735777, MRR:0.990168003054601
[eval] MAP:0.6566043083900225, MRR:0.6575302343159486
[epoch 87, batch 10]Loss:0.017434902489185333
[epoch 87, batch 20]Loss:0.047204434871673584
[epoch 87, batch 30]Loss:0.0026950363535434008
[epoch 87, batch 40]Loss:0.019578825682401657
[epoch 87, batch 50]Loss:0.0020701615139842033
[epoch 87, batch 60]Loss:0.003348833415657282
[epoch 87, batch 70]Loss:0.0279409009963274
[epoch 87, batch 80]Loss:0.0174897201359272
[epoch 87, batch 90]Loss:0.04246564954519272
[epoch 87, batch 100]Loss:0.011579019948840141
[epoch 87, batch 110]Loss:0.0020670578815042973
[epoch 87, batch 120]Loss:0.0006063492619432509
[epoch 87, batch 130]Loss:0.014092652127146721
[epoch 87, batch 140]Loss:0.0010938465129584074
[epoch 87, batch 150]Loss:0.024125825613737106
[epoch 87, batch 160]Loss:0.005541051272302866
[train] MAP:0.9982817869415808, MRR:0.9982817869415808
[eval] MAP:0.6781210632401109, MRR:0.6790469891660368
[epoch 88, batch 10]Loss:0.02164064534008503
[epoch 88, batch 20]Loss:0.0015951964305713773
[epoch 88, batch 30]Loss:0.008240009658038616
[epoch 88, batch 40]Loss:0.011354955844581127
[epoch 88, batch 50]Loss:0.004296081140637398
[epoch 88, batch 60]Loss:0.006185400299727917
[epoch 88, batch 70]Loss:0.004556044936180115
[epoch 88, batch 80]Loss:0.009889677166938782
[epoch 88, batch 90]Loss:0.001070789061486721
[epoch 88, batch 100]Loss:0.0009720290545374155
[epoch 88, batch 110]Loss:0.0018826196901500225
[epoch 88, batch 120]Loss:0.0012242289958521724
[epoch 88, batch 130]Loss:0.002087920904159546
[epoch 88, batch 140]Loss:0.01057719998061657
[epoch 88, batch 150]Loss:0.010421435348689556
[epoch 88, batch 160]Loss:0.012847150675952435
[train] MAP:0.995561282932417, MRR:0.995561282932417
[eval] MAP:0.6769085411942554, MRR:0.6791572184429326
[epoch 89, batch 10]Loss:0.004934519529342651
[epoch 89, batch 20]Loss:0.002792895305901766
[epoch 89, batch 30]Loss:0.00701660243794322
[epoch 89, batch 40]Loss:0.000540061155334115
[epoch 89, batch 50]Loss:0.0013704353477805853
[epoch 89, batch 60]Loss:0.003516114316880703
[epoch 89, batch 70]Loss:0.0007503381348215044
[epoch 89, batch 80]Loss:0.0011613118695095181
[epoch 89, batch 90]Loss:0.0031548351980745792
[epoch 89, batch 100]Loss:0.013527358882129192
[epoch 89, batch 110]Loss:0.01740814745426178
[epoch 89, batch 120]Loss:0.0020807955879718065
[epoch 89, batch 130]Loss:0.008081919513642788
[epoch 89, batch 140]Loss:0.0033084475435316563
[epoch 89, batch 150]Loss:0.016725260764360428
[epoch 89, batch 160]Loss:1.7299516912316903e-05
[train] MAP:0.9963726613211148, MRR:0.9963726613211148
[eval] MAP:0.6808767951625094, MRR:0.6831254724111866
[epoch 90, batch 10]Loss:0.0035294669214636087
[epoch 90, batch 20]Loss:0.0019732972141355276
[epoch 90, batch 30]Loss:0.10945116728544235
[epoch 90, batch 40]Loss:0.00512184202671051
[epoch 90, batch 50]Loss:0.014603974297642708
[epoch 90, batch 60]Loss:0.002795881126075983
[epoch 90, batch 70]Loss:0.005809237714856863
[epoch 90, batch 80]Loss:0.01204602513462305
[epoch 90, batch 90]Loss:0.04990289360284805
[epoch 90, batch 100]Loss:0.004265014082193375
[epoch 90, batch 110]Loss:0.004797009751200676
[epoch 90, batch 120]Loss:0.0028150223661214113
[epoch 90, batch 130]Loss:0.0935826525092125
[epoch 90, batch 140]Loss:0.0005680182948708534
[epoch 90, batch 150]Loss:0.0008035970386117697
[epoch 90, batch 160]Loss:5.0480986828915775e-05
[train] MAP:0.9943394425353189, MRR:0.9943394425353189
[eval] MAP:0.6716175359032501, MRR:0.6738662131519274
[epoch 91, batch 10]Loss:0.0009787960443645716
[epoch 91, batch 20]Loss:0.0012209161650389433
[epoch 91, batch 30]Loss:0.01241946592926979
[epoch 91, batch 40]Loss:0.005468409508466721
[epoch 91, batch 50]Loss:0.015284883789718151
[epoch 91, batch 60]Loss:0.003534834599122405
[epoch 91, batch 70]Loss:0.0029302339535206556
[epoch 91, batch 80]Loss:0.0012405470479279757
[epoch 91, batch 90]Loss:0.020205819979310036
[epoch 91, batch 100]Loss:0.0023541259579360485
[epoch 91, batch 110]Loss:0.0013983233366161585
[epoch 91, batch 120]Loss:0.06198498606681824
[epoch 91, batch 130]Loss:0.003350968472659588
[epoch 91, batch 140]Loss:0.00014776628813706338
[epoch 91, batch 150]Loss:0.000976375478785485
[epoch 91, batch 160]Loss:0.0016900065820664167
[train] MAP:0.9955162821142202, MRR:0.9958599247259042
[eval] MAP:0.6836640211640211, MRR:0.6859126984126984
[epoch 92, batch 10]Loss:0.0015244174282997847
[epoch 92, batch 20]Loss:0.0006562010967172682
[epoch 92, batch 30]Loss:0.009299710392951965
[epoch 92, batch 40]Loss:0.015584003180265427
[epoch 92, batch 50]Loss:0.0029758671298623085
[epoch 92, batch 60]Loss:0.0006653867894783616
[epoch 92, batch 70]Loss:0.004407575819641352
[epoch 92, batch 80]Loss:0.0010252492502331734
[epoch 92, batch 90]Loss:0.02729540690779686
[epoch 92, batch 100]Loss:0.002331069204956293
[epoch 92, batch 110]Loss:0.01911897026002407
[epoch 92, batch 120]Loss:0.007249155547469854
[epoch 92, batch 130]Loss:0.0036302474327385426
[epoch 92, batch 140]Loss:0.008229934610426426
[epoch 92, batch 150]Loss:0.005880037322640419
[epoch 92, batch 160]Loss:0.0034919781610369682
[train] MAP:0.9965063001145475, MRR:0.9965063001145475
[eval] MAP:0.6839285714285716, MRR:0.6861772486772486
[epoch 93, batch 10]Loss:0.04532427713274956
[epoch 93, batch 20]Loss:0.0005095757078379393
[epoch 93, batch 30]Loss:0.0025655855424702168
[epoch 93, batch 40]Loss:0.004197381436824799
[epoch 93, batch 50]Loss:0.001402994734235108
[epoch 93, batch 60]Loss:0.009575782343745232
[epoch 93, batch 70]Loss:0.014920579269528389
[epoch 93, batch 80]Loss:0.04402408376336098
[epoch 93, batch 90]Loss:0.00750815449282527
[epoch 93, batch 100]Loss:0.04310264438390732
[epoch 93, batch 110]Loss:0.011353780515491962
[epoch 93, batch 120]Loss:0.008934635668992996
[epoch 93, batch 130]Loss:0.0003783617285080254
[epoch 93, batch 140]Loss:0.006806757766753435
[epoch 93, batch 150]Loss:0.006061607506126165
[epoch 93, batch 160]Loss:0.0016487451503053308
[train] MAP:0.9962772050400917, MRR:0.9962772050400917
[eval] MAP:0.6748141849332325, MRR:0.6770628621819098
[epoch 94, batch 10]Loss:0.056723251938819885
[epoch 94, batch 20]Loss:0.017466863617300987
[epoch 94, batch 30]Loss:0.06369134038686752
[epoch 94, batch 40]Loss:0.01417541317641735
[epoch 94, batch 50]Loss:0.0037282314151525497
[epoch 94, batch 60]Loss:0.024287724867463112
[epoch 94, batch 70]Loss:0.0011117970570921898
[epoch 94, batch 80]Loss:0.0005963500589132309
[epoch 94, batch 90]Loss:0.003924267832189798
[epoch 94, batch 100]Loss:0.0038161948323249817
[epoch 94, batch 110]Loss:0.00042482471326366067
[epoch 94, batch 120]Loss:0.13421818614006042
[epoch 94, batch 130]Loss:8.732778223929927e-05
[epoch 94, batch 140]Loss:0.01587187498807907
[epoch 94, batch 150]Loss:0.0014489649329334497
[epoch 94, batch 160]Loss:4.0467712096869946e-05
[train] MAP:0.9982817869415808, MRR:0.9982817869415808
[eval] MAP:0.6757275132275132, MRR:0.6779761904761904
[epoch 95, batch 10]Loss:0.002438575029373169
[epoch 95, batch 20]Loss:0.0013775820843875408
[epoch 95, batch 30]Loss:0.03546258434653282
[epoch 95, batch 40]Loss:0.0033538038842380047
[epoch 95, batch 50]Loss:0.007389172445982695
[epoch 95, batch 60]Loss:0.005464079789817333
[epoch 95, batch 70]Loss:0.021227030083537102
[epoch 95, batch 80]Loss:0.02700088545680046
[epoch 95, batch 90]Loss:7.524434477090836e-05
[epoch 95, batch 100]Loss:0.08964461833238602
[epoch 95, batch 110]Loss:0.004607534501701593
[epoch 95, batch 120]Loss:0.013668169267475605
[epoch 95, batch 130]Loss:0.0017457196954637766
[epoch 95, batch 140]Loss:0.004845491144806147
[epoch 95, batch 150]Loss:0.005714891944080591
[epoch 95, batch 160]Loss:0.007281054742634296
[train] MAP:0.9975181366933945, MRR:0.9975181366933945
[eval] MAP:0.6796957671957672, MRR:0.6819444444444445
[epoch 96, batch 10]Loss:0.005253269802778959
[epoch 96, batch 20]Loss:0.006434967275708914
[epoch 96, batch 30]Loss:0.05250333249568939
[epoch 96, batch 40]Loss:0.005261571146547794
[epoch 96, batch 50]Loss:0.02547447569668293
[epoch 96, batch 60]Loss:0.0005529223126359284
[epoch 96, batch 70]Loss:0.0014259240124374628
[epoch 96, batch 80]Loss:0.001032003085128963
[epoch 96, batch 90]Loss:0.009779110550880432
[epoch 96, batch 100]Loss:0.006586783099919558
[epoch 96, batch 110]Loss:0.001155301695689559
[epoch 96, batch 120]Loss:0.0024815620854496956
[epoch 96, batch 130]Loss:0.0005746452952735126
[epoch 96, batch 140]Loss:0.003987051080912352
[epoch 96, batch 150]Loss:0.0018538844306021929
[epoch 96, batch 160]Loss:0.0003925426281057298
[train] MAP:0.9955544646266296, MRR:0.9958408334696994
[eval] MAP:0.6717592592592592, MRR:0.6740079365079364
[epoch 97, batch 10]Loss:0.009517635218799114
[epoch 97, batch 20]Loss:0.0015597939491271973
[epoch 97, batch 30]Loss:0.0007794415578246117
[epoch 97, batch 40]Loss:0.0033548930659890175
[epoch 97, batch 50]Loss:0.0023751507978886366
[epoch 97, batch 60]Loss:0.0019420958124101162
[epoch 97, batch 70]Loss:0.00037755645462311804
[epoch 97, batch 80]Loss:0.00034147535916417837
[epoch 97, batch 90]Loss:0.000827341340482235/home/xh2018/anaconda3/lib/python3.6/site-packages/h5py/__init__.py:36: FutureWarning: Conversion of the second argument of issubdtype from `float` to `np.floating` is deprecated. In future, it will be treated as `np.float64 == np.dtype(float).type`.
  from ._conv import register_converters as _register_converters

[epoch 97, batch 100]Loss:0.0008357505430467427
[epoch 97, batch 110]Loss:0.005077158100903034
[epoch 97, batch 120]Loss:0.0007660437258891761
[epoch 97, batch 130]Loss:0.012678724713623524
[epoch 97, batch 140]Loss:0.008126560598611832
[epoch 97, batch 150]Loss:0.016309041529893875
[epoch 97, batch 160]Loss:3.2335406103811692e-06
[train] MAP:0.9980813287514319, MRR:0.9980813287514319
[eval] MAP:0.6812830687830688, MRR:0.683531746031746
[epoch 98, batch 10]Loss:0.006132671609520912
[epoch 98, batch 20]Loss:0.008603071793913841
[epoch 98, batch 30]Loss:0.0006955721764825284
[epoch 98, batch 40]Loss:0.0039012969937175512
[epoch 98, batch 50]Loss:0.001714239246211946
[epoch 98, batch 60]Loss:0.04220478981733322
[epoch 98, batch 70]Loss:0.08033493161201477
[epoch 98, batch 80]Loss:0.003734458237886429
[epoch 98, batch 90]Loss:0.005748282186686993
[epoch 98, batch 100]Loss:0.014348621480166912
[epoch 98, batch 110]Loss:0.0006201592623256147
[epoch 98, batch 120]Loss:0.004632946103811264
[epoch 98, batch 130]Loss:0.0022447386290878057
[epoch 98, batch 140]Loss:0.009695309214293957
[epoch 98, batch 150]Loss:0.0001322767639067024
[epoch 98, batch 160]Loss:0.005152602680027485
[train] MAP:0.9915453008236514, MRR:0.991449844542628
[eval] MAP:0.673469387755102, MRR:0.6757180650037792
[epoch 99, batch 10]Loss:0.08527670800685883
[epoch 99, batch 20]Loss:0.010502157732844353
[epoch 99, batch 30]Loss:0.01758226379752159
[epoch 99, batch 40]Loss:0.0008605782641097903
[epoch 99, batch 50]Loss:0.009242592379450798
[epoch 99, batch 60]Loss:0.008553678169846535
[epoch 99, batch 70]Loss:0.03564567491412163
[epoch 99, batch 80]Loss:0.01820933260023594
[epoch 99, batch 90]Loss:0.049320392310619354
[epoch 99, batch 100]Loss:0.030415888875722885
[epoch 99, batch 110]Loss:0.02022121474146843
[epoch 99, batch 120]Loss:0.003972082398831844
[epoch 99, batch 130]Loss:0.004582647699862719
[epoch 99, batch 140]Loss:0.009422652423381805
[epoch 99, batch 150]Loss:0.005206867586821318
[epoch 99, batch 160]Loss:0.0010944090317934752
[train] MAP:0.9973654066437572, MRR:0.9973654066437572
[eval] MAP:0.674152809271857, MRR:0.6750787351977828
