2018-12-03 19:07:45.699803: I tensorflow/core/platform/cpu_feature_guard.cc:141] Your CPU supports instructions that this TensorFlow binary was not compiled to use: AVX2 FMA
300
Pre-trained: 26838 (92.18%)
(?, 100, 128)
[epoch 0, batch 10]Loss:0.19446244835853577
[epoch 0, batch 20]Loss:0.14202898740768433
[epoch 0, batch 30]Loss:0.23691166937351227
[epoch 0, batch 40]Loss:0.23412707448005676
[epoch 0, batch 50]Loss:0.2122052013874054
[epoch 0, batch 60]Loss:0.1429780274629593
[epoch 0, batch 70]Loss:0.2368910014629364
[epoch 0, batch 80]Loss:0.09151804447174072
[epoch 0, batch 90]Loss:0.14028842747211456
[epoch 0, batch 100]Loss:0.18916736543178558
[epoch 0, batch 110]Loss:0.2340197116136551
[epoch 0, batch 120]Loss:0.2342188060283661
[epoch 0, batch 130]Loss:0.3215581774711609
[epoch 0, batch 140]Loss:0.167784184217453
[epoch 0, batch 150]Loss:0.2340778112411499
[epoch 0, batch 160]Loss:0.056115664541721344
[train] MAP:0.607650818457862, MRR:0.6124034478852116
[eval] MAP:0.6727891156462585, MRR:0.6750377928949357
[epoch 1, batch 10]Loss:0.14058130979537964
[epoch 1, batch 20]Loss:0.1661357432603836
[epoch 1, batch 30]Loss:0.23434999585151672
[epoch 1, batch 40]Loss:0.21218737959861755
[epoch 1, batch 50]Loss:0.2871028482913971
[epoch 1, batch 60]Loss:0.3062957227230072
[epoch 1, batch 70]Loss:0.12220300734043121
[epoch 1, batch 80]Loss:0.21208852529525757
[epoch 1, batch 90]Loss:0.16600829362869263
[epoch 1, batch 100]Loss:0.16827696561813354
[epoch 1, batch 110]Loss:0.14255265891551971
[epoch 1, batch 120]Loss:0.09502393007278442
[epoch 1, batch 130]Loss:0.12032704800367355
[epoch 1, batch 140]Loss:0.16618973016738892
[epoch 1, batch 150]Loss:0.21356794238090515
[epoch 1, batch 160]Loss:0.05085042864084244
[train] MAP:0.607650818457862, MRR:0.6124034478852116
[eval] MAP:0.6727891156462585, MRR:0.6750377928949357
[epoch 2, batch 10]Loss:0.07483358681201935
[epoch 2, batch 20]Loss:0.21238042414188385
[epoch 2, batch 30]Loss:0.16677235066890717
[epoch 2, batch 40]Loss:0.26019445061683655
[epoch 2, batch 50]Loss:0.23547552525997162
[epoch 2, batch 60]Loss:0.189192533493042
[epoch 2, batch 70]Loss:0.1893160492181778
[epoch 2, batch 80]Loss:0.23402397334575653
[epoch 2, batch 90]Loss:0.2390369325876236
[epoch 2, batch 100]Loss:0.16624054312705994
[epoch 2, batch 110]Loss:0.16590625047683716
[epoch 2, batch 120]Loss:0.21233057975769043
[epoch 2, batch 130]Loss:0.21267324686050415
[epoch 2, batch 140]Loss:0.25852876901626587
[epoch 2, batch 150]Loss:0.21203117072582245
[epoch 2, batch 160]Loss:0.4088035821914673
[train] MAP:0.607650818457862, MRR:0.6124034478852116
[eval] MAP:0.6727891156462585, MRR:0.6750377928949357
[epoch 3, batch 10]Loss:0.17313814163208008
[epoch 3, batch 20]Loss:0.16947847604751587
[epoch 3, batch 30]Loss:0.16650637984275818
[epoch 3, batch 40]Loss:0.2127905637025833
[epoch 3, batch 50]Loss:0.18922895193099976
[epoch 3, batch 60]Loss:0.21208591759204865
[epoch 3, batch 70]Loss:0.23389214277267456
[epoch 3, batch 80]Loss:0.16452458500862122
[epoch 3, batch 90]Loss:0.3701891601085663
[epoch 3, batch 100]Loss:0.33306384086608887
[epoch 3, batch 110]Loss:0.12352029234170914
[epoch 3, batch 120]Loss:0.23443174362182617
[epoch 3, batch 130]Loss:0.12157473713159561
[epoch 3, batch 140]Loss:0.1896781623363495
[epoch 3, batch 150]Loss:0.21279212832450867
[epoch 3, batch 160]Loss:0.4331890940666199
[train] MAP:0.607650818457862, MRR:0.6124034478852116
[eval] MAP:0.6727891156462585, MRR:0.6750377928949357
[epoch 4, batch 10]Loss:0.21271784603595734
[epoch 4, batch 20]Loss:0.1671140342950821
[epoch 4, batch 30]Loss:0.18954235315322876
[epoch 4, batch 40]Loss:0.21208085119724274
[epoch 4, batch 50]Loss:0.3031955361366272
[epoch 4, batch 60]Loss:0.16755445301532745
[epoch 4, batch 70]Loss:0.16942082345485687
[epoch 4, batch 80]Loss:0.18981754779815674
[epoch 4, batch 90]Loss:0.14399823546409607
[epoch 4, batch 100]Loss:0.14494840800762177
[epoch 4, batch 110]Loss:0.140269935131073
[epoch 4, batch 120]Loss:0.16539256274700165
[epoch 4, batch 130]Loss:0.16669011116027832
[epoch 4, batch 140]Loss:0.08368512988090515
[epoch 4, batch 150]Loss:0.2666460871696472
[epoch 4, batch 160]Loss:0.7864121198654175
[train] MAP:0.607650818457862, MRR:0.6124034478852116
[eval] MAP:0.6727891156462585, MRR:0.6750377928949357
[epoch 5, batch 10]Loss:0.23379549384117126
[epoch 5, batch 20]Loss:0.23465730249881744
[epoch 5, batch 30]Loss:0.1901160180568695
[epoch 5, batch 40]Loss:0.26299363374710083
[epoch 5, batch 50]Loss:0.23501648008823395
[epoch 5, batch 60]Loss:0.23433101177215576
[epoch 5, batch 70]Loss:0.19036468863487244
[epoch 5, batch 80]Loss:0.1661384403705597
[epoch 5, batch 90]Loss:0.14083364605903625
[epoch 5, batch 100]Loss:0.21229933202266693
[epoch 5, batch 110]Loss:0.17063051462173462
[epoch 5, batch 120]Loss:0.09702496230602264
[epoch 5, batch 130]Loss:0.18929670751094818
[epoch 5, batch 140]Loss:0.16525053977966309
[epoch 5, batch 150]Loss:0.07532067596912384
[epoch 5, batch 160]Loss:0.049150750041007996
[train] MAP:0.607650818457862, MRR:0.6124034478852116
[eval] MAP:0.6727891156462585, MRR:0.6750377928949357
[epoch 6, batch 10]Loss:0.16629481315612793
[epoch 6, batch 20]Loss:0.21210870146751404
[epoch 6, batch 30]Loss:0.14965857565402985
[epoch 6, batch 40]Loss:0.1458251178264618
[epoch 6, batch 50]Loss:0.30865004658699036
[epoch 6, batch 60]Loss:0.14233052730560303
[epoch 6, batch 70]Loss:0.11899163573980331
[epoch 6, batch 80]Loss:0.21227620542049408
[epoch 6, batch 90]Loss:0.21305295825004578
[epoch 6, batch 100]Loss:0.23811151087284088
[epoch 6, batch 110]Loss:0.3044847846031189
[epoch 6, batch 120]Loss:0.135204017162323
[epoch 6, batch 130]Loss:0.21297384798526764
[epoch 6, batch 140]Loss:0.18953311443328857
[epoch 6, batch 150]Loss:0.11830107867717743
[epoch 6, batch 160]Loss:0.049148932099342346
[train] MAP:0.607650818457862, MRR:0.6124034478852116
[eval] MAP:0.6727891156462585, MRR:0.6750377928949357
[epoch 7, batch 10]Loss:0.32974135875701904
[epoch 7, batch 20]Loss:0.14765053987503052
[epoch 7, batch 30]Loss:0.14252862334251404
[epoch 7, batch 40]Loss:0.21475890278816223
[epoch 7, batch 50]Loss:0.23724624514579773
[epoch 7, batch 60]Loss:0.14436165988445282
[epoch 7, batch 70]Loss:0.14583534002304077
[epoch 7, batch 80]Loss:0.21244564652442932
[epoch 7, batch 90]Loss:0.189721941947937
[epoch 7, batch 100]Loss:0.21282321214675903
[epoch 7, batch 110]Loss:0.1919860541820526
[epoch 7, batch 120]Loss:0.21209101378917694
[epoch 7, batch 130]Loss:0.14463521540164948
[epoch 7, batch 140]Loss:0.3037419021129608
[epoch 7, batch 150]Loss:0.25739261507987976
[epoch 7, batch 160]Loss:0.060671575367450714
[train] MAP:0.607650818457862, MRR:0.6124034478852116
[eval] MAP:0.6727891156462585, MRR:0.6750377928949357
[epoch 8, batch 10]Loss:0.12332484871149063
[epoch 8, batch 20]Loss:0.21288233995437622
[epoch 8, batch 30]Loss:0.2813495993614197
[epoch 8, batch 40]Loss:0.1427842229604721
[epoch 8, batch 50]Loss:0.236807718873024
[epoch 8, batch 60]Loss:0.12191444635391235
[epoch 8, batch 70]Loss:0.1902296245098114
[epoch 8, batch 80]Loss:0.26341021060943604
[epoch 8, batch 90]Loss:0.14693333208560944
[epoch 8, batch 100]Loss:0.1906190663576126
[epoch 8, batch 110]Loss:0.16555869579315186
[epoch 8, batch 120]Loss:0.2816230058670044
[epoch 8, batch 130]Loss:0.14957043528556824
[epoch 8, batch 140]Loss:0.23506562411785126
[epoch 8, batch 150]Loss:0.28795453906059265
[epoch 8, batch 160]Loss:0.050793640315532684
[train] MAP:0.607650818457862, MRR:0.6124034478852116
[eval] MAP:0.6727891156462585, MRR:0.6750377928949357
[epoch 9, batch 10]Loss:0.2199615240097046
[epoch 9, batch 20]Loss:0.06625066697597504
[epoch 9, batch 30]Loss:0.18966907262802124
[epoch 9, batch 40]Loss:0.21217916905879974
[epoch 9, batch 50]Loss:0.2789517343044281
[epoch 9, batch 60]Loss:0.21228867769241333
[epoch 9, batch 70]Loss:0.21211832761764526
[epoch 9, batch 80]Loss:0.1650925576686859
[epoch 9, batch 90]Loss:0.18972954154014587
[epoch 9, batch 100]Loss:0.2605568766593933
[epoch 9, batch 110]Loss:0.14251147210597992
[epoch 9, batch 120]Loss:0.18965402245521545
[epoch 9, batch 130]Loss:0.1927163004875183
[epoch 9, batch 140]Loss:0.14030826091766357
[epoch 9, batch 150]Loss:0.27513599395751953
[epoch 9, batch 160]Loss:0.048421211540699005
[train] MAP:0.607650818457862, MRR:0.6124034478852116
[eval] MAP:0.6727891156462585, MRR:0.6750377928949357
[epoch 10, batch 10]Loss:0.21266449987888336
[epoch 10, batch 20]Loss:0.14084018766880035
[epoch 10, batch 30]Loss:0.1879553347826004
[epoch 10, batch 40]Loss:0.23260271549224854
[epoch 10, batch 50]Loss:0.19318193197250366
[epoch 10, batch 60]Loss:0.23588673770427704
[epoch 10, batch 70]Loss:0.21340738236904144
[epoch 10, batch 80]Loss:0.14554326236248016
[epoch 10, batch 90]Loss:0.14581499993801117
[epoch 10, batch 100]Loss:0.2121349424123764
[epoch 10, batch 110]Loss:0.21231365203857422
[epoch 10, batch 120]Loss:0.2822893261909485
[epoch 10, batch 130]Loss:0.2570837140083313
[epoch 10, batch 140]Loss:0.189492329955101
[epoch 10, batch 150]Loss:0.23670023679733276
[epoch 10, batch 160]Loss:0.04553547501564026
[train] MAP:0.607650818457862, MRR:0.6124034478852116
[eval] MAP:0.6727891156462585, MRR:0.6750377928949357
[epoch 11, batch 10]Loss:0.11796759068965912
[epoch 11, batch 20]Loss:0.21216042339801788
[epoch 11, batch 30]Loss:0.25849780440330505
[epoch 11, batch 40]Loss:0.18920990824699402
[epoch 11, batch 50]Loss:0.1425374448299408
[epoch 11, batch 60]Loss:0.18951815366744995
[epoch 11, batch 70]Loss:0.16595673561096191
[epoch 11, batch 80]Loss:0.18931365013122559
[epoch 11, batch 90]Loss:0.27798837423324585
[epoch 11, batch 100]Loss:0.21225401759147644
[epoch 11, batch 110]Loss:0.2353234887123108
[epoch 11, batch 120]Loss:0.23760168254375458
[epoch 11, batch 130]Loss:0.21308577060699463
[epoch 11, batch 140]Loss:0.23561720550060272
[epoch 11, batch 150]Loss:0.14459951221942902
[epoch 11, batch 160]Loss:0.062218077480793
[train] MAP:0.607650818457862, MRR:0.6124034478852116
[eval] MAP:0.6727891156462585, MRR:0.6750377928949357
[epoch 12, batch 10]Loss:0.23509691655635834
[epoch 12, batch 20]Loss:0.10203754901885986
[epoch 12, batch 30]Loss:0.2127685546875
[epoch 12, batch 40]Loss:0.18921732902526855
[epoch 12, batch 50]Loss:0.1191757321357727
[epoch 12, batch 60]Loss:0.2361774891614914
[epoch 12, batch 70]Loss:0.3020091652870178
[epoch 12, batch 80]Loss:0.21210770308971405
[epoch 12, batch 90]Loss:0.16561058163642883
[epoch 12, batch 100]Loss:0.09363685548305511
[epoch 12, batch 110]Loss:0.1437593400478363
[epoch 12, batch 120]Loss:0.21248513460159302
[epoch 12, batch 130]Loss:0.14351266622543335
[epoch 12, batch 140]Loss:0.18988698720932007
[epoch 12, batch 150]Loss:0.21209871768951416
[epoch 12, batch 160]Loss:0.05635048449039459
[train] MAP:0.607650818457862, MRR:0.6124034478852116
[eval] MAP:0.6727891156462585, MRR:0.6750377928949357
[epoch 13, batch 10]Loss:0.1422056406736374
[epoch 13, batch 20]Loss:0.21323488652706146
[epoch 13, batch 30]Loss:0.2128468155860901
[epoch 13, batch 40]Loss:0.23424439132213593
[epoch 13, batch 50]Loss:0.16707846522331238
[epoch 13, batch 60]Loss:0.18989479541778564
[epoch 13, batch 70]Loss:0.16875071823596954
[epoch 13, batch 80]Loss:0.23562589287757874
[epoch 13, batch 90]Loss:0.21242159605026245
[epoch 13, batch 100]Loss:0.18938112258911133
[epoch 13, batch 110]Loss:0.18923135101795197
[epoch 13, batch 120]Loss:0.18960563838481903
[epoch 13, batch 130]Loss:0.16869372129440308
[epoch 13, batch 140]Loss:0.1904924511909485
[epoch 13, batch 150]Loss:0.1433963179588318
[epoch 13, batch 160]Loss:0.04086709022521973
[train] MAP:0.607650818457862, MRR:0.6124034478852116
[eval] MAP:0.6727891156462585, MRR:0.6750377928949357
[epoch 14, batch 10]Loss:0.290070116519928
[epoch 14, batch 20]Loss:0.2122393548488617
[epoch 14, batch 30]Loss:0.10653215646743774
[epoch 14, batch 40]Loss:0.16876178979873657
[epoch 14, batch 50]Loss:0.14205464720726013
[epoch 14, batch 60]Loss:0.16520094871520996
[epoch 14, batch 70]Loss:0.21260622143745422
[epoch 14, batch 80]Loss:0.16543063521385193
[epoch 14, batch 90]Loss:0.235922709107399
[epoch 14, batch 100]Loss:0.12154179811477661
[epoch 14, batch 110]Loss:0.2787119746208191
[epoch 14, batch 120]Loss:0.34080737829208374
[epoch 14, batch 130]Loss:0.10038968920707703
[epoch 14, batch 140]Loss:0.18936525285243988
[epoch 14, batch 150]Loss:0.1892295628786087
[epoch 14, batch 160]Loss:0.05162884294986725
[train] MAP:0.607650818457862, MRR:0.6124034478852116
[eval] MAP:0.6727891156462585, MRR:0.6750377928949357
[epoch 15, batch 10]Loss:0.1650232970714569
[epoch 15, batch 20]Loss:0.21468019485473633
[epoch 15, batch 30]Loss:0.18923065066337585
[epoch 15, batch 40]Loss:0.18930867314338684
[epoch 15, batch 50]Loss:0.23831801116466522
[epoch 15, batch 60]Loss:0.2136540412902832
[epoch 15, batch 70]Loss:0.23423214256763458
[epoch 15, batch 80]Loss:0.23379458487033844
[epoch 15, batch 90]Loss:0.16914862394332886
[epoch 15, batch 100]Loss:0.16722603142261505
[epoch 15, batch 110]Loss:0.21217986941337585
[epoch 15, batch 120]Loss:0.16806213557720184
[epoch 15, batch 130]Loss:0.16881294548511505
[epoch 15, batch 140]Loss:0.3293357491493225
[epoch 15, batch 150]Loss:0.19033421576023102
[epoch 15, batch 160]Loss:0.05307833477854729
[train] MAP:0.607650818457862, MRR:0.6124034478852116
[eval] MAP:0.6727891156462585, MRR:0.6750377928949357
[epoch 16, batch 10]Loss:0.23672086000442505
[epoch 16, batch 20]Loss:0.16529971361160278
[epoch 16, batch 30]Loss:0.11963783204555511
[epoch 16, batch 40]Loss:0.16966649889945984
[epoch 16, batch 50]Loss:0.34625574946403503
[epoch 16, batch 60]Loss:0.1657279133796692
[epoch 16, batch 70]Loss:0.18935823440551758
[epoch 16, batch 80]Loss:0.25893136858940125
[epoch 16, batch 90]Loss:0.18944784998893738
[epoch 16, batch 100]Loss:0.256356418132782
[epoch 16, batch 110]Loss:0.21224278211593628
[epoch 16, batch 120]Loss:0.09454040229320526
[epoch 16, batch 130]Loss:0.16513486206531525
[epoch 16, batch 140]Loss:0.18926577270030975
[epoch 16, batch 150]Loss:0.1670275628566742
[epoch 16, batch 160]Loss:0.060119662433862686
[train] MAP:0.607650818457862, MRR:0.6124034478852116
[eval] MAP:0.6727891156462585, MRR:0.6750377928949357
[epoch 17, batch 10]Loss:0.18927383422851562
[epoch 17, batch 20]Loss:0.2357923686504364
[epoch 17, batch 30]Loss:0.235081747174263
[epoch 17, batch 40]Loss:0.23404774069786072
[epoch 17, batch 50]Loss:0.21259184181690216
[epoch 17, batch 60]Loss:0.21370701491832733
[epoch 17, batch 70]Loss:0.1652199923992157
[epoch 17, batch 80]Loss:0.3308826684951782
[epoch 17, batch 90]Loss:0.25634878873825073
[epoch 17, batch 100]Loss:0.2344987839460373
[epoch 17, batch 110]Loss:0.2345711588859558
[epoch 17, batch 120]Loss:0.16680952906608582
[epoch 17, batch 130]Loss:0.16838794946670532
[epoch 17, batch 140]Loss:0.12589561939239502
[epoch 17, batch 150]Loss:0.12019062042236328
[epoch 17, batch 160]Loss:0.046202998608350754
[train] MAP:0.607650818457862, MRR:0.6124034478852116
[eval] MAP:0.6727891156462585, MRR:0.6750377928949357
[epoch 18, batch 10]Loss:0.23694676160812378
[epoch 18, batch 20]Loss:0.16618965566158295
[epoch 18, batch 30]Loss:0.3230785131454468
[epoch 18, batch 40]Loss:0.31990116834640503
[epoch 18, batch 50]Loss:0.23415976762771606
[epoch 18, batch 60]Loss:0.23639538884162903
[epoch 18, batch 70]Loss:0.18928831815719604
[epoch 18, batch 80]Loss:0.2340293675661087
[epoch 18, batch 90]Loss:0.18999412655830383
[epoch 18, batch 100]Loss:0.1652379035949707
[epoch 18, batch 110]Loss:0.18987059593200684
[epoch 18, batch 120]Loss:0.26146969199180603
[epoch 18, batch 130]Loss:0.26010650396347046
[epoch 18, batch 140]Loss:0.21213969588279724
[epoch 18, batch 150]Loss:0.16636532545089722
[epoch 18, batch 160]Loss:0.05717213451862335
[train] MAP:0.607650818457862, MRR:0.6124034478852116
[eval] MAP:0.6727891156462585, MRR:0.6750377928949357
[epoch 19, batch 10]Loss:0.212093323469162
[epoch 19, batch 20]Loss:0.14754754304885864
[epoch 19, batch 30]Loss:0.23565547168254852
[epoch 19, batch 40]Loss:0.12003415822982788
[epoch 19, batch 50]Loss:0.23644255101680756
[epoch 19, batch 60]Loss:0.21214720606803894
[epoch 19, batch 70]Loss:0.2123628556728363
[epoch 19, batch 80]Loss:0.2130594700574875
[epoch 19, batch 90]Loss:0.23718392848968506
[epoch 19, batch 100]Loss:0.23463359475135803
[epoch 19, batch 110]Loss:0.256926953792572
[epoch 19, batch 120]Loss:0.1659681797027588
[epoch 19, batch 130]Loss:0.14116621017456055
[epoch 19, batch 140]Loss:0.18997757136821747
[epoch 19, batch 150]Loss:0.1908436268568039
[epoch 19, batch 160]Loss:0.052163638174533844
[train] MAP:0.607650818457862, MRR:0.6124034478852116
[eval] MAP:0.6727891156462585, MRR:0.6750377928949357
[epoch 20, batch 10]Loss:0.2382565289735794
[epoch 20, batch 20]Loss:0.260090172290802
[epoch 20, batch 30]Loss:0.3255866765975952
[epoch 20, batch 40]Loss:0.17023414373397827
[epoch 20, batch 50]Loss:0.23410442471504211
[epoch 20, batch 60]Loss:0.2353469431400299
[epoch 20, batch 70]Loss:0.1424131691455841
[epoch 20, batch 80]Loss:0.23897728323936462
[epoch 20, batch 90]Loss:0.2597638666629791
[epoch 20, batch 100]Loss:0.25504523515701294
[epoch 20, batch 110]Loss:0.25467970967292786
[epoch 20, batch 120]Loss:0.23513439297676086
[epoch 20, batch 130]Loss:0.21278908848762512
[epoch 20, batch 140]Loss:0.14227521419525146
[epoch 20, batch 150]Loss:0.18934020400047302
[epoch 20, batch 160]Loss:0.04330110922455788
[train] MAP:0.607650818457862, MRR:0.6124034478852116
[eval] MAP:0.6727891156462585, MRR:0.6750377928949357
[epoch 21, batch 10]Loss:0.32453471422195435
[epoch 21, batch 20]Loss:0.16751669347286224
[epoch 21, batch 30]Loss:0.081477090716362
[epoch 21, batch 40]Loss:0.1417672038078308
[epoch 21, batch 50]Loss:0.260772168636322
[epoch 21, batch 60]Loss:0.23448461294174194
[epoch 21, batch 70]Loss:0.2338649332523346
[epoch 21, batch 80]Loss:0.17038878798484802
[epoch 21, batch 90]Loss:0.14540638029575348
[epoch 21, batch 100]Loss:0.25894659757614136
[epoch 21, batch 110]Loss:0.09528294205665588
[epoch 21, batch 120]Loss:0.14304043352603912
[epoch 21, batch 130]Loss:0.2615072429180145
[epoch 21, batch 140]Loss:0.18923451006412506
[epoch 21, batch 150]Loss:0.28306078910827637
[epoch 21, batch 160]Loss:0.053092002868652344
[train] MAP:0.607650818457862, MRR:0.6124034478852116
[eval] MAP:0.6727891156462585, MRR:0.6750377928949357
[epoch 22, batch 10]Loss:0.18921451270580292
[epoch 22, batch 20]Loss:0.14080621302127838
[epoch 22, batch 30]Loss:0.14248360693454742
[epoch 22, batch 40]Loss:0.165533646941185
[epoch 22, batch 50]Loss:0.35836127400398254
[epoch 22, batch 60]Loss:0.12786146998405457
[epoch 22, batch 70]Loss:0.23402094841003418
[epoch 22, batch 80]Loss:0.21261778473854065
[epoch 22, batch 90]Loss:0.10038278251886368
[epoch 22, batch 100]Loss:0.3270918130874634
[epoch 22, batch 110]Loss:0.2343178391456604
[epoch 22, batch 120]Loss:0.21217289566993713
[epoch 22, batch 130]Loss:0.1666690707206726
[epoch 22, batch 140]Loss:0.21349406242370605
[epoch 22, batch 150]Loss:0.16622471809387207
[epoch 22, batch 160]Loss:0.05659797787666321
[train] MAP:0.607650818457862, MRR:0.6124034478852116
[eval] MAP:0.6727891156462585, MRR:0.6750377928949357
[epoch 23, batch 10]Loss:0.1425950825214386
[epoch 23, batch 20]Loss:0.25936785340309143
[epoch 23, batch 30]Loss:0.14229702949523926
[epoch 23, batch 40]Loss:0.26285630464553833
[epoch 23, batch 50]Loss:0.1895190179347992
[epoch 23, batch 60]Loss:0.07834918797016144
[epoch 23, batch 70]Loss:0.12552933394908905
[epoch 23, batch 80]Loss:0.23426878452301025
[epoch 23, batch 90]Loss:0.1042717844247818
[epoch 23, batch 100]Loss:0.18977299332618713
[epoch 23, batch 110]Loss:0.2345934957265854
[epoch 23, batch 120]Loss:0.21341381967067719
[epoch 23, batch 130]Loss:0.29472097754478455
[epoch 23, batch 140]Loss:0.11905381083488464
[epoch 23, batch 150]Loss:0.2882732152938843
[epoch 23, batch 160]Loss:0.05100186914205551
[train] MAP:0.607650818457862, MRR:0.6124034478852116
[eval] MAP:0.6727891156462585, MRR:0.6750377928949357
[epoch 24, batch 10]Loss:0.2874338626861572
[epoch 24, batch 20]Loss:0.16698753833770752
[epoch 24, batch 30]Loss:0.2339784950017929
[epoch 24, batch 40]Loss:0.2562404274940491
[epoch 24, batch 50]Loss:0.18929238617420197
[epoch 24, batch 60]Loss:0.2367294728755951
[epoch 24, batch 70]Loss:0.23625177145004272
[epoch 24, batch 80]Loss:0.1433108001947403
[epoch 24, batch 90]Loss:0.23436307907104492
[epoch 24, batch 100]Loss:0.1656152307987213
[epoch 24, batch 110]Loss:0.32901883125305176
[epoch 24, batch 120]Loss:0.17084047198295593
[epoch 24, batch 130]Loss:0.21212689578533173
[epoch 24, batch 140]Loss:0.23916921019554138
[epoch 24, batch 150]Loss:0.21269649267196655
[epoch 24, batch 160]Loss:0.41181308031082153
[train] MAP:0.607650818457862, MRR:0.6124034478852116
[eval] MAP:0.6727891156462585, MRR:0.6750377928949357
[epoch 25, batch 10]Loss:0.10436466336250305
[epoch 25, batch 20]Loss:0.2626708149909973
[epoch 25, batch 30]Loss:0.23638609051704407
[epoch 25, batch 40]Loss:0.18920904397964478
[epoch 25, batch 50]Loss:0.14421716332435608
[epoch 25, batch 60]Loss:0.2569519281387329
[epoch 25, batch 70]Loss:0.29998093843460083
[epoch 25, batch 80]Loss:0.16887474060058594
[epoch 25, batch 90]Loss:0.1419079750776291
[epoch 25, batch 100]Loss:0.3123839497566223
[epoch 25, batch 110]Loss:0.25620999932289124
[epoch 25, batch 120]Loss:0.21263250708580017
[epoch 25, batch 130]Loss:0.19006863236427307
[epoch 25, batch 140]Loss:0.23557469248771667
[epoch 25, batch 150]Loss:0.21291208267211914
[epoch 25, batch 160]Loss:0.41381219029426575
[train] MAP:0.607650818457862, MRR:0.6124034478852116
[eval] MAP:0.6727891156462585, MRR:0.6750377928949357
[epoch 26, batch 10]Loss:0.25599175691604614
[epoch 26, batch 20]Loss:0.23461668193340302
[epoch 26, batch 30]Loss:0.14572811126708984
[epoch 26, batch 40]Loss:0.18923163414001465
[epoch 26, batch 50]Loss:0.18940427899360657
[epoch 26, batch 60]Loss:0.18927094340324402
[epoch 26, batch 70]Loss:0.21210384368896484
[epoch 26, batch 80]Loss:0.1440454125404358
[epoch 26, batch 90]Loss:0.28213778138160706
[epoch 26, batch 100]Loss:0.23531490564346313
[epoch 26, batch 110]Loss:0.16859835386276245
[epoch 26, batch 120]Loss:0.1656019687652588
[epoch 26, batch 130]Loss:0.2127944827079773
[epoch 26, batch 140]Loss:0.21209514141082764
[epoch 26, batch 150]Loss:0.21210873126983643
[epoch 26, batch 160]Loss:0.7882417440414429
[train] MAP:0.607650818457862, MRR:0.6124034478852116
[eval] MAP:0.6727891156462585, MRR:0.6750377928949357
[epoch 27, batch 10]Loss:0.16734419763088226
[epoch 27, batch 20]Loss:0.11975038051605225
[epoch 27, batch 30]Loss:0.16635793447494507
[epoch 27, batch 40]Loss:0.2788640260696411
[epoch 27, batch 50]Loss:0.16855467855930328
[epoch 27, batch 60]Loss:0.14234580099582672
[epoch 27, batch 70]Loss:0.3658067286014557
[epoch 27, batch 80]Loss:0.2805175185203552
[epoch 27, batch 90]Loss:0.23459774255752563
[epoch 27, batch 100]Loss:0.2125605046749115
[epoch 27, batch 110]Loss:0.2768138349056244
[epoch 27, batch 120]Loss:0.23501503467559814
[epoch 27, batch 130]Loss:0.11739101260900497
[epoch 27, batch 140]Loss:0.2368144392967224
[epoch 27, batch 150]Loss:0.21223285794258118
[epoch 27, batch 160]Loss:0.05467987060546875
[train] MAP:0.607650818457862, MRR:0.6124034478852116
[eval] MAP:0.6727891156462585, MRR:0.6750377928949357
[epoch 28, batch 10]Loss:0.2363729327917099
[epoch 28, batch 20]Loss:0.12205515801906586
[epoch 28, batch 30]Loss:0.18986934423446655
[epoch 28, batch 40]Loss:0.14181606471538544
[epoch 28, batch 50]Loss:0.18921029567718506
[epoch 28, batch 60]Loss:0.16699180006980896
[epoch 28, batch 70]Loss:0.23381592333316803
[epoch 28, batch 80]Loss:0.25566309690475464
[epoch 28, batch 90]Loss:0.11991499364376068
[epoch 28, batch 100]Loss:0.16501367092132568
[epoch 28, batch 110]Loss:0.23566916584968567
[epoch 28, batch 120]Loss:0.1446571946144104
[epoch 28, batch 130]Loss:0.2597827613353729
[epoch 28, batch 140]Loss:0.23490244150161743
[epoch 28, batch 150]Loss:0.23455771803855896
[epoch 28, batch 160]Loss:0.05282429978251457
[train] MAP:0.607650818457862, MRR:0.6124034478852116
[eval] MAP:0.6727891156462585, MRR:0.6750377928949357
[epoch 29, batch 10]Loss:0.1653655767440796
[epoch 29, batch 20]Loss:0.18921992182731628
[epoch 29, batch 30]Loss:0.14383330941200256
[epoch 29, batch 40]Loss:0.09652584791183472
[epoch 29, batch 50]Loss:0.26016461849212646
[epoch 29, batch 60]Loss:0.28353816270828247
[epoch 29, batch 70]Loss:0.18922100961208344
[epoch 29, batch 80]Loss:0.11738327145576477
[epoch 29, batch 90]Loss:0.18927276134490967
[epoch 29, batch 100]Loss:0.30164140462875366
[epoch 29, batch 110]Loss:0.19352799654006958
[epoch 29, batch 120]Loss:0.2347121387720108
[epoch 29, batch 130]Loss:0.12092730402946472
[epoch 29, batch 140]Loss:0.1669047474861145
[epoch 29, batch 150]Loss:0.2122197300195694
[epoch 29, batch 160]Loss:0.7749469876289368
[train] MAP:0.607650818457862, MRR:0.6124034478852116
[eval] MAP:0.6727891156462585, MRR:0.6750377928949357
[epoch 30, batch 10]Loss:0.1923072636127472
[epoch 30, batch 20]Loss:0.2121487855911255
[epoch 30, batch 30]Loss:0.21223850548267365
[epoch 30, batch 40]Loss:0.16643673181533813
[epoch 30, batch 50]Loss:0.16677814722061157
[epoch 30, batch 60]Loss:0.16519507765769958
[epoch 30, batch 70]Loss:0.2850841283798218
[epoch 30, batch 80]Loss:0.14821931719779968
[epoch 30, batch 90]Loss:0.14430975914001465
[epoch 30, batch 100]Loss:0.28236299753189087
[epoch 30, batch 110]Loss:0.21256813406944275
[epoch 30, batch 120]Loss:0.280561625957489
[epoch 30, batch 130]Loss:0.14390261471271515
[epoch 30, batch 140]Loss:0.1893729418516159
[epoch 30, batch 150]Loss:0.11972597986459732
[epoch 30, batch 160]Loss:0.41387754678726196
[train] MAP:0.607650818457862, MRR:0.6124034478852116
[eval] MAP:0.6727891156462585, MRR:0.6750377928949357
[epoch 31, batch 10]Loss:0.2557550072669983
[epoch 31, batch 20]Loss:0.27703097462654114
[epoch 31, batch 30]Loss:0.1898052990436554
[epoch 31, batch 40]Loss:0.2588444948196411
[epoch 31, batch 50]Loss:0.14284706115722656
[epoch 31, batch 60]Loss:0.25797832012176514
[epoch 31, batch 70]Loss:0.2807214856147766
[epoch 31, batch 80]Loss:0.14493224024772644
[epoch 31, batch 90]Loss:0.2798956632614136
[epoch 31, batch 100]Loss:0.23546767234802246
[epoch 31, batch 110]Loss:0.28464144468307495
[epoch 31, batch 120]Loss:0.1670980006456375
[epoch 31, batch 130]Loss:0.2121613621711731
[epoch 31, batch 140]Loss:0.18920990824699402
[epoch 31, batch 150]Loss:0.2848244309425354
[epoch 31, batch 160]Loss:0.4268159866333008
[train] MAP:0.607650818457862, MRR:0.6124034478852116
[eval] MAP:0.6727891156462585, MRR:0.6750377928949357
[epoch 32, batch 10]Loss:0.1900433897972107
[epoch 32, batch 20]Loss:0.23587357997894287
[epoch 32, batch 30]Loss:0.25871741771698
[epoch 32, batch 40]Loss:0.14678487181663513
[epoch 32, batch 50]Loss:0.09354234486818314
[epoch 32, batch 60]Loss:0.21441881358623505
[epoch 32, batch 70]Loss:0.23560106754302979
[epoch 32, batch 80]Loss:0.18998685479164124
[epoch 32, batch 90]Loss:0.2962682247161865
[epoch 32, batch 100]Loss:0.14859947562217712
[epoch 32, batch 110]Loss:0.14299309253692627
[epoch 32, batch 120]Loss:0.18931308388710022
[epoch 32, batch 130]Loss:0.0952286496758461
[epoch 32, batch 140]Loss:0.2358783334493637
[epoch 32, batch 150]Loss:0.12347517907619476
[epoch 32, batch 160]Loss:0.054995592683553696
[train] MAP:0.607650818457862, MRR:0.6124034478852116
[eval] MAP:0.6727891156462585, MRR:0.6750377928949357
[epoch 33, batch 10]Loss:0.23807360231876373
[epoch 33, batch 20]Loss:0.2130029946565628
[epoch 33, batch 30]Loss:0.35264694690704346
[epoch 33, batch 40]Loss:0.1679997742176056
[epoch 33, batch 50]Loss:0.1667097806930542
[epoch 33, batch 60]Loss:0.18929553031921387
[epoch 33, batch 70]Loss:0.2129884660243988
[epoch 33, batch 80]Loss:0.23427098989486694
[epoch 33, batch 90]Loss:0.21267063915729523
[epoch 33, batch 100]Loss:0.25775033235549927
[epoch 33, batch 110]Loss:0.16560573875904083
[epoch 33, batch 120]Loss:0.21353720128536224
[epoch 33, batch 130]Loss:0.18938781321048737
[epoch 33, batch 140]Loss:0.2126903086900711
[epoch 33, batch 150]Loss:0.12448996305465698
[epoch 33, batch 160]Loss:0.049268461763858795
[train] MAP:0.607650818457862, MRR:0.6124034478852116
[eval] MAP:0.6727891156462585, MRR:0.6750377928949357
[epoch 34, batch 10]Loss:0.18934491276741028
[epoch 34, batch 20]Loss:0.21546798944473267
[epoch 34, batch 30]Loss:0.1670423448085785
[epoch 34, batch 40]Loss:0.1510295867919922
[epoch 34, batch 50]Loss:0.2122388780117035
[epoch 34, batch 60]Loss:0.12051485478878021
[epoch 34, batch 70]Loss:0.21210116147994995
[epoch 34, batch 80]Loss:0.27961981296539307
[epoch 34, batch 90]Loss:0.1657823622226715
[epoch 34, batch 100]Loss:0.28107547760009766
[epoch 34, batch 110]Loss:0.2120962142944336
[epoch 34, batch 120]Loss:0.18972362577915192
[epoch 34, batch 130]Loss:0.08383022248744965
[epoch 34, batch 140]Loss:0.28341248631477356
[epoch 34, batch 150]Loss:0.2592722475528717
[epoch 34, batch 160]Loss:0.046700526028871536
[train] MAP:0.607650818457862, MRR:0.6124034478852116
[eval] MAP:0.6727891156462585, MRR:0.6750377928949357
[epoch 35, batch 10]Loss:0.16508537530899048
[epoch 35, batch 20]Loss:0.18954893946647644
[epoch 35, batch 30]Loss:0.2126912772655487
[epoch 35, batch 40]Loss:0.15056277811527252
[epoch 35, batch 50]Loss:0.18922217190265656
[epoch 35, batch 60]Loss:0.1420098841190338
[epoch 35, batch 70]Loss:0.16639822721481323
[epoch 35, batch 80]Loss:0.30279314517974854
[epoch 35, batch 90]Loss:0.1665080189704895
[epoch 35, batch 100]Loss:0.21209999918937683
[epoch 35, batch 110]Loss:0.23471589386463165
[epoch 35, batch 120]Loss:0.16588318347930908
[epoch 35, batch 130]Loss:0.23643897473812103
[epoch 35, batch 140]Loss:0.25851911306381226
[epoch 35, batch 150]Loss:0.14538711309432983
[epoch 35, batch 160]Loss:0.05409784987568855
[train] MAP:0.607650818457862, MRR:0.6124034478852116
[eval] MAP:0.6727891156462585, MRR:0.6750377928949357
[epoch 36, batch 10]Loss:0.2564602494239807
[epoch 36, batch 20]Loss:0.21209657192230225
[epoch 36, batch 30]Loss:0.16563710570335388
[epoch 36, batch 40]Loss:0.1200762391090393
[epoch 36, batch 50]Loss:0.16701173782348633
[epoch 36, batch 60]Loss:0.32714372873306274
[epoch 36, batch 70]Loss:0.18972447514533997
[epoch 36, batch 80]Loss:0.12143656611442566
[epoch 36, batch 90]Loss:0.21249285340309143
[epoch 36, batch 100]Loss:0.18921075761318207
[epoch 36, batch 110]Loss:0.21222026646137238
[epoch 36, batch 120]Loss:0.25784605741500854
[epoch 36, batch 130]Loss:0.14301475882530212
[epoch 36, batch 140]Loss:0.26124560832977295
[epoch 36, batch 150]Loss:0.18934749066829681
[epoch 36, batch 160]Loss:0.05473921075463295
[train] MAP:0.607650818457862, MRR:0.6124034478852116
[eval] MAP:0.6727891156462585, MRR:0.6750377928949357
[epoch 37, batch 10]Loss:0.3717189431190491
[epoch 37, batch 20]Loss:0.21358919143676758
[epoch 37, batch 30]Loss:0.16647934913635254
[epoch 37, batch 40]Loss:0.2134574055671692
[epoch 37, batch 50]Loss:0.3091481029987335
[epoch 37, batch 60]Loss:0.3519320785999298
[epoch 37, batch 70]Loss:0.14491015672683716
[epoch 37, batch 80]Loss:0.2792683243751526
[epoch 37, batch 90]Loss:0.189459890127182
[epoch 37, batch 100]Loss:0.1892855167388916
[epoch 37, batch 110]Loss:0.14391720294952393
[epoch 37, batch 120]Loss:0.1656769961118698
[epoch 37, batch 130]Loss:0.16591539978981018
[epoch 37, batch 140]Loss:0.1664351373910904
[epoch 37, batch 150]Loss:0.21213561296463013
[epoch 37, batch 160]Loss:0.05833464115858078
[train] MAP:0.607650818457862, MRR:0.6124034478852116
[eval] MAP:0.6727891156462585, MRR:0.6750377928949357
[epoch 38, batch 10]Loss:0.3066093921661377
[epoch 38, batch 20]Loss:0.2560955882072449
[epoch 38, batch 30]Loss:0.16875015199184418
[epoch 38, batch 40]Loss:0.23562222719192505
[epoch 38, batch 50]Loss:0.21227869391441345
[epoch 38, batch 60]Loss:0.1206197738647461
[epoch 38, batch 70]Loss:0.16515731811523438
[epoch 38, batch 80]Loss:0.18925116956233978
[epoch 38, batch 90]Loss:0.16760408878326416
[epoch 38, batch 100]Loss:0.16613902151584625
[epoch 38, batch 110]Loss:0.18925073742866516
[epoch 38, batch 120]Loss:0.18923935294151306
[epoch 38, batch 130]Loss:0.21240928769111633
[epoch 38, batch 140]Loss:0.23637771606445312
[epoch 38, batch 150]Loss:0.27933424711227417
[epoch 38, batch 160]Loss:0.05688754841685295
[train] MAP:0.607650818457862, MRR:0.6124034478852116
[eval] MAP:0.6727891156462585, MRR:0.6750377928949357
[epoch 39, batch 10]Loss:0.1894720196723938
[epoch 39, batch 20]Loss:0.18929119408130646
[epoch 39, batch 30]Loss:0.25726941227912903
[epoch 39, batch 40]Loss:0.16616149246692657
[epoch 39, batch 50]Loss:0.2848013639450073
[epoch 39, batch 60]Loss:0.16527995467185974
[epoch 39, batch 70]Loss:0.18927806615829468
[epoch 39, batch 80]Loss:0.1680896133184433
[epoch 39, batch 90]Loss:0.1904149353504181
[epoch 39, batch 100]Loss:0.14387184381484985
[epoch 39, batch 110]Loss:0.14188843965530396
[epoch 39, batch 120]Loss:0.25790590047836304
[epoch 39, batch 130]Loss:0.18961475789546967
[epoch 39, batch 140]Loss:0.21231579780578613
[epoch 39, batch 150]Loss:0.2348388433456421
[epoch 39, batch 160]Loss:0.057934291660785675
[train] MAP:0.607650818457862, MRR:0.6124034478852116
[eval] MAP:0.6727891156462585, MRR:0.6750377928949357
[epoch 40, batch 10]Loss:0.16509711742401123
[epoch 40, batch 20]Loss:0.2128470242023468
[epoch 40, batch 30]Loss:0.17330124974250793
[epoch 40, batch 40]Loss:0.12655988335609436
[epoch 40, batch 50]Loss:0.21250565350055695
[epoch 40, batch 60]Loss:0.2581042945384979
[epoch 40, batch 70]Loss:0.12447777390480042
[epoch 40, batch 80]Loss:0.1894451379776001
[epoch 40, batch 90]Loss:0.2615761458873749
[epoch 40, batch 100]Loss:0.27884894609451294
[epoch 40, batch 110]Loss:0.10231352597475052
[epoch 40, batch 120]Loss:0.18934017419815063
[epoch 40, batch 130]Loss:0.2601877450942993
[epoch 40, batch 140]Loss:0.2125253677368164
[epoch 40, batch 150]Loss:0.1422826200723648
[epoch 40, batch 160]Loss:0.04609912633895874
[train] MAP:0.607650818457862, MRR:0.6124034478852116
[eval] MAP:0.6727891156462585, MRR:0.6750377928949357
[epoch 41, batch 10]Loss:0.21349361538887024
[epoch 41, batch 20]Loss:0.21209262311458588
[epoch 41, batch 30]Loss:0.1912028193473816
[epoch 41, batch 40]Loss:0.21211227774620056
[epoch 41, batch 50]Loss:0.21252848207950592
[epoch 41, batch 60]Loss:0.14341729879379272
[epoch 41, batch 70]Loss:0.23427818715572357
[epoch 41, batch 80]Loss:0.14633122086524963
[epoch 41, batch 90]Loss:0.18928071856498718
[epoch 41, batch 100]Loss:0.18938475847244263
[epoch 41, batch 110]Loss:0.1897541582584381
[epoch 41, batch 120]Loss:0.2801606357097626
[epoch 41, batch 130]Loss:0.09906687587499619
[epoch 41, batch 140]Loss:0.26289770007133484
[epoch 41, batch 150]Loss:0.1650020331144333
[epoch 41, batch 160]Loss:0.04002421349287033
[train] MAP:0.607650818457862, MRR:0.6124034478852116
[eval] MAP:0.6727891156462585, MRR:0.6750377928949357
[epoch 42, batch 10]Loss:0.18961617350578308
[epoch 42, batch 20]Loss:0.23496142029762268
[epoch 42, batch 30]Loss:0.2122248113155365
[epoch 42, batch 40]Loss:0.19011962413787842
[epoch 42, batch 50]Loss:0.12160950154066086
[epoch 42, batch 60]Loss:0.16636770963668823
[epoch 42, batch 70]Loss:0.11715185642242432
[epoch 42, batch 80]Loss:0.1892220377922058
[epoch 42, batch 90]Loss:0.25902003049850464
[epoch 42, batch 100]Loss:0.09622456878423691
[epoch 42, batch 110]Loss:0.18932709097862244
[epoch 42, batch 120]Loss:0.1211770549416542
[epoch 42, batch 130]Loss:0.2563363015651703
[epoch 42, batch 140]Loss:0.2341088205575943
[epoch 42, batch 150]Loss:0.3025435209274292
[epoch 42, batch 160]Loss:0.05766407772898674
[train] MAP:0.607650818457862, MRR:0.6124034478852116
[eval] MAP:0.6727891156462585, MRR:0.6750377928949357
[epoch 43, batch 10]Loss:0.18925143778324127
[epoch 43, batch 20]Loss:0.18920907378196716
[epoch 43, batch 30]Loss:0.07797825336456299
[epoch 43, batch 40]Loss:0.11967237293720245
[epoch 43, batch 50]Loss:0.16638341546058655
[epoch 43, batch 60]Loss:0.21269237995147705
[epoch 43, batch 70]Loss:0.14507342875003815
[epoch 43, batch 80]Loss:0.23517924547195435
[epoch 43, batch 90]Loss:0.23406992852687836
[epoch 43, batch 100]Loss:0.31761634349823
[epoch 43, batch 110]Loss:0.2343577891588211
[epoch 43, batch 120]Loss:0.12392556667327881
[epoch 43, batch 130]Loss:0.18930518627166748
[epoch 43, batch 140]Loss:0.1413126289844513
[epoch 43, batch 150]Loss:0.16570201516151428
[epoch 43, batch 160]Loss:0.42026248574256897
[train] MAP:0.607650818457862, MRR:0.6124034478852116
[eval] MAP:0.6727891156462585, MRR:0.6750377928949357
[epoch 44, batch 10]Loss:0.18949687480926514
[epoch 44, batch 20]Loss:0.27961742877960205
[epoch 44, batch 30]Loss:0.16749009490013123
[epoch 44, batch 40]Loss:0.234463632106781
[epoch 44, batch 50]Loss:0.18921075761318207
[epoch 44, batch 60]Loss:0.3078784942626953
[epoch 44, batch 70]Loss:0.18923576176166534
[epoch 44, batch 80]Loss:0.23639190196990967
[epoch 44, batch 90]Loss:0.2808842062950134
[epoch 44, batch 100]Loss:0.3262656033039093
[epoch 44, batch 110]Loss:0.2809934616088867
[epoch 44, batch 120]Loss:0.21216416358947754
[epoch 44, batch 130]Loss:0.170811265707016
[epoch 44, batch 140]Loss:0.10360535234212875
[epoch 44, batch 150]Loss:0.23756808042526245
[epoch 44, batch 160]Loss:0.043636783957481384
[train] MAP:0.607650818457862, MRR:0.6124034478852116
[eval] MAP:0.6727891156462585, MRR:0.6750377928949357
[epoch 45, batch 10]Loss:0.3028944134712219
[epoch 45, batch 20]Loss:0.14510348439216614
[epoch 45, batch 30]Loss:0.16537311673164368
[epoch 45, batch 40]Loss:0.16591519117355347
[epoch 45, batch 50]Loss:0.16734635829925537
[epoch 45, batch 60]Loss:0.16717296838760376
[epoch 45, batch 70]Loss:0.16663581132888794
[epoch 45, batch 80]Loss:0.2824472188949585
[epoch 45, batch 90]Loss:0.1235869973897934
[epoch 45, batch 100]Loss:0.23379185795783997
[epoch 45, batch 110]Loss:0.1902298480272293
[epoch 45, batch 120]Loss:0.21300071477890015
[epoch 45, batch 130]Loss:0.14263996481895447
[epoch 45, batch 140]Loss:0.18929284811019897
[epoch 45, batch 150]Loss:0.2127550095319748
[epoch 45, batch 160]Loss:0.8078789114952087
[train] MAP:0.607650818457862, MRR:0.6124034478852116
[eval] MAP:0.6727891156462585, MRR:0.6750377928949357
[epoch 46, batch 10]Loss:0.30544477701187134
[epoch 46, batch 20]Loss:0.2785525321960449
[epoch 46, batch 30]Loss:0.25697851181030273
[epoch 46, batch 40]Loss:0.18963226675987244
[epoch 46, batch 50]Loss:0.1894373595714569
[epoch 46, batch 60]Loss:0.18983577191829681
[epoch 46, batch 70]Loss:0.18969282507896423
[epoch 46, batch 80]Loss:0.2792379856109619
[epoch 46, batch 90]Loss:0.16744697093963623
[epoch 46, batch 100]Loss:0.21231648325920105
[epoch 46, batch 110]Loss:0.21219569444656372
[epoch 46, batch 120]Loss:0.1902020275592804
[epoch 46, batch 130]Loss:0.2553889751434326
[epoch 46, batch 140]Loss:0.1897423416376114
[epoch 46, batch 150]Loss:0.1892244815826416
[epoch 46, batch 160]Loss:0.04569178447127342
[train] MAP:0.607650818457862, MRR:0.6124034478852116
[eval] MAP:0.6727891156462585, MRR:0.6750377928949357
[epoch 47, batch 10]Loss:0.14037442207336426
[epoch 47, batch 20]Loss:0.3084750175476074
[epoch 47, batch 30]Loss:0.23381030559539795
[epoch 47, batch 40]Loss:0.21217788755893707
[epoch 47, batch 50]Loss:0.09363529831171036
[epoch 47, batch 60]Loss:0.2654343247413635
[epoch 47, batch 70]Loss:0.18959474563598633
[epoch 47, batch 80]Loss:0.35100555419921875
[epoch 47, batch 90]Loss:0.296353816986084
[epoch 47, batch 100]Loss:0.19338947534561157
[epoch 47, batch 110]Loss:0.23525415360927582
[epoch 47, batch 120]Loss:0.25944745540618896
[epoch 47, batch 130]Loss:0.19071412086486816
[epoch 47, batch 140]Loss:0.19034893810749054
[epoch 47, batch 150]Loss:0.11830548942089081
[epoch 47, batch 160]Loss:0.43951189517974854
[train] MAP:0.607650818457862, MRR:0.6124034478852116
[eval] MAP:0.6727891156462585, MRR:0.6750377928949357
[epoch 48, batch 10]Loss:0.21215872466564178
[epoch 48, batch 20]Loss:0.21217994391918182
[epoch 48, batch 30]Loss:0.18921475112438202
[epoch 48, batch 40]Loss:0.2589876353740692
[epoch 48, batch 50]Loss:0.23533950746059418
[epoch 48, batch 60]Loss:0.28137582540512085
[epoch 48, batch 70]Loss:0.142331063747406
[epoch 48, batch 80]Loss:0.23582686483860016
[epoch 48, batch 90]Loss:0.21229228377342224
[epoch 48, batch 100]Loss:0.10209693014621735
[epoch 48, batch 110]Loss:0.27821600437164307
[epoch 48, batch 120]Loss:0.1894594430923462
[epoch 48, batch 130]Loss:0.284532368183136
[epoch 48, batch 140]Loss:0.16819977760314941
[epoch 48, batch 150]Loss:0.16815507411956787
[epoch 48, batch 160]Loss:0.05291984602808952
[train] MAP:0.607650818457862, MRR:0.6124034478852116
[eval] MAP:0.6727891156462585, MRR:0.6750377928949357
[epoch 49, batch 10]Loss:0.0936129242181778
[epoch 49, batch 20]Loss:0.28810250759124756
[epoch 49, batch 30]Loss:0.2570393979549408
[epoch 49, batch 40]Loss:0.23420651257038116
[epoch 49, batch 50]Loss:0.28309714794158936
[epoch 49, batch 60]Loss:0.07546638697385788
[epoch 49, batch 70]Loss:0.2123367339372635
[epoch 49, batch 80]Loss:0.142765611410141
[epoch 49, batch 90]Loss:0.1667439341545105
[epoch 49, batch 100]Loss:0.2121242880821228
[epoch 49, batch 110]Loss:0.18930377066135406
[epoch 49, batch 120]Loss:0.21216872334480286
[epoch 49, batch 130]Loss:0.1658286154270172
[epoch 49, batch 140]Loss:0.2613515555858612
[epoch 49, batch 150]Loss:0.18992188572883606
[epoch 49, batch 160]Loss:0.05835803225636482
[train] MAP:0.607650818457862, MRR:0.6124034478852116
[eval] MAP:0.6727891156462585, MRR:0.6750377928949357
[epoch 50, batch 10]Loss:0.14084433019161224
[epoch 50, batch 20]Loss:0.2636484205722809
[epoch 50, batch 30]Loss:0.11997399479150772
[epoch 50, batch 40]Loss:0.18934348225593567
[epoch 50, batch 50]Loss:0.1672271490097046
[epoch 50, batch 60]Loss:0.2340136021375656
[epoch 50, batch 70]Loss:0.1426946073770523
[epoch 50, batch 80]Loss:0.1653178632259369
[epoch 50, batch 90]Loss:0.14293767511844635
[epoch 50, batch 100]Loss:0.18962299823760986
[epoch 50, batch 110]Loss:0.21210052073001862
[epoch 50, batch 120]Loss:0.2346697300672531
[epoch 50, batch 130]Loss:0.25566479563713074
[epoch 50, batch 140]Loss:0.1276780217885971
[epoch 50, batch 150]Loss:0.212811678647995
[epoch 50, batch 160]Loss:0.045207202434539795
[train] MAP:0.607650818457862, MRR:0.6124034478852116
[eval] MAP:0.6727891156462585, MRR:0.6750377928949357
[epoch 51, batch 10]Loss:0.14501415193080902
[epoch 51, batch 20]Loss:0.12543828785419464
[epoch 51, batch 30]Loss:0.16546735167503357
[epoch 51, batch 40]Loss:0.3073233664035797
[epoch 51, batch 50]Loss:0.1895589828491211
[epoch 51, batch 60]Loss:0.2122923731803894
[epoch 51, batch 70]Loss:0.11975964903831482
[epoch 51, batch 80]Loss:0.18930231034755707
[epoch 51, batch 90]Loss:0.1668211817741394
[epoch 51, batch 100]Loss:0.18932676315307617
[epoch 51, batch 110]Loss:0.2350436896085739
[epoch 51, batch 120]Loss:0.16705067455768585
[epoch 51, batch 130]Loss:0.1414884626865387
[epoch 51, batch 140]Loss:0.28615009784698486
[epoch 51, batch 150]Loss:0.12366358935832977
[epoch 51, batch 160]Loss:0.06796514242887497
[train] MAP:0.607650818457862, MRR:0.6124034478852116
[eval] MAP:0.6727891156462585, MRR:0.6750377928949357
[epoch 52, batch 10]Loss:0.212699756026268
[epoch 52, batch 20]Loss:0.2127973437309265
[epoch 52, batch 30]Loss:0.16644904017448425
[epoch 52, batch 40]Loss:0.23581534624099731
[epoch 52, batch 50]Loss:0.18932294845581055
[epoch 52, batch 60]Loss:0.40361806750297546
[epoch 52, batch 70]Loss:0.1436881572008133
[epoch 52, batch 80]Loss:0.16691312193870544
[epoch 52, batch 90]Loss:0.16714508831501007
[epoch 52, batch 100]Loss:0.23547537624835968
[epoch 52, batch 110]Loss:0.23491644859313965
[epoch 52, batch 120]Loss:0.16638299822807312
[epoch 52, batch 130]Loss:0.18982556462287903
[epoch 52, batch 140]Loss:0.2346942126750946
[epoch 52, batch 150]Loss:0.35478338599205017
[epoch 52, batch 160]Loss:0.06348849833011627
[train] MAP:0.607650818457862, MRR:0.6124034478852116
[eval] MAP:0.6727891156462585, MRR:0.6750377928949357
[epoch 53, batch 10]Loss:0.1892121136188507
[epoch 53, batch 20]Loss:0.18928158283233643
[epoch 53, batch 30]Loss:0.16500501334667206
[epoch 53, batch 40]Loss:0.16581906378269196
[epoch 53, batch 50]Loss:0.2121392786502838
[epoch 53, batch 60]Loss:0.38966104388237
[epoch 53, batch 70]Loss:0.1674908846616745
[epoch 53, batch 80]Loss:0.28402215242385864
[epoch 53, batch 90]Loss:0.21210771799087524
[epoch 53, batch 100]Loss:0.19228091835975647
[epoch 53, batch 110]Loss:0.10535475611686707
[epoch 53, batch 120]Loss:0.23756730556488037
[epoch 53, batch 130]Loss:0.11870244145393372
[epoch 53, batch 140]Loss:0.11995512247085571
[epoch 53, batch 150]Loss:0.16798412799835205
[epoch 53, batch 160]Loss:0.410136878490448
[train] MAP:0.607650818457862, MRR:0.6124034478852116
[eval] MAP:0.6727891156462585, MRR:0.6750377928949357
[epoch 54, batch 10]Loss:0.16965597867965698
[epoch 54, batch 20]Loss:0.18921542167663574
[epoch 54, batch 30]Loss:0.1165633350610733
[epoch 54, batch 40]Loss:0.14294695854187012
[epoch 54, batch 50]Loss:0.2121131867170334
[epoch 54, batch 60]Loss:0.16636955738067627
[epoch 54, batch 70]Loss:0.23679512739181519
[epoch 54, batch 80]Loss:0.2570575475692749
[epoch 54, batch 90]Loss:0.1495138704776764
[epoch 54, batch 100]Loss:0.19047728180885315
[epoch 54, batch 110]Loss:0.25956857204437256
[epoch 54, batch 120]Loss:0.2124844193458557
[epoch 54, batch 130]Loss:0.18977388739585876
[epoch 54, batch 140]Loss:0.2586576044559479
[epoch 54, batch 150]Loss:0.18920911848545074
[epoch 54, batch 160]Loss:0.42063453793525696
[train] MAP:0.607650818457862, MRR:0.6124034478852116
[eval] MAP:0.6727891156462585, MRR:0.6750377928949357
[epoch 55, batch 10]Loss:0.12551718950271606
[epoch 55, batch 20]Loss:0.2793864607810974
[epoch 55, batch 30]Loss:0.16597039997577667
[epoch 55, batch 40]Loss:0.14084309339523315
[epoch 55, batch 50]Loss:0.14159691333770752
[epoch 55, batch 60]Loss:0.21241798996925354
[epoch 55, batch 70]Loss:0.25755661725997925
[epoch 55, batch 80]Loss:0.28003978729248047
[epoch 55, batch 90]Loss:0.12064298987388611
[epoch 55, batch 100]Loss:0.26161766052246094
[epoch 55, batch 110]Loss:0.23741909861564636
[epoch 55, batch 120]Loss:0.2121254801750183
[epoch 55, batch 130]Loss:0.16928313672542572
[epoch 55, batch 140]Loss:0.27748245000839233
[epoch 55, batch 150]Loss:0.07938515394926071
[epoch 55, batch 160]Loss:0.054606929421424866
[train] MAP:0.607650818457862, MRR:0.6124034478852116
[eval] MAP:0.6727891156462585, MRR:0.6750377928949357
[epoch 56, batch 10]Loss:0.1895805299282074
[epoch 56, batch 20]Loss:0.23919591307640076
[epoch 56, batch 30]Loss:0.23459124565124512
[epoch 56, batch 40]Loss:0.1903591901063919
[epoch 56, batch 50]Loss:0.19044600427150726
[epoch 56, batch 60]Loss:0.19014859199523926
[epoch 56, batch 70]Loss:0.2122095227241516
[epoch 56, batch 80]Loss:0.1272282600402832
[epoch 56, batch 90]Loss:0.2121042162179947
[epoch 56, batch 100]Loss:0.3079947829246521
[epoch 56, batch 110]Loss:0.18948295712471008
[epoch 56, batch 120]Loss:0.1657344102859497
[epoch 56, batch 130]Loss:0.18926145136356354
[epoch 56, batch 140]Loss:0.16560988128185272
[epoch 56, batch 150]Loss:0.21283124387264252
[epoch 56, batch 160]Loss:0.048783306032419205
[train] MAP:0.607650818457862, MRR:0.6124034478852116
[eval] MAP:0.6727891156462585, MRR:0.6750377928949357
[epoch 57, batch 10]Loss:0.32956570386886597
[epoch 57, batch 20]Loss:0.1895063817501068
[epoch 57, batch 30]Loss:0.21222218871116638
[epoch 57, batch 40]Loss:0.14199355244636536
[epoch 57, batch 50]Loss:0.14128421247005463
[epoch 57, batch 60]Loss:0.26323235034942627
[epoch 57, batch 70]Loss:0.11588515341281891
[epoch 57, batch 80]Loss:0.1399269551038742
[epoch 57, batch 90]Loss:0.328108012676239
[epoch 57, batch 100]Loss:0.19152939319610596
[epoch 57, batch 110]Loss:0.2554929256439209
[epoch 57, batch 120]Loss:0.21211586892604828
[epoch 57, batch 130]Loss:0.16731621325016022
[epoch 57, batch 140]Loss:0.2781374156475067
[epoch 57, batch 150]Loss:0.16913670301437378
[epoch 57, batch 160]Loss:0.05920926481485367
[train] MAP:0.607650818457862, MRR:0.6124034478852116
[eval] MAP:0.6727891156462585, MRR:0.6750377928949357
[epoch 58, batch 10]Loss:0.32848769426345825
[epoch 58, batch 20]Loss:0.21213020384311676
[epoch 58, batch 30]Loss:0.21221396327018738
[epoch 58, batch 40]Loss:0.33250731229782104
[epoch 58, batch 50]Loss:0.23542684316635132
[epoch 58, batch 60]Loss:0.18921151757240295
[epoch 58, batch 70]Loss:0.18994581699371338
[epoch 58, batch 80]Loss:0.13990263640880585
[epoch 58, batch 90]Loss:0.3058079779148102
[epoch 58, batch 100]Loss:0.21217334270477295
[epoch 58, batch 110]Loss:0.2580547630786896
[epoch 58, batch 120]Loss:0.2790776491165161
[epoch 58, batch 130]Loss:0.29893413186073303
[epoch 58, batch 140]Loss:0.18995234370231628
[epoch 58, batch 150]Loss:0.1232687383890152
[epoch 58, batch 160]Loss:0.7664222717285156
[train] MAP:0.607650818457862, MRR:0.6124034478852116
[eval] MAP:0.6727891156462585, MRR:0.6750377928949357
[epoch 59, batch 10]Loss:0.1492941975593567
[epoch 59, batch 20]Loss:0.1895621120929718
[epoch 59, batch 30]Loss:0.1892126500606537
[epoch 59, batch 40]Loss:0.14248114824295044
[epoch 59, batch 50]Loss:0.21215134859085083
[epoch 59, batch 60]Loss:0.1667974442243576
[epoch 59, batch 70]Loss:0.21216395497322083
[epoch 59, batch 80]Loss:0.28107357025146484
[epoch 59, batch 90]Loss:0.16559746861457825
[epoch 59, batch 100]Loss:0.2121497392654419
[epoch 59, batch 110]Loss:0.21219725906848907
[epoch 59, batch 120]Loss:0.23920565843582153
[epoch 59, batch 130]Loss:0.21379134058952332
[epoch 59, batch 140]Loss:0.23379473388195038
[epoch 59, batch 150]Loss:0.32052573561668396
[epoch 59, batch 160]Loss:1.167871117591858
[train] MAP:0.607650818457862, MRR:0.6124034478852116
[eval] MAP:0.6727891156462585, MRR:0.6750377928949357
[epoch 60, batch 10]Loss:0.16688784956932068
[epoch 60, batch 20]Loss:0.23430325090885162
[epoch 60, batch 30]Loss:0.23442299664020538
[epoch 60, batch 40]Loss:0.12461479008197784
[epoch 60, batch 50]Loss:0.14192289113998413
[epoch 60, batch 60]Loss:0.23931607604026794
[epoch 60, batch 70]Loss:0.28539058566093445
[epoch 60, batch 80]Loss:0.12212219089269638
[epoch 60, batch 90]Loss:0.2851143479347229
[epoch 60, batch 100]Loss:0.2808472812175751
[epoch 60, batch 110]Loss:0.23404449224472046
[epoch 60, batch 120]Loss:0.16829988360404968
[epoch 60, batch 130]Loss:0.1897541880607605
[epoch 60, batch 140]Loss:0.23475465178489685
[epoch 60, batch 150]Loss:0.18999981880187988
[epoch 60, batch 160]Loss:0.04977700859308243
[train] MAP:0.607650818457862, MRR:0.6124034478852116
[eval] MAP:0.6727891156462585, MRR:0.6750377928949357
[epoch 61, batch 10]Loss:0.21661996841430664
[epoch 61, batch 20]Loss:0.1892520785331726
[epoch 61, batch 30]Loss:0.1692241132259369
[epoch 61, batch 40]Loss:0.11770310252904892
[epoch 61, batch 50]Loss:0.1422581672668457
[epoch 61, batch 60]Loss:0.23404774069786072
[epoch 61, batch 70]Loss:0.191489577293396
[epoch 61, batch 80]Loss:0.16755954921245575
[epoch 61, batch 90]Loss:0.1892147809267044
[epoch 61, batch 100]Loss:0.11588612198829651
[epoch 61, batch 110]Loss:0.11804275214672089
[epoch 61, batch 120]Loss:0.21217863261699677
[epoch 61, batch 130]Loss:0.27499040961265564
[epoch 61, batch 140]Loss:0.16873076558113098
[epoch 61, batch 150]Loss:0.2621452808380127
[epoch 61, batch 160]Loss:0.4229898452758789
[train] MAP:0.607650818457862, MRR:0.6124034478852116
[eval] MAP:0.6727891156462585, MRR:0.6750377928949357
[epoch 62, batch 10]Loss:0.21220122277736664
[epoch 62, batch 20]Loss:0.1187417209148407
[epoch 62, batch 30]Loss:0.2850115895271301
[epoch 62, batch 40]Loss:0.21223440766334534
[epoch 62, batch 50]Loss:0.1449557989835739
[epoch 62, batch 60]Loss:0.23461471498012543
[epoch 62, batch 70]Loss:0.25881367921829224
[epoch 62, batch 80]Loss:0.326495498418808
[epoch 62, batch 90]Loss:0.18946462869644165
[epoch 62, batch 100]Loss:0.123501718044281
[epoch 62, batch 110]Loss:0.14096689224243164
[epoch 62, batch 120]Loss:0.33806735277175903
[epoch 62, batch 130]Loss:0.23494575917720795
[epoch 62, batch 140]Loss:0.1915290504693985
[epoch 62, batch 150]Loss:0.19262979924678802
[epoch 62, batch 160]Loss:0.05634571239352226
[train] MAP:0.607650818457862, MRR:0.6124034478852116
[eval] MAP:0.6727891156462585, MRR:0.6750377928949357
[epoch 63, batch 10]Loss:0.35581445693969727
[epoch 63, batch 20]Loss:0.21210047602653503
[epoch 63, batch 30]Loss:0.07750201225280762
[epoch 63, batch 40]Loss:0.12239982187747955
[epoch 63, batch 50]Loss:0.3071516454219818
[epoch 63, batch 60]Loss:0.18962204456329346
[epoch 63, batch 70]Loss:0.09818638116121292
[epoch 63, batch 80]Loss:0.1897830069065094
[epoch 63, batch 90]Loss:0.21242690086364746
[epoch 63, batch 100]Loss:0.28207752108573914
[epoch 63, batch 110]Loss:0.16803613305091858
[epoch 63, batch 120]Loss:0.12297102808952332
[epoch 63, batch 130]Loss:0.14077430963516235
[epoch 63, batch 140]Loss:0.23621276021003723
[epoch 63, batch 150]Loss:0.10044778138399124
[epoch 63, batch 160]Loss:0.04769779369235039
[train] MAP:0.607650818457862, MRR:0.6124034478852116
[eval] MAP:0.6727891156462585, MRR:0.6750377928949357
[epoch 64, batch 10]Loss:0.23639416694641113
[epoch 64, batch 20]Loss:0.09748460352420807
[epoch 64, batch 30]Loss:0.16559574007987976
[epoch 64, batch 40]Loss:0.2594671845436096
[epoch 64, batch 50]Loss:0.21316558122634888
[epoch 64, batch 60]Loss:0.2591390311717987
[epoch 64, batch 70]Loss:0.12113015353679657
[epoch 64, batch 80]Loss:0.16760702431201935
[epoch 64, batch 90]Loss:0.16806387901306152
[epoch 64, batch 100]Loss:0.21209871768951416
[epoch 64, batch 110]Loss:0.21261918544769287
[epoch 64, batch 120]Loss:0.23685801029205322
[epoch 64, batch 130]Loss:0.16965331137180328
[epoch 64, batch 140]Loss:0.16872605681419373
[epoch 64, batch 150]Loss:0.26046591997146606
[epoch 64, batch 160]Loss:0.052528224885463715
[train] MAP:0.607650818457862, MRR:0.6124034478852116
[eval] MAP:0.6727891156462585, MRR:0.6750377928949357
[epoch 65, batch 10]Loss:0.100832998752594
[epoch 65, batch 20]Loss:0.21217167377471924
[epoch 65, batch 30]Loss:0.14877498149871826
[epoch 65, batch 40]Loss:0.16639694571495056
[epoch 65, batch 50]Loss:0.23927533626556396
[epoch 65, batch 60]Loss:0.18933197855949402
[epoch 65, batch 70]Loss:0.16564476490020752
[epoch 65, batch 80]Loss:0.25854572653770447
[epoch 65, batch 90]Loss:0.190145343542099
[epoch 65, batch 100]Loss:0.30177339911460876
[epoch 65, batch 110]Loss:0.08013087511062622
[epoch 65, batch 120]Loss:0.21209481358528137
[epoch 65, batch 130]Loss:0.2341798096895218
[epoch 65, batch 140]Loss:0.1892227828502655
[epoch 65, batch 150]Loss:0.23768946528434753
[epoch 65, batch 160]Loss:0.4246167838573456
[train] MAP:0.607650818457862, MRR:0.6124034478852116
[eval] MAP:0.6727891156462585, MRR:0.6750377928949357
[epoch 66, batch 10]Loss:0.2121332585811615
[epoch 66, batch 20]Loss:0.19027726352214813
[epoch 66, batch 30]Loss:0.12511467933654785
[epoch 66, batch 40]Loss:0.18979644775390625
[epoch 66, batch 50]Loss:0.2121259570121765
[epoch 66, batch 60]Loss:0.25853249430656433
[epoch 66, batch 70]Loss:0.18922150135040283
[epoch 66, batch 80]Loss:0.21243350207805634
[epoch 66, batch 90]Loss:0.18975332379341125
[epoch 66, batch 100]Loss:0.2808011770248413
[epoch 66, batch 110]Loss:0.25807806849479675
[epoch 66, batch 120]Loss:0.1892911046743393
[epoch 66, batch 130]Loss:0.16664810478687286
[epoch 66, batch 140]Loss:0.18944837152957916
[epoch 66, batch 150]Loss:0.21277418732643127
[epoch 66, batch 160]Loss:0.04511524736881256
[train] MAP:0.607650818457862, MRR:0.6124034478852116
[eval] MAP:0.6727891156462585, MRR:0.6750377928949357
[epoch 67, batch 10]Loss:0.21307389438152313
[epoch 67, batch 20]Loss:0.1912849247455597
[epoch 67, batch 30]Loss:0.12412874400615692
[epoch 67, batch 40]Loss:0.2359907627105713
[epoch 67, batch 50]Loss:0.14224356412887573
[epoch 67, batch 60]Loss:0.2121087908744812
[epoch 67, batch 70]Loss:0.16967631876468658
[epoch 67, batch 80]Loss:0.10336168855428696
[epoch 67, batch 90]Loss:0.26107609272003174
[epoch 67, batch 100]Loss:0.16552239656448364
[epoch 67, batch 110]Loss:0.1663471907377243
[epoch 67, batch 120]Loss:0.1892101764678955
[epoch 67, batch 130]Loss:0.25947466492652893
[epoch 67, batch 140]Loss:0.19077834486961365
[epoch 67, batch 150]Loss:0.1664816439151764
[epoch 67, batch 160]Loss:0.04588969796895981
[train] MAP:0.607650818457862, MRR:0.6124034478852116
[eval] MAP:0.6727891156462585, MRR:0.6750377928949357
[epoch 68, batch 10]Loss:0.1411140263080597
[epoch 68, batch 20]Loss:0.21210958063602448
[epoch 68, batch 30]Loss:0.16724538803100586
[epoch 68, batch 40]Loss:0.23869524896144867
[epoch 68, batch 50]Loss:0.24029172956943512
[epoch 68, batch 60]Loss:0.21372026205062866
[epoch 68, batch 70]Loss:0.28188541531562805
[epoch 68, batch 80]Loss:0.27659159898757935
[epoch 68, batch 90]Loss:0.17101025581359863
[epoch 68, batch 100]Loss:0.18945810198783875
[epoch 68, batch 110]Loss:0.2132091522216797
[epoch 68, batch 120]Loss:0.212216317653656
[epoch 68, batch 130]Loss:0.25775575637817383
[epoch 68, batch 140]Loss:0.14597249031066895
[epoch 68, batch 150]Loss:0.2120981067419052
[epoch 68, batch 160]Loss:0.4154251217842102
[train] MAP:0.607650818457862, MRR:0.6124034478852116
[eval] MAP:0.6727891156462585, MRR:0.6750377928949357
[epoch 69, batch 10]Loss:0.190250962972641
[epoch 69, batch 20]Loss:0.16738763451576233
[epoch 69, batch 30]Loss:0.2360163778066635
[epoch 69, batch 40]Loss:0.16614317893981934
[epoch 69, batch 50]Loss:0.1473781168460846
[epoch 69, batch 60]Loss:0.3427247405052185
[epoch 69, batch 70]Loss:0.1459185779094696
[epoch 69, batch 80]Loss:0.2578467130661011
[epoch 69, batch 90]Loss:0.2129143327474594
[epoch 69, batch 100]Loss:0.11893142759799957
[epoch 69, batch 110]Loss:0.2124907374382019
[epoch 69, batch 120]Loss:0.1893029808998108
[epoch 69, batch 130]Loss:0.1660814732313156
[epoch 69, batch 140]Loss:0.12192566692829132
[epoch 69, batch 150]Loss:0.18923287093639374
[epoch 69, batch 160]Loss:0.04997730627655983
[train] MAP:0.607650818457862, MRR:0.6124034478852116
[eval] MAP:0.6727891156462585, MRR:0.6750377928949357
[epoch 70, batch 10]Loss:0.2134292721748352
[epoch 70, batch 20]Loss:0.3109463155269623
[epoch 70, batch 30]Loss:0.25804856419563293
[epoch 70, batch 40]Loss:0.2588559091091156
[epoch 70, batch 50]Loss:0.21221694350242615
[epoch 70, batch 60]Loss:0.1913835108280182
[epoch 70, batch 70]Loss:0.2551749050617218
[epoch 70, batch 80]Loss:0.21331676840782166
[epoch 70, batch 90]Loss:0.11581133306026459
[epoch 70, batch 100]Loss:0.23495450615882874
[epoch 70, batch 110]Loss:0.2121845781803131
[epoch 70, batch 120]Loss:0.16649359464645386
[epoch 70, batch 130]Loss:0.25849857926368713
[epoch 70, batch 140]Loss:0.1439492404460907
[epoch 70, batch 150]Loss:0.18949922919273376
[epoch 70, batch 160]Loss:0.4101969301700592
[train] MAP:0.607650818457862, MRR:0.6124034478852116
[eval] MAP:0.6727891156462585, MRR:0.6750377928949357
[epoch 71, batch 10]Loss:0.2338709831237793
[epoch 71, batch 20]Loss:0.12303201854228973
[epoch 71, batch 30]Loss:0.1657707244157791
[epoch 71, batch 40]Loss:0.16572308540344238
[epoch 71, batch 50]Loss:0.12642797827720642
[epoch 71, batch 60]Loss:0.1699686497449875
[epoch 71, batch 70]Loss:0.23667766153812408
[epoch 71, batch 80]Loss:0.2819189131259918
[epoch 71, batch 90]Loss:0.18925459682941437
[epoch 71, batch 100]Loss:0.14097970724105835
[epoch 71, batch 110]Loss:0.3864574134349823
[epoch 71, batch 120]Loss:0.23591755330562592
[epoch 71, batch 130]Loss:0.2121068239212036
[epoch 71, batch 140]Loss:0.16820800304412842
[epoch 71, batch 150]Loss:0.2823825478553772
[epoch 71, batch 160]Loss:0.42552170157432556
[train] MAP:0.607650818457862, MRR:0.6124034478852116
[eval] MAP:0.6727891156462585, MRR:0.6750377928949357
[epoch 72, batch 10]Loss:0.21210333704948425
[epoch 72, batch 20]Loss:0.21227988600730896
[epoch 72, batch 30]Loss:0.21281906962394714
[epoch 72, batch 40]Loss:0.16899266839027405
[epoch 72, batch 50]Loss:0.16535508632659912
[epoch 72, batch 60]Loss:0.11742866039276123
[epoch 72, batch 70]Loss:0.30948078632354736
[epoch 72, batch 80]Loss:0.16645032167434692
[epoch 72, batch 90]Loss:0.2121669352054596
[epoch 72, batch 100]Loss:0.19009540975093842
[epoch 72, batch 110]Loss:0.21215897798538208
[epoch 72, batch 120]Loss:0.21225959062576294
[epoch 72, batch 130]Loss:0.34953853487968445
[epoch 72, batch 140]Loss:0.2593556046485901
[epoch 72, batch 150]Loss:0.18941542506217957
[epoch 72, batch 160]Loss:0.048809077590703964
[train] MAP:0.607650818457862, MRR:0.6124034478852116
[eval] MAP:0.6727891156462585, MRR:0.6750377928949357
[epoch 73, batch 10]Loss:0.1661430448293686
[epoch 73, batch 20]Loss:0.18921363353729248
[epoch 73, batch 30]Loss:0.1658216118812561
[epoch 73, batch 40]Loss:0.1436990201473236
[epoch 73, batch 50]Loss:0.23656871914863586
[epoch 73, batch 60]Loss:0.11750780045986176
[epoch 73, batch 70]Loss:0.16561013460159302
[epoch 73, batch 80]Loss:0.16725650429725647
[epoch 73, batch 90]Loss:0.21209397912025452
[epoch 73, batch 100]Loss:0.234785258769989
[epoch 73, batch 110]Loss:0.18942779302597046
[epoch 73, batch 120]Loss:0.23540668189525604
[epoch 73, batch 130]Loss:0.2550366520881653
[epoch 73, batch 140]Loss:0.23429153859615326
[epoch 73, batch 150]Loss:0.2126326858997345
[epoch 73, batch 160]Loss:0.4093824028968811
[train] MAP:0.607650818457862, MRR:0.6124034478852116
[eval] MAP:0.6727891156462585, MRR:0.6750377928949357
[epoch 74, batch 10]Loss:0.3205617666244507
[epoch 74, batch 20]Loss:0.18947845697402954
[epoch 74, batch 30]Loss:0.3053876757621765
[epoch 74, batch 40]Loss:0.16602066159248352
[epoch 74, batch 50]Loss:0.1893756091594696
[epoch 74, batch 60]Loss:0.16856439411640167
[epoch 74, batch 70]Loss:0.212107315659523
[epoch 74, batch 80]Loss:0.1651974320411682
[epoch 74, batch 90]Loss:0.18933607637882233
[epoch 74, batch 100]Loss:0.23579901456832886
[epoch 74, batch 110]Loss:0.16812260448932648
[epoch 74, batch 120]Loss:0.18976739048957825
[epoch 74, batch 130]Loss:0.09657713025808334
[epoch 74, batch 140]Loss:0.2360081672668457
[epoch 74, batch 150]Loss:0.14181724190711975
[epoch 74, batch 160]Loss:0.05436670407652855
[train] MAP:0.607650818457862, MRR:0.6124034478852116
[eval] MAP:0.6727891156462585, MRR:0.6750377928949357
[epoch 75, batch 10]Loss:0.21209844946861267
[epoch 75, batch 20]Loss:0.2121674120426178
[epoch 75, batch 30]Loss:0.10341235995292664
[epoch 75, batch 40]Loss:0.25822532176971436
[epoch 75, batch 50]Loss:0.35959380865097046
[epoch 75, batch 60]Loss:0.18991179764270782
[epoch 75, batch 70]Loss:0.1699516326189041
[epoch 75, batch 80]Loss:0.23624491691589355
[epoch 75, batch 90]Loss:0.23647108674049377
[epoch 75, batch 100]Loss:0.16689510643482208
[epoch 75, batch 110]Loss:0.18963664770126343
[epoch 75, batch 120]Loss:0.27899330854415894
[epoch 75, batch 130]Loss:0.30514854192733765
[epoch 75, batch 140]Loss:0.18922582268714905
[epoch 75, batch 150]Loss:0.16566064953804016
[epoch 75, batch 160]Loss:0.050483498722314835
[train] MAP:0.607650818457862, MRR:0.6124034478852116
[eval] MAP:0.6727891156462585, MRR:0.6750377928949357
[epoch 76, batch 10]Loss:0.1650630533695221
[epoch 76, batch 20]Loss:0.16530969738960266
[epoch 76, batch 30]Loss:0.14538544416427612
[epoch 76, batch 40]Loss:0.1892404556274414
[epoch 76, batch 50]Loss:0.21325093507766724
[epoch 76, batch 60]Loss:0.2597176730632782
[epoch 76, batch 70]Loss:0.10425782948732376
[epoch 76, batch 80]Loss:0.1897720992565155
[epoch 76, batch 90]Loss:0.25716692209243774
[epoch 76, batch 100]Loss:0.16787798702716827
[epoch 76, batch 110]Loss:0.1453174501657486
[epoch 76, batch 120]Loss:0.14479264616966248
[epoch 76, batch 130]Loss:0.09920410811901093
[epoch 76, batch 140]Loss:0.09701529145240784
[epoch 76, batch 150]Loss:0.18922197818756104
[epoch 76, batch 160]Loss:0.41537943482398987
[train] MAP:0.607650818457862, MRR:0.6124034478852116
[eval] MAP:0.6727891156462585, MRR:0.6750377928949357
[epoch 77, batch 10]Loss:0.1921103298664093
[epoch 77, batch 20]Loss:0.18982917070388794
[epoch 77, batch 30]Loss:0.23461806774139404
[epoch 77, batch 40]Loss:0.1192849725484848
[epoch 77, batch 50]Loss:0.21246056258678436
[epoch 77, batch 60]Loss:0.21301472187042236
[epoch 77, batch 70]Loss:0.14611276984214783
[epoch 77, batch 80]Loss:0.165391206741333
[epoch 77, batch 90]Loss:0.21264663338661194
[epoch 77, batch 100]Loss:0.23493540287017822
[epoch 77, batch 110]Loss:0.2776126265525818
[epoch 77, batch 120]Loss:0.1903855800628662
[epoch 77, batch 130]Loss:0.21252620220184326
[epoch 77, batch 140]Loss:0.3117925524711609
[epoch 77, batch 150]Loss:0.18950918316841125
[epoch 77, batch 160]Loss:0.047703929245471954
[train] MAP:0.607650818457862, MRR:0.6124034478852116
[eval] MAP:0.6727891156462585, MRR:0.6750377928949357
[epoch 78, batch 10]Loss:0.18923234939575195
[epoch 78, batch 20]Loss:0.0952780619263649
[epoch 78, batch 30]Loss:0.329781711101532
[epoch 78, batch 40]Loss:0.23429858684539795
[epoch 78, batch 50]Loss:0.16658349335193634
[epoch 78, batch 60]Loss:0.16655975580215454
[epoch 78, batch 70]Loss:0.25698140263557434
[epoch 78, batch 80]Loss:0.1902243047952652
[epoch 78, batch 90]Loss:0.09722477197647095
[epoch 78, batch 100]Loss:0.16505306959152222
[epoch 78, batch 110]Loss:0.23795276880264282
[epoch 78, batch 120]Loss:0.257334440946579
[epoch 78, batch 130]Loss:0.3401932418346405
[epoch 78, batch 140]Loss:0.12685590982437134
[epoch 78, batch 150]Loss:0.1892646849155426
[epoch 78, batch 160]Loss:0.04727308079600334
[train] MAP:0.607650818457862, MRR:0.6124034478852116
[eval] MAP:0.6727891156462585, MRR:0.6750377928949357
[epoch 79, batch 10]Loss:0.23717108368873596
[epoch 79, batch 20]Loss:0.2353697568178177
[epoch 79, batch 30]Loss:0.1892375946044922
[epoch 79, batch 40]Loss:0.11608785390853882
[epoch 79, batch 50]Loss:0.09832336008548737
[epoch 79, batch 60]Loss:0.2558518052101135
[epoch 79, batch 70]Loss:0.1687542200088501
[epoch 79, batch 80]Loss:0.21225319802761078
[epoch 79, batch 90]Loss:0.1892215609550476
[epoch 79, batch 100]Loss:0.16720861196517944
[epoch 79, batch 110]Loss:0.16925719380378723
[epoch 79, batch 120]Loss:0.16668957471847534
[epoch 79, batch 130]Loss:0.18921297788619995
[epoch 79, batch 140]Loss:0.23632490634918213
[epoch 79, batch 150]Loss:0.16650418937206268
[epoch 79, batch 160]Loss:0.40940427780151367
[train] MAP:0.607650818457862, MRR:0.6124034478852116
[eval] MAP:0.6727891156462585, MRR:0.6750377928949357
[epoch 80, batch 10]Loss:0.2340160310268402
[epoch 80, batch 20]Loss:0.14577800035476685
[epoch 80, batch 30]Loss:0.1404101848602295
[epoch 80, batch 40]Loss:0.2374676614999771
[epoch 80, batch 50]Loss:0.16583514213562012
[epoch 80, batch 60]Loss:0.2800670862197876
[epoch 80, batch 70]Loss:0.149593323469162
[epoch 80, batch 80]Loss:0.1903197169303894
[epoch 80, batch 90]Loss:0.25920629501342773
[epoch 80, batch 100]Loss:0.3081703782081604
[epoch 80, batch 110]Loss:0.1662651151418686
[epoch 80, batch 120]Loss:0.18928557634353638
[epoch 80, batch 130]Loss:0.1893194317817688
[epoch 80, batch 140]Loss:0.21211813390254974
[epoch 80, batch 150]Loss:0.16545921564102173
[epoch 80, batch 160]Loss:0.42341873049736023
[train] MAP:0.607650818457862, MRR:0.6124034478852116
[eval] MAP:0.6727891156462585, MRR:0.6750377928949357
[epoch 81, batch 10]Loss:0.21209391951560974
[epoch 81, batch 20]Loss:0.19033294916152954
[epoch 81, batch 30]Loss:0.1685367077589035
[epoch 81, batch 40]Loss:0.23384636640548706
[epoch 81, batch 50]Loss:0.16756004095077515
[epoch 81, batch 60]Loss:0.11877495050430298
[epoch 81, batch 70]Loss:0.23577089607715607
[epoch 81, batch 80]Loss:0.2568366527557373
[epoch 81, batch 90]Loss:0.18921202421188354
[epoch 81, batch 100]Loss:0.21271571516990662
[epoch 81, batch 110]Loss:0.235679492354393
[epoch 81, batch 120]Loss:0.21211588382720947
[epoch 81, batch 130]Loss:0.099835604429245
[epoch 81, batch 140]Loss:0.236906498670578
[epoch 81, batch 150]Loss:0.21283504366874695
[epoch 81, batch 160]Loss:0.4200536906719208
[train] MAP:0.607650818457862, MRR:0.6124034478852116
[eval] MAP:0.6727891156462585, MRR:0.6750377928949357
[epoch 82, batch 10]Loss:0.2121295928955078
[epoch 82, batch 20]Loss:0.28095442056655884
[epoch 82, batch 30]Loss:0.2565907835960388
[epoch 82, batch 40]Loss:0.0970512256026268
[epoch 82, batch 50]Loss:0.16595441102981567
[epoch 82, batch 60]Loss:0.25984975695610046
[epoch 82, batch 70]Loss:0.2811577320098877
[epoch 82, batch 80]Loss:0.3403966426849365
[epoch 82, batch 90]Loss:0.1692495495080948
[epoch 82, batch 100]Loss:0.21262013912200928
[epoch 82, batch 110]Loss:0.279815673828125
[epoch 82, batch 120]Loss:0.1690175086259842
[epoch 82, batch 130]Loss:0.1892232894897461
[epoch 82, batch 140]Loss:0.18945857882499695
[epoch 82, batch 150]Loss:0.14240366220474243
[epoch 82, batch 160]Loss:0.04757151007652283
[train] MAP:0.607650818457862, MRR:0.6124034478852116
[eval] MAP:0.6727891156462585, MRR:0.6750377928949357
[epoch 83, batch 10]Loss:0.12066204100847244
[epoch 83, batch 20]Loss:0.10044834762811661
[epoch 83, batch 30]Loss:0.23562686145305634
[epoch 83, batch 40]Loss:0.21282753348350525
[epoch 83, batch 50]Loss:0.16623643040657043
[epoch 83, batch 60]Loss:0.21285903453826904
[epoch 83, batch 70]Loss:0.1655694991350174
[epoch 83, batch 80]Loss:0.10438800603151321
[epoch 83, batch 90]Loss:0.2547089159488678
[epoch 83, batch 100]Loss:0.23490095138549805
[epoch 83, batch 110]Loss:0.21300151944160461
[epoch 83, batch 120]Loss:0.21215936541557312
[epoch 83, batch 130]Loss:0.21212339401245117
[epoch 83, batch 140]Loss:0.12285462021827698
[epoch 83, batch 150]Loss:0.2126075029373169
[epoch 83, batch 160]Loss:0.04484378173947334
[train] MAP:0.607650818457862, MRR:0.6124034478852116
[eval] MAP:0.6727891156462585, MRR:0.6750377928949357
[epoch 84, batch 10]Loss:0.2399403154850006
[epoch 84, batch 20]Loss:0.1892315149307251
[epoch 84, batch 30]Loss:0.18930327892303467
[epoch 84, batch 40]Loss:0.16662949323654175
[epoch 84, batch 50]Loss:0.2357676774263382
[epoch 84, batch 60]Loss:0.09867848455905914
[epoch 84, batch 70]Loss:0.18934285640716553
[epoch 84, batch 80]Loss:0.23466697335243225
[epoch 84, batch 90]Loss:0.14516983926296234
[epoch 84, batch 100]Loss:0.19067776203155518
[epoch 84, batch 110]Loss:0.29826244711875916
[epoch 84, batch 120]Loss:0.18925297260284424
[epoch 84, batch 130]Loss:0.28946441411972046
[epoch 84, batch 140]Loss:0.1668093204498291
[epoch 84, batch 150]Loss:0.19040951132774353
[epoch 84, batch 160]Loss:0.053211510181427
[train] MAP:0.607650818457862, MRR:0.6124034478852116
[eval] MAP:0.6727891156462585, MRR:0.6750377928949357
[epoch 85, batch 10]Loss:0.21311387419700623
[epoch 85, batch 20]Loss:0.2588472366333008
[epoch 85, batch 30]Loss:0.2551652789115906
[epoch 85, batch 40]Loss:0.32117247581481934
[epoch 85, batch 50]Loss:0.19010046124458313
[epoch 85, batch 60]Loss:0.21264946460723877
[epoch 85, batch 70]Loss:0.11748479306697845
[epoch 85, batch 80]Loss:0.16738829016685486
[epoch 85, batch 90]Loss:0.256428599357605
[epoch 85, batch 100]Loss:0.1892382800579071
[epoch 85, batch 110]Loss:0.2586551010608673
[epoch 85, batch 120]Loss:0.14359146356582642
[epoch 85, batch 130]Loss:0.2133166491985321
[epoch 85, batch 140]Loss:0.16605976223945618
[epoch 85, batch 150]Loss:0.2127106487751007
[epoch 85, batch 160]Loss:0.4227946698665619
[train] MAP:0.607650818457862, MRR:0.6124034478852116
[eval] MAP:0.6727891156462585, MRR:0.6750377928949357
[epoch 86, batch 10]Loss:0.12398165464401245
[epoch 86, batch 20]Loss:0.25611555576324463
[epoch 86, batch 30]Loss:0.12191443145275116
[epoch 86, batch 40]Loss:0.16699495911598206
[epoch 86, batch 50]Loss:0.1893407702445984
[epoch 86, batch 60]Loss:0.16596198081970215
[epoch 86, batch 70]Loss:0.25744810700416565
[epoch 86, batch 80]Loss:0.23380091786384583
[epoch 86, batch 90]Loss:0.23653358221054077
[epoch 86, batch 100]Loss:0.3163764476776123
[epoch 86, batch 110]Loss:0.12088525295257568
[epoch 86, batch 120]Loss:0.18960607051849365
[epoch 86, batch 130]Loss:0.12202951312065125
[epoch 86, batch 140]Loss:0.21287964284420013
[epoch 86, batch 150]Loss:0.26044517755508423
[epoch 86, batch 160]Loss:0.4068346917629242
[train] MAP:0.607650818457862, MRR:0.6124034478852116
[eval] MAP:0.6727891156462585, MRR:0.6750377928949357
[epoch 87, batch 10]Loss:0.21236686408519745
[epoch 87, batch 20]Loss:0.21209749579429626
[epoch 87, batch 30]Loss:0.2121405303478241
[epoch 87, batch 40]Loss:0.18921121954917908
[epoch 87, batch 50]Loss:0.23427850008010864
[epoch 87, batch 60]Loss:0.1898181438446045
[epoch 87, batch 70]Loss:0.1895679235458374
[epoch 87, batch 80]Loss:0.18936282396316528
[epoch 87, batch 90]Loss:0.23691093921661377
[epoch 87, batch 100]Loss:0.2124415785074234
[epoch 87, batch 110]Loss:0.12451964616775513
[epoch 87, batch 120]Loss:0.23513485491275787
[epoch 87, batch 130]Loss:0.16524235904216766
[epoch 87, batch 140]Loss:0.21221382915973663
[epoch 87, batch 150]Loss:0.1662590503692627
[epoch 87, batch 160]Loss:0.051954030990600586
[train] MAP:0.607650818457862, MRR:0.6124034478852116
[eval] MAP:0.6727891156462585, MRR:0.6750377928949357
[epoch 88, batch 10]Loss:0.1663856953382492
[epoch 88, batch 20]Loss:0.25656434893608093
[epoch 88, batch 30]Loss:0.21220502257347107
[epoch 88, batch 40]Loss:0.3068110942840576
[epoch 88, batch 50]Loss:0.2572243809700012
[epoch 88, batch 60]Loss:0.2576776146888733
[epoch 88, batch 70]Loss:0.1892523616552353
[epoch 88, batch 80]Loss:0.1898813545703888
[epoch 88, batch 90]Loss:0.14499905705451965
[epoch 88, batch 100]Loss:0.12273018062114716
[epoch 88, batch 110]Loss:0.18946218490600586
[epoch 88, batch 120]Loss:0.21282479166984558
[epoch 88, batch 130]Loss:0.18975546956062317
[epoch 88, batch 140]Loss:0.2121756374835968
[epoch 88, batch 150]Loss:0.32694900035858154
[epoch 88, batch 160]Loss:0.42404377460479736
[train] MAP:0.607650818457862, MRR:0.6124034478852116
[eval] MAP:0.6727891156462585, MRR:0.6750377928949357
[epoch 89, batch 10]Loss:0.16689929366111755
[epoch 89, batch 20]Loss:0.16611748933792114
[epoch 89, batch 30]Loss:0.18920904397964478
[epoch 89, batch 40]Loss:0.21253986656665802
[epoch 89, batch 50]Loss:0.1657288670539856
[epoch 89, batch 60]Loss:0.2587423324584961
[epoch 89, batch 70]Loss:0.1685350239276886
[epoch 89, batch 80]Loss:0.2793771028518677
[epoch 89, batch 90]Loss:0.1414840817451477
[epoch 89, batch 100]Loss:0.2625214457511902
[epoch 89, batch 110]Loss:0.18969279527664185
[epoch 89, batch 120]Loss:0.15078039467334747
[epoch 89, batch 130]Loss:0.2121313512325287
[epoch 89, batch 140]Loss:0.21209412813186646
[epoch 89, batch 150]Loss:0.2126619517803192
[epoch 89, batch 160]Loss:0.05166482925415039
[train] MAP:0.607650818457862, MRR:0.6124034478852116
[eval] MAP:0.6727891156462585, MRR:0.6750377928949357
[epoch 90, batch 10]Loss:0.16576001048088074
[epoch 90, batch 20]Loss:0.18921443819999695
[epoch 90, batch 30]Loss:0.21391965448856354
[epoch 90, batch 40]Loss:0.18924622237682343
[epoch 90, batch 50]Loss:0.16719207167625427
[epoch 90, batch 60]Loss:0.1445000320672989
[epoch 90, batch 70]Loss:0.18921509385108948
[epoch 90, batch 80]Loss:0.283793181180954
[epoch 90, batch 90]Loss:0.21209940314292908
[epoch 90, batch 100]Loss:0.1440146267414093
[epoch 90, batch 110]Loss:0.1218380257487297
[epoch 90, batch 120]Loss:0.1897505223751068
[epoch 90, batch 130]Loss:0.16688939929008484
[epoch 90, batch 140]Loss:0.12495506554841995
[epoch 90, batch 150]Loss:0.3444686532020569
[epoch 90, batch 160]Loss:0.06425756961107254
[train] MAP:0.607650818457862, MRR:0.6124034478852116
[eval] MAP:0.6727891156462585, MRR:0.6750377928949357
[epoch 91, batch 10]Loss:0.25851818919181824
[epoch 91, batch 20]Loss:0.23792533576488495
[epoch 91, batch 30]Loss:0.14323315024375916
[epoch 91, batch 40]Loss:0.2796594798564911
[epoch 91, batch 50]Loss:0.21266168355941772
[epoch 91, batch 60]Loss:0.11858227849006653
[epoch 91, batch 70]Loss:0.1896345019340515
[epoch 91, batch 80]Loss:0.2127082198858261
[epoch 91, batch 90]Loss:0.14400725066661835
[epoch 91, batch 100]Loss:0.14876246452331543
[epoch 91, batch 110]Loss:0.27690309286117554
[epoch 91, batch 120]Loss:0.1685524880886078
[epoch 91, batch 130]Loss:0.18949085474014282
[epoch 91, batch 140]Loss:0.07347428798675537
[epoch 91, batch 150]Loss:0.1893438994884491
[epoch 91, batch 160]Loss:0.04865114390850067
[train] MAP:0.607650818457862, MRR:0.6124034478852116
[eval] MAP:0.6727891156462585, MRR:0.6750377928949357
[epoch 92, batch 10]Loss:0.09624305367469788
[epoch 92, batch 20]Loss:0.1478985846042633
[epoch 92, batch 30]Loss:0.18987494707107544
[epoch 92, batch 40]Loss:0.21211665868759155
[epoch 92, batch 50]Loss:0.11977577209472656
[epoch 92, batch 60]Loss:0.23838120698928833
[epoch 92, batch 70]Loss:0.12632569670677185
[epoch 92, batch 80]Loss:0.1229059100151062
[epoch 92, batch 90]Loss:0.1401083767414093
[epoch 92, batch 100]Loss:0.1902877539396286
[epoch 92, batch 110]Loss:0.1676241159439087
[epoch 92, batch 120]Loss:0.2557014524936676
[epoch 92, batch 130]Loss:0.16751447319984436
[epoch 92, batch 140]Loss:0.16553586721420288
[epoch 92, batch 150]Loss:0.14150327444076538
[epoch 92, batch 160]Loss:0.7736828923225403
[train] MAP:0.607650818457862, MRR:0.6124034478852116
[eval] MAP:0.6727891156462585, MRR:0.6750377928949357
[epoch 93, batch 10]Loss:0.146819606423378
[epoch 93, batch 20]Loss:0.14352725446224213
[epoch 93, batch 30]Loss:0.12057245522737503
[epoch 93, batch 40]Loss:0.11828626692295074
[epoch 93, batch 50]Loss:0.23563933372497559
[epoch 93, batch 60]Loss:0.1257907897233963
[epoch 93, batch 70]Loss:0.14216652512550354
[epoch 93, batch 80]Loss:0.1892290711402893
[epoch 93, batch 90]Loss:0.2789337635040283
[epoch 93, batch 100]Loss:0.14626705646514893
[epoch 93, batch 110]Loss:0.28276821970939636
[epoch 93, batch 120]Loss:0.30914396047592163
[epoch 93, batch 130]Loss:0.18954998254776
[epoch 93, batch 140]Loss:0.19084462523460388
[epoch 93, batch 150]Loss:0.12225814163684845
[epoch 93, batch 160]Loss:0.04819673299789429
[train] MAP:0.607650818457862, MRR:0.6124034478852116
[eval] MAP:0.6727891156462585, MRR:0.6750377928949357
[epoch 94, batch 10]Loss:0.18922260403633118
[epoch 94, batch 20]Loss:0.11766628175973892
[epoch 94, batch 30]Loss:0.14161288738250732
[epoch 94, batch 40]Loss:0.25801849365234375
[epoch 94, batch 50]Loss:0.28061914443969727
[epoch 94, batch 60]Loss:0.23389066755771637
[epoch 94, batch 70]Loss:0.27827969193458557
[epoch 94, batch 80]Loss:0.27874162793159485
[epoch 94, batch 90]Loss:0.23494118452072144
[epoch 94, batch 100]Loss:0.07619401812553406
[epoch 94, batch 110]Loss:0.2604319751262665
[epoch 94, batch 120]Loss:0.23709836602210999
[epoch 94, batch 130]Loss:0.14370980858802795
[epoch 94, batch 140]Loss:0.25905853509902954
[epoch 94, batch 150]Loss:0.2798725962638855
[epoch 94, batch 160]Loss:0.059809066355228424
[train] MAP:0.607650818457862, MRR:0.6124034478852116
[eval] MAP:0.6727891156462585, MRR:0.6750377928949357
[epoch 95, batch 10]Loss:0.16559599339962006
[epoch 95, batch 20]Loss:0.21337318420410156
[epoch 95, batch 30]Loss:0.18921944499015808
[epoch 95, batch 40]Loss:0.18982747197151184
[epoch 95, batch 50]Loss:0.07737722992897034
[epoch 95, batch 60]Loss:0.2574033737182617
[epoch 95, batch 70]Loss:0.23414361476898193
[epoch 95, batch 80]Loss:0.21210864186286926
[epoch 95, batch 90]Loss:0.2126002311706543
[epoch 95, batch 100]Loss:0.26135778427124023
[epoch 95, batch 110]Loss:0.14196939766407013
[epoch 95, batch 120]Loss:0.1673509031534195
[epoch 95, batch 130]Loss:0.32022976875305176
[epoch 95, batch 140]Loss:0.21209415793418884
[epoch 95, batch 150]Loss:0.18921232223510742
[epoch 95, batch 160]Loss:0.41932934522628784
[train] MAP:0.607650818457862, MRR:0.6124034478852116
[eval] MAP:0.6727891156462585, MRR:0.6750377928949357
[epoch 96, batch 10]Loss:0.27476978302001953
[epoch 96, batch 20]Loss:0.21211886405944824
[epoch 96, batch 30]Loss:0.2631129026412964
[epoch 96, batch 40]Loss:0.25850850343704224
[epoch 96, batch 50]Loss:0.14534837007522583
[epoch 96, batch 60]Loss:0.21253938972949982
[epoch 96, batch 70]Loss:0.1217900738120079
[epoch 96, batch 80]Loss:0.1907268464565277
[epoch 96, batch 90]Loss:0.2121371030807495
[epoch 96, batch 100]Loss:0.2592824697494507
[epoch 96, batch 110]Loss:0.2122339904308319
[epoch 96, batch 120]Loss:0.2120930403470993
[epoch 96, batch 130]Loss:0.16572728753089905
[epoch 96, batch 140]Loss:0.18921205401420593
[epoch 96, batch 150]Loss:0.1420697569847107
[epoch 96, batch 160]Loss:0.42265263199806213
[train] MAP:0.607650818457862, MRR:0.6124034478852116
[eval] MAP:0.6727891156462585, MRR:0.6750377928949357
[epoch 97, batch 10]Loss:0.21239551901817322
[epoch 97, batch 20]Loss:0.23491668701171875
[epoch 97, batch 30]Loss:0.3017962574958801
[epoch 97, batch 40]Loss:0.2122848927974701
[epoch 97, batch 50]Loss:0.2347034215927124
[epoch 97, batch 60]Loss:0.1658744215965271
[epoch 97, batch 70]Loss:0.21255160868167877
[epoch 97, batch 80]Loss:0.11967305839061737
[epoch 97, batch 90]Loss:0.21247267723083496
[epoch 97, batch 100]Loss:0.25697991251945496
[epoch 97, batch 110]Loss:0.19015634059906006
[epoch 97, batch 120]Loss:0.2584516406059265
[epoch 97, batch 130]Loss:0.142959862947464
[epoch 97, batch 140]Loss:0.27796870470046997
[epoch 97, batch 150]Loss:0.12543056905269623
[epoch 97, batch 160]Loss:0.4301036298274994
[train] MAP:0.607650818457862, MRR:0.6124034478852116
[eval] MAP:0.6727891156462585, MRR:0.6750377928949357
[epoch 98, batch 10]Loss:0.1654123067855835
[epoch 98, batch 20]Loss:0.32183074951171875
[epoch 98, batch 30]Loss:0.2547715902328491
[epoch 98, batch 40]Loss:0.1466367095708847
[epoch 98, batch 50]Loss:0.2879050374031067
[epoch 98, batch 60]Loss:0.33338820934295654
[epoch 98, batch 70]Loss:0.14581751823425293
[epoch 98, batch 80]Loss:0.21210280060768127
[epoch 98, batch 90]Loss:0.14274927973747253
[epoch 98, batch 100]Loss:0.18937185406684875
[epoch 98, batch 110]Loss:0.18935878574848175
[epoch 98, batch 120]Loss:0.2559310793876648
[epoch 98, batch 130]Loss:0.10008595883846283
[epoch 98, batch 140]Loss:0.23561671376228333
[epoch 98, batch 150]Loss:0.16504371166229248
[epoch 98, batch 160]Loss:0.047330841422080994
[train] MAP:0.607650818457862, MRR:0.6124034478852116
[eval] MAP:0.6727891156462585, MRR:0.6750377928949357
[epoch 99, batch 10]Loss:0.2634298503398895/home/xh2018/anaconda3/lib/python3.6/site-packages/h5py/__init__.py:36: FutureWarning: Conversion of the second argument of issubdtype from `float` to `np.floating` is deprecated. In future, it will be treated as `np.float64 == np.dtype(float).type`.
  from ._conv import register_converters as _register_converters

[epoch 99, batch 20]Loss:0.16495731472969055
[epoch 99, batch 30]Loss:0.1892576515674591
[epoch 99, batch 40]Loss:0.258975088596344
[epoch 99, batch 50]Loss:0.3267550766468048
[epoch 99, batch 60]Loss:0.0843811184167862
[epoch 99, batch 70]Loss:0.25685352087020874
[epoch 99, batch 80]Loss:0.335734486579895
[epoch 99, batch 90]Loss:0.14258091151714325
[epoch 99, batch 100]Loss:0.25752031803131104
[epoch 99, batch 110]Loss:0.1892278790473938
[epoch 99, batch 120]Loss:0.14227436482906342
[epoch 99, batch 130]Loss:0.10120702534914017
[epoch 99, batch 140]Loss:0.2338172197341919
[epoch 99, batch 150]Loss:0.2760755121707916
[epoch 99, batch 160]Loss:0.06229305639863014
[train] MAP:0.607650818457862, MRR:0.6124034478852116
[eval] MAP:0.6727891156462585, MRR:0.6750377928949357
total time:   6839.089731216431
